;(c) SBS data autogenerated by JetVision: 09.09.06 12:48:41
;EKVD - 26 
$TYPE=2
55.436944+9.3363888
55.435277+9.3255555
-1
;EKVD - 19 
$TYPE=2
55.439444+9.3327777
55.431111+9.3286111
-1
;EKCH - 22R
$TYPE=1
55.616666+12.641111
55.591388+12.605
-1
;EKCH - 30 
$TYPE=1
55.6125+12.670555
55.626666+12.628611
-1
;EKCH - 22L
$TYPE=1
55.625277+12.6675
55.6025+12.633611
-1
;EKOD - 31 
$TYPE=1
55.472777+10.342777
55.476666+10.334166
-1
;EKOD - 24 
$TYPE=1
55.479722+10.340555
55.471111+10.315555
-1
;EKRK - 29 
$TYPE=2
55.583055+12.140277
55.589722+12.115277
-1
;EKRK - 21 
$TYPE=2
55.59+12.136111
55.578333+12.124166
-1
;EKRN - 29 
$TYPE=1
55.059722+14.773888
55.066666+14.745
-1
;EKBI - 27 
$TYPE=1
55.741111+9.1816666
55.739166+9.1322222
-1
;EKEB - 26 
$TYPE=1
55.528055+8.5738888
55.523333+8.5336111
-1
;EKMB - 28 
$TYPE=2
54.698888+11.447777
54.7+11.429166
-1
;EKSP - 29R
$TYPE=1
55.2175+9.2894444
55.224166+9.2433333
-1
;EKSP - 29L
$TYPE=1
55.215555+9.2883333
55.221944+9.2427777
-1
;EKPB - 23 
$TYPE=2
54.873611+9.285
54.866666+9.2730555
-1
;EKHV - 28 
$TYPE=2
55.301388+9.5333333
55.3025+9.5158333
-1
;EKSB - 32 
$TYPE=2
54.956666+9.8030555
54.968611+9.7841666
-1
;LKLN - 24 
$TYPE=2
49.678611+13.283333
49.671388+13.266388
-1
;LKHV - 25 
$TYPE=1
49.851944+13.906111
49.844166+13.881111
-1
;LKPM - 24R
$TYPE=1
49.723055+14.105555
49.715555+14.089444
-1
;LKPM - 24L
$TYPE=1
49.726388+14.115
49.713055+14.086944
-1
;LKMH - 25R
$TYPE=2
50.541944+15.010833
50.538333+14.998333
-1
;LKMH - 25L
$TYPE=2
50.543055+15.016666
50.537222+14.996666
-1
;LKMT - 22 
$TYPE=1
49.707222+18.128333
49.685277+18.093333
-1
;LKKV - 29 
$TYPE=1
50.199166+12.928888
50.206388+12.900833
-1
;LKVO - 28 
$TYPE=1
50.213611+14.412777
50.219722+14.378888
-1
;LKPR - 24 
$TYPE=1
50.115833+14.273333
50.101666+14.226111
-1
;LKPR - 31 
$TYPE=1
50.090555+14.281666
50.108055+14.245277
-1
;LKPR - 22 
$TYPE=1
50.103055+14.284444
50.087777+14.266666
-1
;LKTB - 28 
$TYPE=1
49.149722+16.711944
49.152222+16.675833
-1
;LKPD - 27 
$TYPE=1
50.012777+15.756111
50.013611+15.721111
-1
;LKCV - 32 
$TYPE=1
49.931666+15.393055
49.947222+15.369722
-1
;LKHK - 34R
$TYPE=1
50.243333+15.852222
50.262777+15.8375
-1
;LKNA - 31 
$TYPE=1
49.158888+16.1375
49.172222+16.111666
-1
;LKKB - 24 
$TYPE=1
50.125555+14.555833
50.116944+14.531388
-1
;LKPO - 24 
$TYPE=1
49.430555+17.420555
49.420833+17.389722
-1
;LKPC - 27 
$TYPE=1
50.306944+13.951666
50.304722+13.916666
-1
;EDCM - 21R
$TYPE=2
51.301666+14.131111
51.293333+14.1225
-1
;EDCM - 21 
$TYPE=2
51.300277+14.133333
51.291944+14.125
-1
;EDCO - 29 
$TYPE=2
51.265555+10.644722
51.269722+10.625
-1
;ETEJ - 22 
$TYPE=2
49.925+10.919444
49.916388+10.910277
-1
;ETIH - 27 
$TYPE=2
49.218055+11.840555
49.218055+11.831388
-1
;EDLV - 27 
$TYPE=1
51.601944+6.1597222
51.601944+6.1244444
-1
;EDFE - 27L
$TYPE=2
49.959166+8.6513888
49.958611+8.6419444
-1
;EDFE - 27 
$TYPE=2
49.961388+8.6511111
49.96+8.6316666
-1
;EDFV - 24R
$TYPE=2
49.609166+8.3727777
49.605+8.3616666
-1
;EDFV - 24 
$TYPE=2
49.608333+8.3730555
49.604722+8.3636111
-1
;ETHR - 27 
$TYPE=2
49.217777+11.103888
49.217222+11.096666
-1
;EDLS - 29 
$TYPE=2
51.994444+6.8472222
51.996666+6.8333333
-1
;EDBJ - 26 
$TYPE=2
50.915555+11.7175
50.914166+11.709166
-1
;EDBJ - 20 
$TYPE=2
50.920277+11.7175
50.91+11.712222
-1
;EDAQ - 29 
$TYPE=2
51.55+12.06
51.553888+12.045
-1
;EDFQ - 29 
$TYPE=2
51.033055+8.6888888
51.036944+8.6722222
-1
;EDXW - 32 
$TYPE=1
54.903888+8.3522222
54.919166+8.3322222
-1
;EDXW - 24 
$TYPE=1
54.917222+8.3519444
54.909444+8.3291666
-1
;EDRK - 24 
$TYPE=2
50.328055+7.535
50.322222+7.5211111
-1
;EDDF - 25R
$TYPE=1
50.045+8.5869444
50.031388+8.535
-1
;EDDF - 36 
$TYPE=1
49.998333+8.5261111
50.034166+8.5241666
-1
;EDDF - 25L
$TYPE=1
50.04+8.5866666
50.026388+8.5347222
-1
;ETSH - 27 
$TYPE=1
51.767222+13.185277
51.7675+13.15
-1
;ETID - 28 
$TYPE=2
50.168333+8.9677777
50.169444+8.955
-1
;EDDI - 27R
$TYPE=1
52.475555+13.418055
52.473611+13.387222
-1
;EDDI - 27L
$TYPE=1
52.471388+13.418611
52.470277+13.391388
-1
;EDKZ - 25 
$TYPE=2
51.101944+7.6108333
51.098611+7.595
-1
;ETHS - 27 
$TYPE=1
52.919166+10.201944
52.918888+10.165555
-1
;ETHS - 27R
$TYPE=1
52.92+10.193888
52.919444+10.178888
-1
;ETHS - 24 
$TYPE=1
52.914166+10.197222
52.9125+10.191944
-1
;EDWB - 34 
$TYPE=2
53.501944+8.5755555
53.512222+8.57
-1
;EDWB - 25 
$TYPE=2
53.504444+8.5788888
53.502222+8.5697222
-1
;EDHK - 26R
$TYPE=2
54.381666+10.1475
54.381111+10.140555
-1
;EDHK - 26 
$TYPE=2
54.380277+10.154722
54.378333+10.135555
-1
;ETHN - 25 
$TYPE=2
49.393055+9.9647222
49.390277+9.9513888
-1
;EDUT - 27 
$TYPE=2
53.028888+13.523611
53.028611+13.508611
-1
;EDAH - 28L
$TYPE=1
53.878055+14.151111
53.879444+14.142222
-1
;EDAH - 28 
$TYPE=1
53.876111+14.168333
53.881388+14.134444
-1
;ETNS - 25 
$TYPE=1
54.460555+9.5319444
54.455277+9.5025
-1
;ETNS - 23 
$TYPE=1
54.466666+9.5302777
54.451388+9.5030555
-1
;EDAY - 23L
$TYPE=2
52.583055+13.923333
52.575555+13.910277
-1
;EDAY - 23 
$TYPE=2
52.583611+13.922222
52.576111+13.909166
-1
;EDDP - 26 
$TYPE=1
51.433611+12.2675
51.430277+12.215833
-1
;EDBR - 36 
$TYPE=1
51.351944+14.950277
51.374444+14.948888
-1
;EDRT - 23 
$TYPE=2
49.867222+6.7947222
49.859444+6.7833333
-1
;EDDW - 27 
$TYPE=1
53.047222+8.8047222
53.046388+8.7741666
-1
;EDDW - 23 
$TYPE=1
53.046388+8.7925
53.0425+8.7844444
-1
;EDAB - 25R
$TYPE=1
51.194444+14.519444
51.191944+14.505833
-1
;EDAB - 25 
$TYPE=1
51.196388+14.534722
51.19+14.505
-1
;EDQD - 24 
$TYPE=2
49.987222+11.646944
49.982222+11.633888
-1
;EDQM - 27 
$TYPE=2
50.288888+11.864444
50.287777+11.843611
-1
;EDLN - 31 
$TYPE=2
51.226944+6.5111111
51.233333+6.4972222
-1
;EDAC - 22 
$TYPE=1
50.989166+12.516388
50.973611+12.496388
-1
;ETNG - 27 
$TYPE=1
50.960555+6.0633333
50.96+6.0197222
-1
;EDVE - 26L
$TYPE=2
52.318055+10.561666
52.316944+10.548611
-1
;EDVE - 26 
$TYPE=2
52.319722+10.566666
52.317777+10.542222
-1
;EDDT - 26R
$TYPE=1
52.561944+13.309722
52.556666+13.265833
-1
;EDDT - 26L
$TYPE=1
52.56+13.310277
52.555833+13.275
-1
;ETAR - 27 
$TYPE=1
49.437777+7.6197222
49.435555+7.5808333
-1
;ETAR - 26 
$TYPE=1
49.436388+7.6225
49.431944+7.5788888
-1
;ETNU - 27 
$TYPE=1
53.602222+13.323333
53.601111+13.288611
-1
;EDAU - 30 
$TYPE=2
51.290555+13.363888
51.295+13.351388
-1
;EDAU - 27 
$TYPE=2
51.297222+13.352777
51.297777+13.341944
-1
;EDDK - 32L
$TYPE=1
50.858611+7.1386111
50.870555+7.1202777
-1
;EDDK - 32R
$TYPE=1
50.855277+7.1655555
50.88+7.1277777
-1
;EDDK - 24 
$TYPE=1
50.869722+7.1552777
50.859722+7.1241666
-1
;ETSB - 21 
$TYPE=1
50.183611+7.0719444
50.163611+7.0552777
-1
;EDUS - 27L
$TYPE=2
51.606944+13.7475
51.606388+13.734722
-1
;EDUS - 27 
$TYPE=2
51.6075+13.746666
51.606944+13.729444
-1
;EDHL - 25 
$TYPE=1
53.807777+10.732222
53.801388+10.702222
-1
;EDAM - 26 
$TYPE=2
51.363888+11.948888
51.361944+11.932777
-1
;EDLP - 24 
$TYPE=1
51.619444+8.6294444
51.608611+8.6033333
-1
;ETIN - 25 
$TYPE=2
49.744444+10.205555
49.741388+10.195555
-1
;EDDG - 25 
$TYPE=1
52.137777+7.7
52.130833+7.6702777
-1
;ETHF - 30 
$TYPE=2
51.112222+9.2925
51.116388+9.2791666
-1
;EDRY - 35L
$TYPE=2
49.298888+8.4519444
49.3075+8.4480555
-1
;EDRY - 35 
$TYPE=2
49.2975+8.4533333
49.308055+8.4483333
-1
;ETOU - 25 
$TYPE=1
50.0525+8.3397222
50.046388+8.3111111
-1
;EDAV - 28 
$TYPE=1
52.825277+13.711944
52.828333+13.674722
-1
;EDLA - 23 
$TYPE=2
51.486388+7.9052777
51.480833+7.8952777
-1
;EDBT - 25 
$TYPE=2
51.380555+11.445277
51.376666+11.429166
-1
;EDWI - 34 
$TYPE=2
53.502222+8.0541666
53.5075+8.0508333
-1
;EDWI - 20 
$TYPE=2
53.51+8.0563888
53.497777+8.0480555
-1
;EDDR - 27R
$TYPE=1
49.216111+7.1197222
49.215833+7.1122222
-1
;EDDR - 27 
$TYPE=1
49.215+7.1236111
49.213611+7.0961111
-1
;EDDL - 23R
$TYPE=1
51.298333+6.7797222
51.283055+6.7494444
-1
;EDDL - 23L
$TYPE=1
51.295833+6.7861111
51.278888+6.7525
-1
;EDOV - 26R
$TYPE=1
52.629444+11.82
52.628333+11.809722
-1
;EDOV - 26 
$TYPE=1
52.629722+11.834722
52.626944+11.805555
-1
;EDVK - 22R
$TYPE=2
51.410833+9.3777777
51.405833+9.3713888
-1
;EDVK - 22 
$TYPE=2
51.4125+9.3833333
51.401944+9.3697222
-1
;EDQE - 26R
$TYPE=2
49.794722+11.138055
49.794166+11.128333
-1
;EDQE - 26 
$TYPE=2
49.793611+11.139166
49.793055+11.125555
-1
;EDAX - 26 
$TYPE=1
53.309166+12.770555
53.303611+12.735833
-1
;EDAK - 30 
$TYPE=1
51.303611+13.570277
51.312777+13.538888
-1
;EDKV - 24 
$TYPE=2
50.408333+6.5344444
50.403055+6.5216666
-1
;EDUW - 35 
$TYPE=1
53.9125+13.221388
53.931944+13.214444
-1
;ETHB - 26 
$TYPE=1
52.280277+9.0952777
52.276388+9.0691666
-1
;EDDC - 22 
$TYPE=1
51.141388+13.778888
51.123888+13.756388
-1
;ETNN - 25 
$TYPE=1
50.835555+6.6738888
50.826388+6.6425
-1
;EDDV - 27L
$TYPE=1
52.454166+9.7111111
52.455+9.6766666
-1
;EDDV - 27R
$TYPE=1
52.466944+9.7041666
52.4675+9.6480555
-1
;EDDV - 27C
$TYPE=1
52.464444+9.6952777
52.464444+9.6838888
-1
;EDLE - 25 
$TYPE=2
51.405833+6.9497222
51.399722+6.9297222
-1
;EDUF - 26 
$TYPE=2
51.548888+13.2375
51.546666+13.220555
-1
;EDRZ - 21 
$TYPE=1
49.221111+7.4108333
49.197777+7.3911111
-1
;EDGS - 31 
$TYPE=2
50.703888+8.0908333
50.712777+8.0725
-1
;EDGS - 31R
$TYPE=2
50.708888+8.0822222
50.712222+8.0752777
-1
;EDGS - 22 
$TYPE=2
50.706666+8.0883333
50.703055+8.0838888
-1
;EDFZ - 26L
$TYPE=2
49.968611+8.155
49.966388+8.1413888
-1
;EDFZ - 26 
$TYPE=2
49.97+8.155
49.9675+8.1416666
-1
;EDDE - 28 
$TYPE=1
50.978055+10.976388
50.980833+10.939444
-1
;EDHI - 23 
$TYPE=1
53.543333+9.8527777
53.528055+9.8222222
-1
;ETIC - 32 
$TYPE=2
49.695+11.944444
49.702222+11.935833
-1
;EDON - 26 
$TYPE=1
52.614444+14.260277
52.611944+14.225
-1
;EDBW - 26 
$TYPE=2
52.6325+13.786666
52.630833+13.764722
-1
;EDWY - 27 
$TYPE=2
53.707222+7.2377777
53.705833+7.2227777
-1
;EDXR - 30 
$TYPE=2
54.216944+9.6063888
54.219166+9.5980555
-1
;EDXR - 21 
$TYPE=2
54.224444+9.605
54.216666+9.5988888
-1
;ETUO - 27 
$TYPE=1
51.9225+8.3227777
51.9225+8.29
-1
;EDFH - 21 
$TYPE=1
49.960277+7.2752777
49.931111+7.2477777
-1
;EDDB - 25R
$TYPE=1
52.388888+13.554166
52.379444+13.5175
-1
;EDDB - 25L
$TYPE=1
52.3775+13.526111
52.366944+13.485555
-1
;ETEU - 26 
$TYPE=1
49.65+9.9808333
49.645277+9.9519444
-1
;EDDH - 33 
$TYPE=1
53.625+10.000555
53.653888+9.9736111
-1
;EDDH - 23 
$TYPE=1
53.636944+10.001666
53.617777+9.9644444
-1
;ETOR - 23 
$TYPE=2
49.566111+8.4683333
49.560555+8.4591666
-1
;EDOP - 24 
$TYPE=1
53.432777+11.803888
53.42+11.763888
-1
;ETHC - 26 
$TYPE=1
52.5925+10.035555
52.589722+10.008888
-1
;EDBH - 27R
$TYPE=2
54.339722+12.716666
54.339444+12.702777
-1
;EDBH - 27 
$TYPE=2
54.338055+12.719444
54.337777+12.700833
-1
;EDLW - 24 
$TYPE=1
51.523611+7.6269444
51.514722+7.6019444
-1
;ETNH - 26 
$TYPE=1
54.314166+9.5566666
54.309166+9.52
-1
;EDGE - 28 
$TYPE=2
50.990277+10.488055
50.993611+10.463888
-1
;ETNL - 28 
$TYPE=1
53.916388+12.298055
53.918611+12.26
-1
;EDCY - 22 
$TYPE=1
51.586111+14.147777
51.571388+14.131111
-1
;ETNJ - 28 
$TYPE=1
53.531388+7.9069444
53.535+7.87
-1
;EDWR - 30 
$TYPE=2
53.591111+6.7133333
53.595+6.7016666
-1
;EDWR - 31 
$TYPE=2
53.589166+6.7213888
53.594722+6.7097222
-1
;EDWR - 23 
$TYPE=2
53.5975+6.7130555
53.5925+6.7041666
-1
;EDDN - 28 
$TYPE=1
49.496944+11.096111
49.5+11.058888
-1
;ETNW - 26 
$TYPE=1
52.458611+9.4408333
52.455555+9.4136111
-1
;ETNW - 26L
$TYPE=1
52.456388+9.4322222
52.454722+9.4163888
-1
;ETNW - 21 
$TYPE=1
52.458611+9.4383333
52.444722+9.4277777
-1
;EDWE - 25 
$TYPE=2
53.392777+7.2358333
53.388888+7.2172222
-1
;ETND - 26 
$TYPE=2
52.586111+8.3502777
52.585+8.3313888
-1
;EDRB - 24 
$TYPE=1
49.952777+6.5816666
49.936111+6.5475
-1
;ETMN - 26 
$TYPE=1
53.77+8.6766666
53.765+8.6405555
-1
;ETAD - 23 
$TYPE=1
49.986388+6.7133333
49.966388+6.6841666
-1
;ETHM - 26 
$TYPE=2
50.367777+7.3263888
50.363611+7.3044444
-1
;ETOI - 28 
$TYPE=2
49.6325+11.774444
49.634444+11.76
-1
;EDQT - 29 
$TYPE=2
50.016111+10.536388
50.02+10.522222
-1
;ETNT - 26 
$TYPE=1
53.550277+7.6852777
53.545+7.6494444
-1
;EDFM - 27R
$TYPE=2
49.473055+8.5202777
49.473055+8.5105555
-1
;EDFM - 27 
$TYPE=2
49.4725+8.5208333
49.472777+8.5061111
-1
;EDCP - 31 
$TYPE=1
54.15+13.785277
54.165+13.758888
-1
;EDUB - 25 
$TYPE=2
52.440555+12.468611
52.435833+12.447777
-1
;EDCA - 27L
$TYPE=2
53.831666+13.676666
53.831388+13.663055
-1
;EDCA - 27 
$TYPE=2
53.832222+13.676666
53.831944+13.661388
-1
;EDAZ - 30 
$TYPE=2
52.205+13.162777
52.208055+13.153888
-1
;EDAZ - 25 
$TYPE=2
52.204444+13.166944
52.201388+13.15
-1
;EDBK - 32L
$TYPE=2
52.915+12.429444
52.921666+12.419722
-1
;EDBK - 32 
$TYPE=2
52.915277+12.43
52.921944+12.420277
-1
;EDAE - 29 
$TYPE=2
52.195277+14.593611
52.199444+14.577777
-1
;EDXF - 29 
$TYPE=2
54.769444+9.3858333
54.7725+9.3675
-1
;EDXF - 29R
$TYPE=2
54.771388+9.3880555
54.775+9.3702777
-1
;EDXF - 22 
$TYPE=2
54.775+9.3794444
54.770277+9.3722222
-1
;EDVM - 25 
$TYPE=2
52.181388+9.9541666
52.1775+9.9372222
-1
;EDBM - 27 
$TYPE=2
52.073888+11.633888
52.073333+11.619166
-1
;EDXJ - 21 
$TYPE=2
54.515277+9.1447222
54.504444+9.1325
-1
;ETHE - 27 
$TYPE=2
52.291388+7.3905555
52.290833+7.3830555
-1
;EDWF - 26 
$TYPE=2
53.2725+7.4511111
53.269444+7.4338888
-1
;EDTY - 28R
$TYPE=2
49.118055+9.7919444
49.118888+9.7816666
-1
;EDTY - 28 
$TYPE=2
49.117222+9.7941666
49.118888+9.7730555
-1
;EDAD - 27 
$TYPE=2
51.831666+12.191388
51.831388+12.176944
-1
;EDCD - 25R
$TYPE=1
51.893611+14.547222
51.8875+14.519722
-1
;EDCD - 25 
$TYPE=1
51.893611+14.548888
51.885277+14.515277
-1
;EDLI - 29 
$TYPE=2
51.962777+8.5533333
51.966388+8.5361111
-1
;LZZI - 24 
$TYPE=2
49.233611+18.620555
49.229166+18.606388
-1
;ELLX - 24 
$TYPE=1
49.635555+6.2355555
49.616388+6.1883333
-1
;EHDR - 26 
$TYPE=2
53.120277+6.1366666
53.118055+6.1230555
-1
;EHGG - 23 
$TYPE=2
53.125+6.5902777
53.114722+6.5697222
-1
;EHGG - 19 
$TYPE=2
53.130833+6.5802777
53.1175+6.5775
-1
;EHTW - 29 
$TYPE=1
52.265+6.8975
52.271111+6.87
-1
;EHTW - 24 
$TYPE=1
52.283611+6.9072222
52.267777+6.8716666
-1
;EPCH - 26 
$TYPE=1
50.885833+19.217222
50.883333+19.188888
-1
;EPSN - 29 
$TYPE=1
53.786666+15.843888
53.794722+15.808333
-1
;EPSD - 27L
$TYPE=2
53.391388+14.639166
53.393333+14.627222
-1
;EPPW - 29R
$TYPE=1
52.378611+17.866666
52.385277+17.828055
-1
;EPPW - 29L
$TYPE=1
52.374444+17.876666
52.383055+17.826666
-1
;EPBY - 26 
$TYPE=1
53.098333+17.996111
53.095277+17.958888
-1
;EPMB - 26 
$TYPE=1
54.033611+19.193611
54.028888+19.156111
-1
;EPMI - 30 
$TYPE=1
53.388611+16.098333
53.401111+16.066944
-1
;EPPR - 28 
$TYPE=1
54.246388+18.686388
54.248611+18.656388
-1
;EPPI - 21 
$TYPE=1
53.178333+16.721111
53.160277+16.701388
-1
;EPSK - 27 
$TYPE=1
54.479444+17.124444
54.479166+17.090277
-1
;EPLE - 26 
$TYPE=2
51.183888+16.189444
51.181111+16.166944
-1
;EPOK - 32 
$TYPE=1
54.571666+18.530555
54.5875+18.503055
-1
;EPOK - 27 
$TYPE=1
54.5875+18.530277
54.587222+18.521388
-1
;EPCE - 25 
$TYPE=1
54.418611+17.781944
54.412777+17.744444
-1
;EPKS - 30 
$TYPE=1
52.326388+16.982777
52.336111+16.949722
-1
;EPKS - 25 
$TYPE=1
52.3325+16.975833
52.327777+16.950833
-1
;EPLK - 29 
$TYPE=1
51.546944+19.195833
51.553055+19.161111
-1
;EPSO - 28 
$TYPE=1
52.194722+20.308333
52.201388+20.273333
-1
;EPKM - 23 
$TYPE=2
50.241388+19.04
50.234722+19.028333
-1
;EPKN - 29 
$TYPE=1
50.525277+18.1
50.532777+18.069722
-1
;EP63 - 29 
$TYPE=1
51.580555+20.110555
51.587777+20.084166
-1
;EPZG - 24 
$TYPE=1
52.143333+15.815
52.133611+15.781944
-1
;EPKT - 27 
$TYPE=1
50.474166+19.094166
50.473611+19.054722
-1
;EPSC - 31 
$TYPE=1
53.5775+14.916388
53.591666+14.886944
-1
;EPLL - 25R
$TYPE=2
51.723611+19.406388
51.719166+19.386666
-1
;EPGD - 29 
$TYPE=1
54.371388+18.491666
54.380833+18.451666
-1
;EPTO - 29L
$TYPE=2
53.027777+18.554722
53.030277+18.536111
-1
;EPTO - 29R
$TYPE=2
53.028888+18.556666
53.030555+18.544166
-1
;EPTO - 19 
$TYPE=2
53.038055+18.541388
53.027777+18.537222
-1
;EPWR - 30 
$TYPE=1
51.098888+16.898055
51.108055+16.865277
-1
;EPPO - 29 
$TYPE=1
52.418055+16.841111
52.424722+16.805833
-1
;EPLU - 31 
$TYPE=2
51.42+16.201666
51.425833+16.190833
-1
;EPKK - 25 
$TYPE=1
50.080277+19.802777
50.074722+19.768055
-1
;ESMS - 35 
$TYPE=1
55.523055+13.378888
55.548055+13.372777
-1
;ESMS - 29 
$TYPE=1
55.521388+13.371944
55.523055+13.359722
-1
