;(c) SBS data autogenerated by JetVision: 20.11.2006 19:49:00
;EBBX - 24 
$TYPE=1
49.893055+5.2430555
49.881666+5.2147222
-1
;EBKT - 24 
$TYPE=1
50.8225+3.2202777
50.814166+3.1975
-1
;EBUL - 25 
$TYPE=1
51.150277+3.4975
51.139444+3.4583333
-1
;EBZR - 23 
$TYPE=1
51.274444+4.7705555
51.256388+4.7386111
-1
;EBST - 24 
$TYPE=2
50.794722+5.2088888
50.788611+5.1947222
-1
;EBWE - 25 
$TYPE=1
51.399722+4.98
51.389166+4.9405555
-1
;EBSL - 24 
$TYPE=1
50.954166+5.6088888
50.94+5.5727777
-1
;EBLG - 23R
$TYPE=1
50.646111+5.4536111
50.630833+5.4305555
-1
;EBLG - 23L
$TYPE=1
50.648055+5.4608333
50.626388+5.4291666
-1
;EBBE - 22R
$TYPE=1
50.768611+4.7808333
50.746944+4.7538888
-1
;EBBE - 22L
$TYPE=1
50.763888+4.7811111
50.746388+4.7602777
-1
;EBOS - 32 
$TYPE=1
51.195277+2.8722222
51.199444+2.8658333
-1
;EBOS - 26 
$TYPE=1
51.203333+2.8972222
51.196388+2.8527777
-1
;EBCV - 26 
$TYPE=2
50.577222+3.8444444
50.574166+3.8216666
-1
;EBFN - 29 
$TYPE=1
51.086388+2.6711111
51.093055+2.6341666
-1
;EBBL - 23R
$TYPE=1
51.1775+5.4869444
51.158888+5.4538888
-1
;EBBL - 23L
$TYPE=1
51.173888+5.485
51.159722+5.4588888
-1
;EBCI - 25 
$TYPE=1
50.464722+4.4694444
50.455+4.4366666
-1
;EBBR - 25L
$TYPE=1
50.898888+4.5233333
50.888611+4.4805555
-1
;EBBR - 25R
$TYPE=1
50.9125+4.5025
50.898055+4.4558333
-1
;EBBR - 20 
$TYPE=1
50.913055+4.5019444
50.886944+4.4922222
-1
;EBAW - 29 
$TYPE=2
51.187777+4.4730555
51.191944+4.4525
-1
;EBFS - 26R
$TYPE=1
50.246666+4.6725
50.240277+4.6258333
-1
;EBFS - 26L
$TYPE=1
50.24+4.6638888
50.235833+4.6330555
-1
;EBSU - 25 
$TYPE=1
50.039722+5.4577777
50.030277+5.4244444
-1
;LFSF - 19 
$TYPE=1
49.083055+6.1355555
49.061666+6.1316666
-1
;LFPN - 25R
$TYPE=2
48.754444+2.1127777
48.751111+2.0986111
-1
;LFPN - 25L
$TYPE=2
48.7525+2.1130555
48.749166+2.0997222
-1
;LFFN - 28 
$TYPE=1
48.428055+4.4975
48.430833+4.4644444
-1
;LFSH - 21R
$TYPE=2
48.798611+7.8194444
48.790833+7.8136111
-1
;LFSH - 21 
$TYPE=2
48.798333+7.8208333
48.790277+7.8147222
-1
;LFPC - 25 
$TYPE=1
49.258055+2.5341666
49.248611+2.5044444
-1
;LFAC - 24 
$TYPE=2
50.965555+1.9644444
50.958611+1.9455555
-1
;LFGA - 19 
$TYPE=2
48.116666+7.3611111
48.1025+7.3569444
-1
;LFOB - 31 
$TYPE=1
49.446111+2.1316666
49.458333+2.1038888
-1
;LFOB - 22 
$TYPE=1
49.462222+2.1233333
49.454722+2.1136111
-1
;LFSG - 27 
$TYPE=1
48.326111+6.0880555
48.323055+6.0516666
-1
;LFOI - 20 
$TYPE=2
50.148611+1.835
50.138055+1.8286111
-1
;LFQQ - 26 
$TYPE=1
50.568333+3.1222222
50.5625+3.0833333
-1
;LFQQ - 20 
$TYPE=1
50.573888+3.0911111
50.56+3.0858333
-1
;LFST - 23 
$TYPE=1
48.545555+7.6405555
48.530833+7.6166666
-1
;LFGW - 28 
$TYPE=2
49.121666+5.4766666
49.123333+5.4613888
-1
;LFPB - 25 
$TYPE=1
48.973888+2.4583333
48.963888+2.4202777
-1
;LFPB - 27 
$TYPE=1
48.965+2.4455555
48.963611+2.4202777
-1
;LFPB - 21 
$TYPE=1
48.970555+2.4422222
48.948888+2.4266666
-1
;LFQC - 27 
$TYPE=2
48.593055+6.5505555
48.593055+6.5363888
-1
;LFQP - 24 
$TYPE=1
48.771666+7.2130555
48.760833+7.1880555
-1
;LFAG - 27 
$TYPE=2
49.868333+3.0391666
49.868055+3.0197222
-1
;LFQV - 29 
$TYPE=2
49.781388+4.6566666
49.786388+4.6372222
-1
;LFSI - 29 
$TYPE=1
48.631666+4.9144444
48.640277+4.8841666
-1
;LFPG - 26R
$TYPE=1
48.998888+2.6102777
48.995+2.5527777
-1
;LFPG - 27L
$TYPE=1
49.023611+2.5702777
49.019722+2.5130555
-1
;LFPG - 27R
$TYPE=1
49.026666+2.5616666
49.024166+2.5247222
-1
;LFPG - 26L
$TYPE=1
48.995+2.6025
48.9925+2.5655555
-1
;LFQE - 19 
$TYPE=1
49.2375+5.6761111
49.216388+5.6691666
-1
;LFQA - 25 
$TYPE=2
49.210833+4.1641666
49.206666+4.1497222
-1
;LFSO - 20 
$TYPE=1
48.593333+5.96
48.572777+5.95
-1
;LFPV - 27 
$TYPE=2
48.774722+2.2138888
48.773888+2.1891666
-1
;LFPK - 27L
$TYPE=2
48.835+3.0102777
48.835+3.0013888
-1
;LFPK - 27R
$TYPE=2
48.838611+3.0238888
48.838611+3.015
-1
;LFPK - 27 
$TYPE=2
48.8375+3.0252777
48.8375+3.0061111
-1
;LFSR - 25 
$TYPE=1
49.314166+4.0658333
49.305+4.0344444
-1
;LFPT - 30 
$TYPE=2
49.095+2.0455555
49.101666+2.0252777
-1
;LFPT - 23 
$TYPE=2
49.098611+2.0436111
49.087777+2.0275
-1
;LFQB - 36 
$TYPE=2
48.314722+4.0177777
48.329444+4.015
-1
;LFQB - 36L
$TYPE=2
48.3175+4.0138888
48.325555+4.0122222
-1
;LFQB - 23 
$TYPE=2
48.321111+4.0161111
48.316666+4.0080555
-1
;LFSN - 21 
$TYPE=2
48.6975+6.235
48.686388+6.2261111
-1
;LFQT - 22 
$TYPE=1
50.625+2.6502777
50.611666+2.635
-1
;LFQI - 28 
$TYPE=1
50.221111+3.1719444
50.222777+3.1366666
-1
;LFAI - 23 
$TYPE=2
48.598888+3.0122222
48.593611+3.0022222
-1
;LFQJ - 23 
$TYPE=2
50.314166+4.0402777
50.306111+4.0269444
-1
;LFPM - 28 
$TYPE=1
48.602222+2.6891666
48.605555+2.6627777
-1
;LFPM - 19 
$TYPE=1
48.6175+2.6747222
48.606111+2.6713888
-1
;LFOK - 28 
$TYPE=1
48.772777+4.21
48.779444+4.1583333
-1
;LFAV - 29 
$TYPE=2
50.323055+3.4725
50.328055+3.4497222
-1
;LFJL - 22 
$TYPE=1
48.990833+6.2622222
48.969166+6.2363888
-1
;LFAY - 30 
$TYPE=2
49.870555+2.395
49.875277+2.3788888
-1
;LFPO - 24 
$TYPE=1
48.735555+2.3605555
48.719722+2.3169444
-1
;LFPO - 26 
$TYPE=1
48.7275+2.4019444
48.718888+2.3586111
-1
;LFPO - 20 
$TYPE=1
48.738055+2.3869444
48.7175+2.3775
-1
;LFAQ - 27 
$TYPE=2
49.971666+2.7058333
49.971388+2.6894444
-1
;LF52 - 23 
$TYPE=1
49.032222+5.8886111
49.018055+5.8638888
-1
;EDSB - 21 
$TYPE=1
48.790555+8.0913888
48.7675+8.0702777
-1
;EDCO - 29 
$TYPE=2
51.265555+10.644722
51.269722+10.625
-1
;ETEJ - 22 
$TYPE=2
49.925+10.919444
49.916388+10.910277
-1
;ETIH - 27 
$TYPE=2
49.218055+11.840555
49.218055+11.831388
-1
;EDLV - 27 
$TYPE=1
51.601944+6.1597222
51.601944+6.1244444
-1
;EDFE - 27L
$TYPE=2
49.959166+8.6513888
49.958611+8.6419444
-1
;EDFE - 27 
$TYPE=2
49.961388+8.6511111
49.96+8.6316666
-1
;EDFV - 24R
$TYPE=2
49.609166+8.3727777
49.605+8.3616666
-1
;EDFV - 24 
$TYPE=2
49.608333+8.3730555
49.604722+8.3636111
-1
;EDMB - 22 
$TYPE=2
48.113611+9.7663888
48.106666+9.7580555
-1
;ETHR - 27 
$TYPE=2
49.217777+11.103888
49.217222+11.096666
-1
;EDLS - 29 
$TYPE=2
51.994444+6.8472222
51.996666+6.8333333
-1
;EDBJ - 26 
$TYPE=2
50.915555+11.7175
50.914166+11.709166
-1
;EDBJ - 20 
$TYPE=2
50.920277+11.7175
50.91+11.712222
-1
;EDAQ - 29 
$TYPE=2
51.55+12.06
51.553888+12.045
-1
;EDFQ - 29 
$TYPE=2
51.033055+8.6888888
51.036944+8.6722222
-1
;ETSF - 27 
$TYPE=1
48.205+11.285555
48.205833+11.248611
-1
;EDRK - 24 
$TYPE=2
50.328055+7.535
50.322222+7.5211111
-1
;EDDF - 25R
$TYPE=1
50.045+8.5869444
50.031388+8.535
-1
;EDDF - 36 
$TYPE=1
49.998333+8.5261111
50.034166+8.5241666
-1
;EDDF - 25L
$TYPE=1
50.04+8.5866666
50.026388+8.5347222
-1
;ETID - 28 
$TYPE=2
50.168333+8.9677777
50.169444+8.955
-1
;EDKZ - 25 
$TYPE=2
51.101944+7.6108333
51.098611+7.595
-1
;ETHS - 27 
$TYPE=1
52.919166+10.201944
52.918888+10.165555
-1
;ETHS - 27R
$TYPE=1
52.92+10.193888
52.919444+10.178888
-1
;ETHS - 24 
$TYPE=1
52.914166+10.197222
52.9125+10.191944
-1
;EDWB - 34 
$TYPE=2
53.501944+8.5755555
53.512222+8.57
-1
;EDWB - 25 
$TYPE=2
53.504444+8.5788888
53.502222+8.5697222
-1
;ETHN - 25 
$TYPE=2
49.393055+9.9647222
49.390277+9.9513888
-1
;EDDP - 26 
$TYPE=1
51.433611+12.2675
51.430277+12.215833
-1
;EDRT - 23 
$TYPE=2
49.867222+6.7947222
49.859444+6.7833333
-1
;EDDW - 27 
$TYPE=1
53.047222+8.8047222
53.046388+8.7741666
-1
;EDDW - 23 
$TYPE=1
53.046388+8.7925
53.0425+8.7844444
-1
;ETHL - 27 
$TYPE=2
48.22+9.9211111
48.220277+9.8988888
-1
;ETHL - 21 
$TYPE=2
48.225833+9.9083333
48.221388+9.9041666
-1
;EDQD - 24 
$TYPE=2
49.987222+11.646944
49.982222+11.633888
-1
;ETSE - 26 
$TYPE=1
48.324722+11.965277
48.319722+11.931944
-1
;EDQM - 27 
$TYPE=2
50.288888+11.864444
50.287777+11.843611
-1
;ETSL - 21 
$TYPE=1
48.195+10.869166
48.175555+10.853611
-1
;EDLN - 31 
$TYPE=2
51.226944+6.5111111
51.233333+6.4972222
-1
;EDAC - 22 
$TYPE=1
50.989166+12.516388
50.973611+12.496388
-1
;ETNG - 27 
$TYPE=1
50.960555+6.0633333
50.96+6.0197222
-1
;EDVE - 26L
$TYPE=2
52.318055+10.561666
52.316944+10.548611
-1
;EDVE - 26 
$TYPE=2
52.319722+10.566666
52.317777+10.542222
-1
;ETAR - 27 
$TYPE=1
49.437777+7.6197222
49.435555+7.5808333
-1
;ETAR - 26 
$TYPE=1
49.436388+7.6225
49.431944+7.5788888
-1
;EDDK - 32L
$TYPE=1
50.858611+7.1386111
50.870555+7.1202777
-1
;EDDK - 32R
$TYPE=1
50.855277+7.1655555
50.88+7.1277777
-1
;EDDK - 24 
$TYPE=1
50.869722+7.1552777
50.859722+7.1241666
-1
;ETSB - 21 
$TYPE=1
50.183611+7.0719444
50.163611+7.0552777
-1
;EDTL - 21 
$TYPE=1
48.381111+7.8372222
48.356944+7.8188888
-1
;EDAM - 26 
$TYPE=2
51.363888+11.948888
51.361944+11.932777
-1
;EDLP - 24 
$TYPE=1
51.619444+8.6294444
51.608611+8.6033333
-1
;ETSN - 27 
$TYPE=1
48.710833+11.228055
48.710833+11.194722
-1
;ETIN - 25 
$TYPE=2
49.744444+10.205555
49.741388+10.195555
-1
;EDDG - 25 
$TYPE=1
52.137777+7.7
52.130833+7.6702777
-1
;ETHF - 30 
$TYPE=2
51.112222+9.2925
51.116388+9.2791666
-1
;EDRY - 35L
$TYPE=2
49.298888+8.4519444
49.3075+8.4480555
-1
;EDRY - 35 
$TYPE=2
49.2975+8.4533333
49.308055+8.4483333
-1
;ETOU - 25 
$TYPE=1
50.0525+8.3397222
50.046388+8.3111111
-1
;EDLA - 23 
$TYPE=2
51.486388+7.9052777
51.480833+7.8952777
-1
;EDBT - 25 
$TYPE=2
51.380555+11.445277
51.376666+11.429166
-1
;EDWI - 34 
$TYPE=2
53.502222+8.0541666
53.5075+8.0508333
-1
;EDWI - 20 
$TYPE=2
53.51+8.0563888
53.497777+8.0480555
-1
;EDDR - 27R
$TYPE=1
49.216111+7.1197222
49.215833+7.1122222
-1
;EDDR - 27 
$TYPE=1
49.215+7.1236111
49.213611+7.0961111
-1
;EDDL - 23R
$TYPE=1
51.298333+6.7797222
51.283055+6.7494444
-1
;EDDL - 23L
$TYPE=1
51.295833+6.7861111
51.278888+6.7525
-1
;EDOV - 26R
$TYPE=1
52.629444+11.82
52.628333+11.809722
-1
;EDOV - 26 
$TYPE=1
52.629722+11.834722
52.626944+11.805555
-1
;EDVK - 22R
$TYPE=2
51.410833+9.3777777
51.405833+9.3713888
-1
;EDVK - 22 
$TYPE=2
51.4125+9.3833333
51.401944+9.3697222
-1
;EDPA - 27R
$TYPE=2
48.777777+10.271111
48.7775+10.258055
-1
;EDPA - 27L
$TYPE=2
48.7775+10.270833
48.777222+10.257777
-1
;EDQE - 26R
$TYPE=2
49.794722+11.138055
49.794166+11.128333
-1
;EDQE - 26 
$TYPE=2
49.793611+11.139166
49.793055+11.125555
-1
;EDKV - 24 
$TYPE=2
50.408333+6.5344444
50.403055+6.5216666
-1
;ETHB - 26 
$TYPE=1
52.280277+9.0952777
52.276388+9.0691666
-1
;EDDM - 26R
$TYPE=1
48.366944+11.821111
48.361944+11.7675
-1
;EDDM - 26L
$TYPE=1
48.344722+11.804722
48.339722+11.751111
-1
;EDDS - 25 
$TYPE=1
48.693888+9.2438888
48.684722+9.2005555
-1
;ETNN - 25 
$TYPE=1
50.835555+6.6738888
50.826388+6.6425
-1
;EDDV - 27L
$TYPE=1
52.454166+9.7111111
52.455+9.6766666
-1
;EDDV - 27R
$TYPE=1
52.466944+9.7041666
52.4675+9.6480555
-1
;EDDV - 27C
$TYPE=1
52.464444+9.6952777
52.464444+9.6838888
-1
;EDLE - 25 
$TYPE=2
51.405833+6.9497222
51.399722+6.9297222
-1
;EDRZ - 21 
$TYPE=1
49.221111+7.4108333
49.197777+7.3911111
-1
;EDGS - 31 
$TYPE=2
50.703888+8.0908333
50.712777+8.0725
-1
;EDGS - 31R
$TYPE=2
50.708888+8.0822222
50.712222+8.0752777
-1
;EDGS - 22 
$TYPE=2
50.706666+8.0883333
50.703055+8.0838888
-1
;EDFZ - 26L
$TYPE=2
49.968611+8.155
49.966388+8.1413888
-1
;EDFZ - 26 
$TYPE=2
49.97+8.155
49.9675+8.1416666
-1
;EDDE - 28 
$TYPE=1
50.978055+10.976388
50.980833+10.939444
-1
;EDHI - 23 
$TYPE=1
53.543333+9.8527777
53.528055+9.8222222
-1
;ETIC - 32 
$TYPE=2
49.695+11.944444
49.702222+11.935833
-1
;ETUO - 27 
$TYPE=1
51.9225+8.3227777
51.9225+8.29
-1
;EDFH - 21 
$TYPE=1
49.960277+7.2752777
49.931111+7.2477777
-1
;ETEU - 26 
$TYPE=1
49.65+9.9808333
49.645277+9.9519444
-1
;EDDH - 33 
$TYPE=1
53.625+10.000555
53.653888+9.9736111
-1
;ETOR - 23 
$TYPE=2
49.566111+8.4683333
49.560555+8.4591666
-1
;EDOP - 24 
$TYPE=1
53.432777+11.803888
53.42+11.763888
-1
;ETHC - 26 
$TYPE=1
52.5925+10.035555
52.589722+10.008888
-1
;EDLW - 24 
$TYPE=1
51.523611+7.6269444
51.514722+7.6019444
-1
;EDMA - 25R
$TYPE=2
48.424722+10.943333
48.421666+10.930555
-1
;EDMA - 25 
$TYPE=2
48.426944+10.94
48.423055+10.923611
-1
;ETSI - 25R
$TYPE=1
48.725+11.546111
48.716388+11.515555
-1
;ETSI - 25L
$TYPE=1
48.714444+11.555833
48.704166+11.518888
-1
;EDGE - 28 
$TYPE=2
50.990277+10.488055
50.993611+10.463888
-1
;ETNJ - 28 
$TYPE=1
53.531388+7.9069444
53.535+7.87
-1
;EDWR - 30 
$TYPE=2
53.591111+6.7133333
53.595+6.7016666
-1
;EDWR - 31 
$TYPE=2
53.589166+6.7213888
53.594722+6.7097222
-1
;EDWR - 23 
$TYPE=2
53.5975+6.7130555
53.5925+6.7041666
-1
;EDDN - 28 
$TYPE=1
49.496944+11.096111
49.5+11.058888
-1
;ETNW - 26 
$TYPE=1
52.458611+9.4408333
52.455555+9.4136111
-1
;ETNW - 26L
$TYPE=1
52.456388+9.4322222
52.454722+9.4163888
-1
;ETNW - 21 
$TYPE=1
52.458611+9.4383333
52.444722+9.4277777
-1
;EDWE - 25 
$TYPE=2
53.392777+7.2358333
53.388888+7.2172222
-1
;EDTB - 22 
$TYPE=2
48.796944+8.1922222
48.791111+8.1861111
-1
;EDTB - 21L
$TYPE=2
48.795555+8.1919444
48.786666+8.1827777
-1
;ETND - 26 
$TYPE=2
52.586111+8.3502777
52.585+8.3313888
-1
;EDRB - 24 
$TYPE=1
49.952777+6.5816666
49.936111+6.5475
-1
;ETAD - 23 
$TYPE=1
49.986388+6.7133333
49.966388+6.6841666
-1
;EDMS - 28 
$TYPE=2
48.9+12.525833
48.901111+12.5075
-1
;ETHM - 26 
$TYPE=2
50.367777+7.3263888
50.363611+7.3044444
-1
;ETOI - 28 
$TYPE=2
49.6325+11.774444
49.634444+11.76
-1
;EDQT - 29 
$TYPE=2
50.016111+10.536388
50.02+10.522222
-1
;ETNT - 26 
$TYPE=1
53.550277+7.6852777
53.545+7.6494444
-1
;EDFM - 27R
$TYPE=2
49.473055+8.5202777
49.473055+8.5105555
-1
;EDFM - 27 
$TYPE=2
49.4725+8.5208333
49.472777+8.5061111
-1
;EDUB - 25 
$TYPE=2
52.440555+12.468611
52.435833+12.447777
-1
;EDBK - 32L
$TYPE=2
52.915+12.429444
52.921666+12.419722
-1
;EDBK - 32 
$TYPE=2
52.915277+12.43
52.921944+12.420277
-1
;EDVM - 25 
$TYPE=2
52.181388+9.9541666
52.1775+9.9372222
-1
;EDBM - 27 
$TYPE=2
52.073888+11.633888
52.073333+11.619166
-1
;ETHE - 27 
$TYPE=2
52.291388+7.3905555
52.290833+7.3830555
-1
;EDWF - 26 
$TYPE=2
53.2725+7.4511111
53.269444+7.4338888
-1
;EDTY - 28R
$TYPE=2
49.118055+9.7919444
49.118888+9.7816666
-1
;EDTY - 28 
$TYPE=2
49.117222+9.7941666
49.118888+9.7730555
-1
;EDAD - 27 
$TYPE=2
51.831666+12.191388
51.831388+12.176944
-1
;EDLI - 29 
$TYPE=2
51.962777+8.5533333
51.966388+8.5361111
-1
;ELLX - 24 
$TYPE=1
49.635555+6.2355555
49.616388+6.1883333
-1
;EHDR - 26 
$TYPE=2
53.120277+6.1366666
53.118055+6.1230555
-1
;EHDL - 20 
$TYPE=1
52.072222+5.8783333
52.046944+5.8658333
-1
;EHLE - 23 
$TYPE=2
52.458611+5.5247222
52.450833+5.5113888
-1
;EHBK - 21 
$TYPE=1
50.920833+5.7791666
50.901666+5.7608333
-1
;EHGR - 28 
$TYPE=1
51.565277+4.9513888
51.569166+4.9116666
-1
;EHGR - 20 
$TYPE=1
51.572777+4.9422222
51.555833+4.9333333
-1
;EHAM - 24 
$TYPE=1
52.304444+4.7775
52.287222+4.7344444
-1
;EHAM - 27 
$TYPE=1
52.318333+4.7969444
52.316111+4.7463888
-1
;EHAM - 36C
$TYPE=1
52.301666+4.7375
52.331388+4.7383333
-1
;EHAM - 36L
$TYPE=1
52.328611+4.7088888
52.362777+4.71
-1
;EHAM - 36R
$TYPE=1
52.290833+4.7772222
52.321388+4.7780555
-1
;EHAM - 22 
$TYPE=1
52.313888+4.8030555
52.3+4.7838888
-1
;EHKD - 22 
$TYPE=2
52.928333+4.7858333
52.918611+4.7758333
-1
;EHVK - 24R
$TYPE=1
51.664444+5.7263888
51.649166+5.69
-1
;EHVK - 24L
$TYPE=1
51.662777+5.7280555
51.6475+5.6916666
-1
;EHVB - 34 
$TYPE=1
52.162222+4.4297222
52.175+4.4225
-1
;EHVB - 23 
$TYPE=1
52.173055+4.4319444
52.159166+4.4041666
-1
;EHGG - 23 
$TYPE=2
53.125+6.5902777
53.114722+6.5697222
-1
;EHGG - 19 
$TYPE=2
53.130833+6.5802777
53.1175+6.5775
-1
;EHWO - 25 
$TYPE=1
51.452777+4.3586111
51.445+4.3258333
-1
;EHLW - 27 
$TYPE=1
53.228611+5.7697222
53.228333+5.7397222
-1
;EHLW - 24 
$TYPE=1
53.231666+5.7683333
53.216388+5.7319444
-1
;EHRD - 24 
$TYPE=1
51.962777+4.455
51.951666+4.4283333
-1
;EHEH - 22 
$TYPE=1
51.461111+5.3869444
51.438611+5.3627777
-1
;EHTW - 29 
$TYPE=1
52.265+6.8975
52.271111+6.87
-1
;EHTW - 24 
$TYPE=1
52.283611+6.9072222
52.267777+6.8716666
-1
;EHSB - 27 
$TYPE=1
52.126944+5.2988888
52.126944+5.2538888
-1
;EHBD - 21 
$TYPE=2
51.260833+5.6061111
51.251388+5.5977777
-1
