; Generate by VadiS  17:15 04.01.2012
;À131
$TYPE=6
54.733349+36.650013 
52.983353+36.100002 
52.571678+36.166672 
51.751015+36.291340 
51.266670+36.066669 
-1
;À222
$TYPE=6
67.453011+32.785351 
66.283340+36.866684 
-1
;À227
$TYPE=6
68.502007+28.455009 
68.616676+31.783348 
68.775681+32.741348 
-1
;À260
$TYPE=6
51.918686+25.886351 
52.152351+26.125736 
52.687347+27.237339 
53.350006+28.650013 
53.616680+28.916685 
53.888351+29.169670 
54.034332+29.305006 
54.183338+29.439342 
54.356007+29.606012 
54.517677+29.757015 
54.567677+29.806017 
55.121670+30.352007 
-1
;À279
$TYPE=6
51.487343+39.588345 
-1
;À28
$TYPE=6
53.208004+34.173672 
52.350006+33.306007 
51.517345+32.505177 
-1
;ÀÇÎÎ
$TYPE=6
56.033333+39.633347 
-1
;ÀÇÇÇ
$TYPE=6
63.141335+31.259005 
63.817684+33.803017 
63.952019+34.352009 
64.135338+35.109001 
64.366676+36.117668 
-1
;À68
$TYPE=6
51.472675+30.258005 
51.866684+29.966686 
52.785351+29.421675 
53.616680+28.916685 
-1
;À74
$TYPE=6
68.616676+31.783348 
69.138336+30.654013 
69.416672+30.033335 
-1
;À97
$TYPE=6
51.049999+36.855019 
-1
;Â102
$TYPE=6
52.120670+23.900019 
52.418674+24.966686 
53.117668+27.673679 
53.350006+28.650013 
53.616680+28.916685 
53.817684+29.388342 
54.301006+30.584345 
54.502010+31.085335 
54.733349+35.216671 
-1
;Â120
$TYPE=6
54.900017+21.083336 
54.938187+22.734180 
-1
;Â141
$TYPE=6
59.804016+30.284340 
59.608013+28.770681 
59.454010+28.101002 
59.608013+28.770681 
59.804016+30.284340 
-1
;Â153
$TYPE=6
59.275673+39.941353 
-1
;Â157
$TYPE=6
59.816685+32.350006 
60.983353+32.966686 
61.890350+34.085335 
62.970688+35.937351 
63.334339+36.616680 
63.666679+37.233337 
63.916683+38.116669 
64.216667+39.200005 
-1
;Â157À
$TYPE=6
61.890350+34.085335 
61.200005+32.400009 
60.033333+31.550011 
59.933353+31.066668 
59.850018+30.616678 
59.804016+30.284340 
-1
;Â157Â
$TYPE=6
64.316673+39.066669 
64.133339+38.033333 
63.666679+37.233337 
-1
;Â158
$TYPE=6
61.800014+30.083336 
61.872684+32.736347 
61.890350+34.085335 
61.290340+35.335339 
60.983353+35.954018 
60.033333+37.750015 
-1
;Â158À
$TYPE=6
61.800014+30.083336 
61.200005+32.400009 
-1
;Â159
$TYPE=6
61.800014+30.083336 
62.304005+31.803017 
62.673679+33.157001 
62.951019+34.217670 
63.316673+35.703014 
63.508011+36.551010 
63.666679+37.233337 
63.784348+38.166672 
-1
;Â160
$TYPE=6
60.093170+26.454176 
59.804016+30.284340 
59.750015+30.650013 
59.501011+31.041334 
59.116669+31.650013 
58.083336+34.133335 
57.716682+34.966686 
57.100002+37.716682 
-1
;Â160À
$TYPE=6
57.716682+34.966686 
58.150002+34.366673 
58.733349+33.466675 
59.450008+32.049999 
59.587345+31.404009 
59.750015+30.650013 
-1
;Â160Â
$TYPE=6
59.608013+28.770681 
59.971687+26.107002 
-1
;Â170
$TYPE=6
58.324673+27.509010 
58.633347+28.600012 
59.000000+29.116669 
59.450008+29.633347 
59.804016+30.284340 
-1
;Â171
$TYPE=6
59.850018+30.616678 
59.974686+30.516678 
60.049999+30.450008 
60.266670+29.756016 
60.389339+29.572678 
60.654015+29.185337 
60.783348+28.657013 
60.855019+28.336340 
-1
;Â171À
$TYPE=6
60.266670+29.756016 
60.116669+29.866684 
-1
;Â210
$TYPE=6
59.450008+32.049999 
59.867683+35.858017 
60.033333+37.750015 
59.950020+39.500011 
-1
;Â211
$TYPE=6
59.275673+39.941353 
-1
;Â246
$TYPE=6
51.472675+30.258005 
-1
;Â248
$TYPE=6
51.450008+26.133335 
51.889351+26.120668 
-1
;Â479
$TYPE=6
58.839352+27.468676 
59.049999+28.150003 
59.319672+29.183336 
59.450008+29.633347 
-1
;Â487
$TYPE=6
62.419674+31.105001 
62.304005+31.803017 
62.119671+32.859016 
61.890350+34.085335 
-1
;Â488
$TYPE=6
68.502007+28.455009 
69.138336+30.654013 
69.466675+31.866684 
69.955017+32.868683 
-1
;Â492
$TYPE=6
51.589344+29.033335 
-1
;Â8
$TYPE=6
59.116669+31.650013 
58.621677+31.400007 
58.154003+31.222672 
56.373672+30.605013 
55.800014+30.488342 
52.083336+31.016666 
-1
;DOM82
$TYPE=6
53.884350+28.019667 
54.070667+28.906017 
54.034332+29.305006 
53.953354+30.091002 
-1
;DOM83
$TYPE=6
53.953354+30.091002 
53.551010+30.434341 
52.955021+30.936352 
52.518677+31.051001 
-1
;DOM84
$TYPE=6
53.650013+24.052002 
53.019669+24.152002 
52.939354+24.159002 
52.556011+24.220671 
52.120670+23.900019 
-1
;G102
$TYPE=6
53.650013+24.052002 
53.738350+25.101002 
53.883350+26.733349 
53.884350+28.019667 
53.616680+28.916685 
52.603012+30.320673 
52.083336+31.016666 
-1
;G3
$TYPE=6
56.751015+27.901018 
56.373672+30.605013 
56.300007+31.000000 
55.850018+32.933353 
55.550011+35.033333 
54.350006+38.233337 
54.233337+38.900017 
-1
;G34
$TYPE=6
60.093170+26.454176 
60.116669+28.533344 
60.116669+29.866684 
59.966686+30.050001 
59.804016+30.284340 
-1
;G350
$TYPE=6
56.300007+31.000000 
56.503010+28.123669 
-1
;G353
$TYPE=6
64.316673+39.066669 
64.366676+36.117668 
-1
;G354
$TYPE=6
54.938187+22.734180 
-1
;G38
$TYPE=6
53.884350+28.019667 
53.350006+28.650013 
51.466675+29.586346 
-1
;G445
$TYPE=6
61.890350+34.085335 
62.951019+34.217670 
63.321674+34.267673 
63.952019+34.352009 
64.941353+34.491344 
-1
;G475
$TYPE=6
69.466675+31.866684 
68.775681+32.741348 
67.983353+32.766682 
67.453011+32.785351 
-1
;G476
$TYPE=6
51.049999+36.855019 
51.616680+37.150002 
52.387341+37.107002 
53.566677+37.049999 
54.600014+37.333340 
57.033333+38.000000 
57.406010+38.008999 
58.700012+38.066669 
59.272671+38.023666 
60.033333+37.750015 
61.104004+37.124668 
61.291340+37.008999 
61.884350+36.652012 
62.970688+35.937351 
63.316673+35.703014 
63.485344+35.584347 
64.135338+35.109001 
64.941353+34.491344 
66.370674+33.569679 
67.453011+32.785351 
67.983353+32.416676 
68.616676+31.783348 
69.466675+31.866684 
-1
;G476A
$TYPE=6
59.272671+38.023666 
58.700012+37.983353 
57.100002+37.716682 
-1
;G478
$TYPE=6
51.866684+29.966686 
52.605011+30.050001 
53.488342+30.151003 
53.936352+30.203005 
54.453011+30.267672 
55.121670+30.352007 
-1
;G59
$TYPE=6
58.839352+27.468676 
58.933353+28.350006 
59.000000+29.116669 
59.501011+31.041334 
59.587345+31.404009 
59.816685+32.350006 
60.734348+35.641346 
61.104004+37.124668 
61.309006+38.001999 
61.533344+38.966686 
-1
;G59A
$TYPE=6
59.816685+32.350006 
60.904018+34.517677 
61.290340+35.335339 
61.884350+36.652012 
62.055000+37.054001 
62.685349+38.569679 
-1
;G720
$TYPE=6
54.333340+22.171671 
-1
;G723
$TYPE=6
55.850018+32.933353 
56.266670+34.157001 
56.516678+34.933353 
57.100002+37.716682 
-1
;G724
$TYPE=6
53.216671+32.466675 
52.692348+35.506012 
52.571678+36.166672 
52.387341+37.107002 
52.150002+38.266670 
-1
;G810
$TYPE=6
57.406010+38.008999 
57.421677+38.318672 
57.436340+38.619678 
-1
;G911
$TYPE=6
63.666679+37.233337 
63.588345+36.520676 
63.485344+35.584347 
63.321674+34.267673 
63.218670+33.457008 
62.950020+31.550011 
-1
;L32
$TYPE=6
53.824516+23.551844 
53.650013+24.052002 
53.372673+25.003000 
52.953018+26.403008 
52.687347+27.237339 
52.175671+28.783348 
51.866684+29.966686 
51.716682+30.633347 
-1
;L33
$TYPE=6
53.883350+26.733349 
53.117668+27.673679 
52.175671+28.783348 
51.941353+29.051001 
51.466675+29.586346 
-1
;L735
$TYPE=6
54.502010+31.085335 
54.517677+29.757015 
54.517677+28.520678 
54.492344+26.806017 
54.469509+25.609179 
-1
;L736
$TYPE=6
55.135338+26.471176 
54.771683+29.273672 
54.502010+31.085335 
-1
;L748
$TYPE=6
53.884350+28.019667 
53.616680+28.916685 
53.488342+30.151003 
53.409008+30.818684 
53.216671+32.466675 
-1
;L979
$TYPE=6
53.589344+23.624680 
53.650013+24.052002 
53.801018+25.075668 
54.102001+27.337339 
54.258007+28.707014 
54.356007+29.606012 
54.502010+31.085335 
-1
;L999
$TYPE=6
52.016666+23.666679 
52.120670+23.900019 
52.551010+24.839350 
53.271671+26.516678 
53.454010+26.955019 
53.884350+28.019667 
54.258007+28.707014 
54.671680+29.483343 
55.121670+30.352007 
-1
;Ì854
$TYPE=6
55.808018+26.974686 
54.586346+27.691347 
54.287338+27.859016 
53.884350+28.019667 
53.253006+28.306005 
52.175671+28.783348 
51.589344+29.033335 
-1
;Ì856
$TYPE=6
55.800014+30.488342 
55.121670+30.352007 
54.456009+30.537344 
54.301006+30.584345 
54.168671+30.618679 
53.640347+30.756016 
53.486343+30.800016 
53.409008+30.818684 
52.955021+30.936352 
52.518677+31.051001 
52.083336+31.016666 
-1
;Ì863
$TYPE=6
52.851017+23.922686 
53.601013+26.821684 
53.884350+28.019667 
54.070667+28.906017 
54.183338+29.439342 
54.502010+31.085335 
-1
;Ì865
$TYPE=6
55.455509+26.550678 
55.237339+29.183336 
55.121670+30.352007 
-1
;Ì984
$TYPE=6
52.223671+23.205004 
53.883350+26.733349 
-1
;Ì996
$TYPE=6
54.469509+25.609179 
53.883350+26.733349 
53.617680+27.688347 
53.350006+28.650013 
52.605011+30.050001 
52.421677+30.387341 
52.083336+31.016666 
-1
;Ì998
$TYPE=6
55.135338+26.471176 
55.138336+29.173670 
55.121670+30.352007 
-1
;ÌÒ12
$TYPE=6
57.100002+37.716682 
56.366673+37.433342 
56.233337+37.433342 
55.983353+36.800014 
55.887352+35.554012 
55.833351+34.866684 
-1
;ÌÒ14
$TYPE=6
57.100002+37.716682 
56.366673+37.433342 
56.233337+37.433342 
55.833351+37.266670 
55.553013+37.225670 
55.216671+37.000000 
54.733349+36.650013 
-1
;ÌÒ16
$TYPE=6
57.100002+37.716682 
56.366673+37.433342 
56.233337+37.433342 
55.833351+37.266670 
55.553013+37.225670 
55.350006+37.533344 
55.250004+37.766682 
55.166672+37.800014 
54.350006+38.233337 
-1
;ÌÒ18
$TYPE=6
57.100002+37.716682 
56.366673+37.433342 
56.233337+37.433342 
55.900017+37.683346 
55.866684+37.850018 
55.700012+38.216671 
55.616680+38.633347 
-1
;ÌÒ310
$TYPE=6
55.550011+35.033333 
55.866684+36.916683 
56.300007+37.716682 
57.033333+38.000000 
-1
;ÌÒ34
$TYPE=6
55.550011+35.033333 
55.866684+36.916683 
55.833351+37.266670 
55.553013+37.225670 
55.216671+37.000000 
54.733349+36.650013 
-1
;ÌÒ36
$TYPE=6
55.550011+35.033333 
55.866684+36.916683 
55.833351+37.266670 
55.553013+37.225670 
55.350006+37.533344 
55.250004+37.766682 
55.166672+37.800014 
54.350006+38.233337 
-1
;ÌÒ38
$TYPE=6
55.550011+35.033333 
55.866684+36.916683 
55.900017+37.683346 
55.866684+37.850018 
55.700012+38.216671 
55.616680+38.633347 
-1
;ÌÒ510
$TYPE=6
54.600014+37.333340 
55.216671+37.366673 
55.553013+37.225670 
55.833351+37.266670 
56.300007+37.716682 
57.033333+38.000000 
-1
;ÌÒ52
$TYPE=6
54.600014+37.333340 
55.216671+37.366673 
55.553013+37.225670 
55.833351+37.266670 
55.983353+36.800014 
55.887352+35.554012 
55.833351+34.866684 
-1
;ÌÒ58
$TYPE=6
54.600014+37.333340 
55.216671+37.366673 
55.566677+37.616680 
55.650013+37.850018 
55.616680+38.633347 
-1
;ÌÒ710
$TYPE=6
54.233337+38.900017 
55.150002+38.283340 
55.583344+37.783348 
55.650013+37.850018 
55.866684+37.850018 
55.900017+37.683346 
56.300007+37.716682 
57.033333+38.000000 
-1
;ÌÒ72
$TYPE=6
54.233337+38.900017 
55.150002+38.283340 
55.566677+37.616680 
55.553013+37.225670 
55.833351+37.266670 
55.983353+36.800014 
55.887352+35.554012 
55.833351+34.866684 
-1
;ÌÒ78
$TYPE=6
54.233337+38.900017 
55.150002+38.283340 
55.583344+37.783348 
55.650013+37.850018 
55.616680+38.633347 
-1
;ÌÒ910
$TYPE=6
56.033333+39.633347 
55.816685+38.666679 
55.700012+38.216671 
55.866684+37.850018 
55.900017+37.683346 
56.300007+37.716682 
57.033333+38.000000 
-1
;ÌÒ92
$TYPE=6
56.033333+39.633347 
55.816685+38.666679 
55.700012+38.216671 
55.866684+37.850018 
55.900017+37.683346 
55.983353+36.800014 
55.887352+35.554012 
55.833351+34.866684 
-1
;ÌÒ94
$TYPE=6
56.033333+39.633347 
55.816685+38.666679 
55.700012+38.216671 
55.650013+37.850018 
55.566677+37.616680 
55.216671+37.000000 
54.733349+36.650013 
-1
;ÌÒ96
$TYPE=6
56.033333+39.633347 
55.816685+38.666679 
55.700012+38.216671 
55.650013+37.850018 
55.583344+37.783348 
55.250004+37.766682 
55.166672+37.800014 
54.350006+38.233337 
-1
;MZ01
$TYPE=6
57.100002+37.716682 
56.366673+37.433342 
-1
;MZ02
$TYPE=6
55.983353+36.800014 
55.887352+35.554012 
55.833351+34.866684 
-1
;MZ03
$TYPE=6
55.550011+35.033333 
55.866684+36.916683 
-1
;MZ04
$TYPE=6
55.216671+37.000000 
54.733349+36.650013 
-1
;MZ05
$TYPE=6
54.600014+37.333340 
55.216671+37.366673 
-1
;MZ06
$TYPE=6
55.166672+37.800014 
54.350006+38.233337 
-1
;MZ07
$TYPE=6
54.233337+38.900017 
55.150002+38.283340 
-1
;MZ08
$TYPE=6
55.616680+38.633347 
-1
;MZ09
$TYPE=6
56.033333+39.633347 
55.816685+38.666679 
-1
;MZ10
$TYPE=6
56.300007+37.716682 
57.033333+38.000000 
-1
;MZ30
$TYPE=6
55.150002+38.283340 
55.583344+37.783348 
-1
;MZ31
$TYPE=6
55.583344+37.783348 
55.650013+37.850018 
-1
;MZ32
$TYPE=6
55.650013+37.850018 
55.866684+37.850018 
-1
;MZ33
$TYPE=6
55.866684+37.850018 
55.900017+37.683346 
-1
;MZ34
$TYPE=6
55.900017+37.683346 
56.300007+37.716682 
-1
;MZ35
$TYPE=6
56.366673+37.433342 
55.833351+37.266670 
-1
;MZ36
$TYPE=6
55.833351+37.266670 
55.553013+37.225670 
-1
;MZ37
$TYPE=6
56.366673+37.433342 
56.233337+37.433342 
-1
;MZ38
$TYPE=6
56.233337+37.433342 
55.900017+37.683346 
-1
;MZ39
$TYPE=6
55.866684+36.916683 
55.900017+37.683346 
-1
;MZ40
$TYPE=6
55.866684+36.916683 
55.833351+37.266670 
-1
;MZ41
$TYPE=6
55.833351+37.266670 
56.300007+37.716682 
-1
;MZ42
$TYPE=6
56.233337+37.433342 
55.983353+36.800014 
-1
;MZ43
$TYPE=6
55.866684+36.916683 
56.300007+37.716682 
-1
;MZ44
$TYPE=6
55.216671+37.366673 
55.350006+37.533344 
-1
;MZ46
$TYPE=6
55.900017+37.683346 
55.983353+36.800014 
-1
;MZ47
$TYPE=6
55.833351+37.266670 
55.983353+36.800014 
-1
;MZ48
$TYPE=6
55.150002+38.283340 
55.566677+37.616680 
-1
;MZ49
$TYPE=6
55.566677+37.616680 
55.650013+37.850018 
-1
;MZ50
$TYPE=6
55.650013+37.850018 
55.616680+38.633347 
-1
;MZ51
$TYPE=6
55.350006+37.533344 
55.216671+37.000000 
-1
;MZ52
$TYPE=6
55.216671+37.366673 
55.566677+37.616680 
-1
;MZ53
$TYPE=6
55.566677+37.616680 
55.553013+37.225670 
-1
;MZ54
$TYPE=6
55.553013+37.225670 
55.216671+37.000000 
-1
;MZ55
$TYPE=6
55.216671+37.366673 
55.553013+37.225670 
-1
;MZ56
$TYPE=6
55.553013+37.225670 
55.350006+37.533344 
-1
;MZ57
$TYPE=6
55.350006+37.533344 
55.250004+37.766682 
-1
;MZ58
$TYPE=6
55.250004+37.766682 
55.166672+37.800014 
-1
;MZ59
$TYPE=6
55.583344+37.783348 
55.250004+37.766682 
-1
;MZ60
$TYPE=6
55.566677+37.616680 
55.216671+37.000000 
-1
;MZ61
$TYPE=6
55.866684+37.850018 
55.700012+38.216671 
-1
;MZ62
$TYPE=6
55.700012+38.216671 
55.616680+38.633347 
-1
;MZ63
$TYPE=6
55.816685+38.666679 
55.700012+38.216671 
-1
;MZ64
$TYPE=6
55.700012+38.216671 
55.650013+37.850018 
-1
;MZ65
$TYPE=6
55.866684+36.916683 
55.553013+37.225670 
-1
;MZ66
$TYPE=6
56.366673+37.433342 
55.957020+37.342339 
-1
;MZ67
$TYPE=6
55.833351+37.266670 
55.957020+37.342339 
-1
;MZ68
$TYPE=6
55.866684+36.916683 
55.957020+37.342339 
-1
;MZ69
$TYPE=6
55.957020+37.342339 
55.983353+36.800014 
-1
;MZ70
$TYPE=6
55.957020+37.342339 
56.300007+37.716682 
-1
;MZ71
$TYPE=6
55.957020+37.342339 
55.900017+37.683346 
-1
;MZ72
$TYPE=6
55.866684+36.916683 
55.592346+37.271671 
-1
;MZ73
$TYPE=6
55.592346+37.271671 
55.216671+37.000000 
-1
;MZ74
$TYPE=6
55.216671+37.366673 
55.592346+37.271671 
-1
;MZ75
$TYPE=6
55.592346+37.271671 
55.350006+37.533344 
-1
;MZ76
$TYPE=6
55.592346+37.271671 
55.566677+37.616680 
-1
;MZ77
$TYPE=6
55.592346+37.271671 
55.833351+37.266670 
-1
;MZA
$TYPE=6
54.733349+35.216671 
55.592346+37.271671 
-1
;MZB
$TYPE=6
55.300007+38.700012 
55.359009+37.938351 
-1
;MZC
$TYPE=6
54.733349+35.216671 
55.152004+35.825684 
55.866684+36.916683 
-1
;MZD
$TYPE=6
56.033333+39.633347 
55.900017+37.683346 
-1
;MZE
$TYPE=6
55.150002+38.283340 
-1
;N616
$TYPE=6
53.942352+23.892685 
53.650013+24.052002 
53.068668+24.268673 
51.901016+24.687347 
-1
;N623
$TYPE=6
52.083336+31.016666 
52.603012+30.320673 
53.616680+28.916685 
53.875683+28.505011 
54.287338+27.859016 
54.551010+27.439342 
55.135338+26.471176 
-1
;N743
$TYPE=6
53.350006+28.650013 
52.175671+28.783348 
51.603012+28.751015 
51.456009+28.740349 
-1
;N858
$TYPE=6
54.688179+25.735348 
55.025665+29.187338 
55.121670+30.352007 
55.274673+30.858017 
-1
;N869
$TYPE=6
52.851017+23.922686 
52.939354+24.159002 
53.883350+26.733349 
54.102001+27.337339 
54.287338+27.859016 
54.517677+28.520678 
54.771683+29.273672 
55.121670+30.352007 
-1
;Ð1
$TYPE=6
57.033333+38.000000 
58.333340+34.983353 
59.450008+32.049999 
-1
;Ð11
$TYPE=6
56.033333+39.633347 
-1
;Ð130
$TYPE=6
66.133339+39.200005 
68.775681+32.741348 
-1
;Ð14
$TYPE=6
54.733349+35.216671 
52.983353+36.100002 
51.616680+37.150002 
-1
;Ð15
$TYPE=6
55.983353+36.800014 
56.268673+35.808018 
56.516678+34.933353 
57.733349+33.500011 
59.116669+31.650013 
-1
;Ð151
$TYPE=6
55.833351+34.866684 
56.300007+31.000000 
-1
;Ð152
$TYPE=6
52.383343+38.933353 
54.233337+38.900017 
-1
;Ð17
$TYPE=6
59.275673+39.941353 
60.033333+37.750015 
-1
;Ð18
$TYPE=6
61.200005+32.400009 
61.872684+32.736347 
62.119671+32.859016 
62.673679+33.157001 
63.218670+33.457008 
63.817684+33.803017 
64.941353+34.491344 
-1
;Ð181
$TYPE=6
57.033333+38.000000 
57.766682+39.283340 
-1
;Ð182
$TYPE=6
57.766682+39.283340 
57.100002+37.716682 
-1
;Ð199
$TYPE=6
52.150002+38.266670 
54.600014+37.333340 
-1
;Ð210
$TYPE=6
57.716682+34.966686 
56.666679+36.916683 
56.366673+37.433342 
-1
;Ð22
$TYPE=6
59.116669+31.650013 
58.091335+32.102001 
57.316673+32.433342 
55.850018+32.933353 
54.853016+33.117668 
54.583344+33.166672 
53.208004+34.173672 
53.016666+34.366673 
-1
;Ð221
$TYPE=6
54.566677+39.650013 
55.150002+38.283340 
-1
;Ð23
$TYPE=6
63.983353+39.716682 
63.116669+38.416676 
-1
;Ð27
$TYPE=6
61.533344+38.966686 
65.166672+39.516678 
66.283340+36.866684 
-1
;Ð4
$TYPE=6
53.566677+37.049999 
51.751015+36.291340 
-1
;Ð6
$TYPE=6
51.487343+39.588345 
-1
;Ð7
$TYPE=6
51.487343+39.588345 
-1
;Ð727
$TYPE=6
55.808018+26.974686 
54.669682+26.825684 
54.492344+26.806017 
54.284340+26.783348 
53.883350+26.733349 
53.271671+26.516678 
52.953018+26.403008 
52.152351+26.125736 
51.889351+26.120668 
-1
;Ð8
$TYPE=6
54.233337+38.900017 
-1
;Ð851
$TYPE=6
52.109669+23.551178 
52.120670+23.900019 
52.139336+25.066668 
52.152351+26.125736 
52.105003+26.855017 
51.941353+29.051001 
51.866684+29.966686 
51.716682+30.633347 
-1
;Ð9
$TYPE=6
54.233337+38.900017 
52.458008+39.817684 
-1
;R1
$TYPE=6
56.373672+30.605013 
56.938351+30.117668 
58.300007+28.850018 
58.633347+28.600012 
-1
;R11
$TYPE=6
55.274673+30.858017 
55.850018+32.933353 
55.471676+33.703014 
55.141335+34.403008 
54.733349+35.216671 
54.733349+36.650013 
54.600014+37.333340 
54.350006+38.233337 
53.750015+38.500011 
52.866684+38.787350 
52.383343+38.933353 
52.033333+39.733349 
-1
;R118
$TYPE=6
53.750015+38.500011 
54.233337+38.900017 
-1
;R11B
$TYPE=6
55.274673+30.858017 
55.471676+33.703014 
55.550011+35.033333 
-1
;R11E
$TYPE=6
53.750015+38.500011 
54.600014+37.333340 
-1
;R11G
$TYPE=6
55.234505+21.436176 
-1
;R11N
$TYPE=6
55.850018+32.933353 
55.833351+34.866684 
-1
;R11U
$TYPE=6
52.383343+38.933353 
51.809017+39.224670 
51.102001+39.624680 
-1
;R22
$TYPE=6
51.141335+31.219671 
51.439342+31.600012 
52.189339+32.541344 
52.271671+32.670681 
52.774681+33.457008 
53.000000+33.888351 
53.208004+34.173672 
53.533344+34.416676 
53.824684+34.590343 
54.733349+35.216671 
55.550011+35.033333 
57.033333+38.000000 
57.421677+38.318672 
58.049999+38.850018 
58.716682+39.433342 
59.275673+39.941353 
-1
;R225
$TYPE=6
51.466675+29.586346 
-1
;R228
$TYPE=6
52.152351+26.125736 
52.166672+26.857018 
52.175671+28.783348 
52.421677+30.387341 
52.518677+31.051001 
52.650013+31.550011 
53.016666+32.400009 
53.150002+33.800014 
53.208004+34.173672 
-1
;R22I
$TYPE=6
57.033333+38.000000 
57.100002+37.716682 
56.992352+36.959019 
56.821682+35.756016 
56.622681+35.222672 
56.516678+34.933353 
55.833351+34.866684 
-1
;R22W
$TYPE=6
59.275673+39.941353 
58.716682+39.333340 
57.406010+38.008999 
57.100002+37.716682 
55.833351+34.866684 
55.550011+35.033333 
-1
;R243
$TYPE=6
53.350006+28.650013 
52.605011+30.050001 
52.421677+30.387341 
52.083336+31.016666 
-1
;R245
$TYPE=6
54.502010+31.085335 
54.567677+29.806017 
54.669682+26.825684 
54.688179+25.735348 
-1
;R246
$TYPE=6
52.518677+31.051001 
52.202003+30.520678 
51.866684+29.966686 
51.466675+29.586346 
-1
;R247
$TYPE=6
52.175671+28.783348 
52.083336+31.016666 
-1
;R30
$TYPE=6
59.804016+30.284340 
59.750015+30.650013 
59.816685+32.350006 
59.967686+35.834351 
60.033333+37.750015 
-1
;R30A
$TYPE=6
60.033333+37.750015 
61.286339+38.755016 
61.533344+38.966686 
62.685349+38.569679 
63.116669+38.416676 
63.784348+38.166672 
63.916683+38.116669 
-1
;R30B
$TYPE=6
61.533344+38.966686 
-1
;R363
$TYPE=6
51.216671+37.550011 
52.150002+38.266670 
52.383343+38.933353 
-1
;R364
$TYPE=6
51.616680+37.150002 
52.150002+38.266670 
51.809017+39.224670 
-1
;R365
$TYPE=6
52.150002+38.266670 
-1
;R368
$TYPE=6
51.809017+39.224670 
-1
;R369
$TYPE=6
53.566677+37.049999 
54.733349+36.650013 
-1
;R489
$TYPE=6
56.033333+39.633347 
-1
;R58
$TYPE=6
55.850018+32.933353 
56.575680+31.083336 
56.938351+30.117668 
57.816685+27.600012 
57.824684+27.557011 
-1
;UA260
$TYPE=6
51.918686+25.886351 
52.152351+26.125736 
52.687347+27.237339 
53.350006+28.650013 
53.616680+28.916685 
53.888351+29.169670 
54.034332+29.305006 
54.183338+29.439342 
54.356007+29.606012 
54.517677+29.757015 
54.567677+29.806017 
55.121670+30.352007 
-1
;UA28
$TYPE=6
52.350006+33.306007 
51.517345+32.505177 
-1
;UA68
$TYPE=6
51.472675+30.258005 
51.866684+29.966686 
52.785351+29.421675 
53.616680+28.916685 
53.854015+28.709015 
55.808018+26.974686 
-1
;UB102
$TYPE=6
52.120670+23.900019 
52.418674+24.966686 
53.117668+27.673679 
53.350006+28.650013 
53.616680+28.916685 
53.817684+29.388342 
54.301006+30.584345 
54.502010+31.085335 
-1
;UB246
$TYPE=6
51.472675+30.258005 
-1
;UB8
$TYPE=6
52.083336+31.016666 
-1
;UG102
$TYPE=6
53.650013+24.052002 
53.738350+25.101002 
53.883350+26.733349 
53.884350+28.019667 
53.616680+28.916685 
52.603012+30.320673 
52.083336+31.016666 
-1
;UG38
$TYPE=6
53.884350+28.019667 
53.350006+28.650013 
51.466675+29.586346 
-1
;UG478
$TYPE=6
51.866684+29.966686 
52.605011+30.050001 
53.488342+30.151003 
53.936352+30.203005 
54.453011+30.267672 
55.121670+30.352007 
-1
;UL32
$TYPE=6
53.824516+23.551844 
53.650013+24.052002 
53.372673+25.003000 
52.953018+26.403008 
52.687347+27.237339 
52.175671+28.783348 
51.866684+29.966686 
51.716682+30.633347 
-1
;UL33
$TYPE=6
53.883350+26.733349 
53.117668+27.673679 
52.175671+28.783348 
51.941353+29.051001 
51.466675+29.586346 
-1
;UL735
$TYPE=6
54.502010+31.085335 
54.517677+29.757015 
54.517677+28.520678 
54.492344+26.806017 
54.469509+25.609179 
-1
;UL736
$TYPE=6
55.135338+26.471176 
54.771683+29.273672 
54.502010+31.085335 
-1
;UL748
$TYPE=6
53.884350+28.019667 
53.486343+30.800016 
53.216671+32.466675 
-1
;UL749
$TYPE=6
54.688179+25.735348 
54.492344+26.806017 
54.287338+27.859016 
54.070667+28.906017 
53.775681+30.185337 
53.659012+30.673679 
53.640347+30.756016 
53.216671+32.466675 
-1
;UL979
$TYPE=6
53.589344+23.624680 
53.650013+24.052002 
53.801018+25.075668 
54.102001+27.337339 
54.258007+28.707014 
54.356007+29.606012 
54.502010+31.085335 
-1
;UL999
$TYPE=6
52.016666+23.666679 
52.120670+23.900019 
52.551010+24.839350 
53.271671+26.516678 
53.454010+26.955019 
53.884350+28.019667 
54.258007+28.707014 
54.671680+29.483343 
55.121670+30.352007 
-1
;UM854
$TYPE=6
55.808018+26.974686 
54.586346+27.691347 
54.287338+27.859016 
53.884350+28.019667 
53.253006+28.306005 
52.175671+28.783348 
51.589344+29.033335 
-1
;UM856
$TYPE=6
55.800014+30.488342 
55.121670+30.352007 
54.456009+30.537344 
54.301006+30.584345 
54.168671+30.618679 
53.640347+30.756016 
53.486343+30.800016 
53.409008+30.818684 
52.955021+30.936352 
52.518677+31.051001 
52.083336+31.016666 
-1
;UM861
$TYPE=6
51.901016+24.687347 
-1
;UM863
$TYPE=6
52.851017+23.922686 
53.601013+26.821684 
53.884350+28.019667 
54.070667+28.906017 
54.183338+29.439342 
54.502010+31.085335 
-1
;UM865
$TYPE=6
55.455509+26.550678 
55.237339+29.183336 
55.121670+30.352007 
-1
;UM984
$TYPE=6
53.883350+26.733349 
52.223671+23.205004 
-1
;UM996
$TYPE=6
54.469509+25.609179 
53.883350+26.733349 
53.504009+27.687347 
53.253006+28.306005 
52.785351+29.421675 
52.083336+31.016666 
-1
;UM998
$TYPE=6
55.135338+26.471176 
55.138336+29.173670 
55.121670+30.352007 
-1
;UN616
$TYPE=6
53.942352+23.892685 
53.650013+24.052002 
53.068668+24.268673 
51.901016+24.687347 
-1
;UN623
$TYPE=6
55.135338+26.471176 
54.551010+27.439342 
54.287338+27.859016 
53.875683+28.505011 
53.616680+28.916685 
52.603012+30.320673 
52.083336+31.016666 
-1
;UN743
$TYPE=6
53.350006+28.650013 
52.175671+28.783348 
51.603012+28.751015 
51.456009+28.740349 
-1
;UN858
$TYPE=6
54.688179+25.735348 
55.025665+29.187338 
55.121670+30.352007 
55.274673+30.858017 
-1
;UN869
$TYPE=6
55.121670+30.352007 
54.771683+29.273672 
54.517677+28.520678 
54.287338+27.859016 
54.102001+27.337339 
53.883350+26.733349 
52.939354+24.159002 
52.851017+23.922686 
-1
;UP727
$TYPE=6
55.808018+26.974686 
54.669682+26.825684 
54.492344+26.806017 
54.284340+26.783348 
53.883350+26.733349 
53.271671+26.516678 
52.953018+26.403008 
52.152351+26.125736 
51.889351+26.120668 
-1
;UP851
$TYPE=6
52.109669+23.551178 
52.120670+23.900019 
52.139336+25.066668 
52.152351+26.125736 
52.105003+26.855017 
51.941353+29.051001 
51.866684+29.966686 
51.716682+30.633347 
-1
;UR22
$TYPE=6
52.189339+32.541344 
52.271671+32.670681 
-1
;UR225
$TYPE=6
51.466675+29.586346 
-1
;UR228
$TYPE=6
52.152351+26.125736 
52.166672+26.857018 
52.175671+28.783348 
52.421677+30.387341 
52.518677+31.051001 
52.650013+31.550011 
-1
;UR243
$TYPE=6
53.350006+28.650013 
52.605011+30.050001 
52.421677+30.387341 
52.083336+31.016666 
-1
;UR245
$TYPE=6
54.502010+31.085335 
54.567677+29.806017 
54.669682+26.825684 
54.688179+25.735348 
-1
;UR246
$TYPE=6
52.518677+31.051001 
52.202003+30.520678 
51.866684+29.966686 
51.466675+29.586346 
-1
;UR247
$TYPE=6
52.175671+28.783348 
52.083336+31.016666 
-1
;UT711
$TYPE=6
53.173672+23.890350 
53.883350+26.733349 
-1
;UW648
$TYPE=6
51.716682+30.633347 
-1
;W1
$TYPE=6
54.733349+36.650013 
55.887352+35.554012 
56.516678+34.933353 
57.716682+34.966686 
-1
;W28
$TYPE=6
64.316673+39.066669 
63.916683+38.116669 
-1
;W7
$TYPE=6
53.208004+34.173672 
53.717682+35.270672 
54.600014+37.333340 
-1
;W8
$TYPE=6
54.733349+36.650013 
53.455009+34.600014 
53.208004+34.173672 
-1