;(c) SBS data autogenerated by JetVision: 20.11.2006 19:49:00
$TYPE=30
43+-3
43+-2.900000
43+-2.800000
43+-2.700000
43+-2.600000
43+-2.500000
43+-2.400000
43+-2.300000
43+-2.200000
43+-2.100000
43+-2.000000
43+-1.900000
43+-1.800000
43+-1.700000
43+-1.600000
43+-1.500000
43+-1.400000
43+-1.300000
43+-1.200000
43+-1.100000
43+-1.000000
43+-0.900000
43+-0.800000
43+-0.700000
43+-0.600000
43+-0.500000
43+-0.400000
43+-0.300000
43+-0.200000
43+-0.100000
43+-9.345058
43+0.0999999
43+0.1999999
43+0.2999999
43+0.3999999
43+0.4999999
43+0.5999999
43+0.6999999
43+0.7999999
43+0.8999999
43+0.9999999
43+1.0999999
43+1.1999999
43+1.2999999
43+1.3999999
43+1.4999999
43+1.5999999
43+1.6999999
43+1.7999999
43+1.8999999
43+1.9999999
43+2.0999999
43+2.1999999
43+2.2999999
43+2.3999999
43+2.4999999
43+2.5999999
43+2.6999999
43+2.7999999
43+2.8999999
43+2.9999999
43+3.0999999
43+3.1999999
43+3.2999999
43+3.3999999
43+3.4999999
43+3.5999999
43+3.6999999
43+3.7999999
43+3.8999999
43+3.9999999
43+4.0999999
43+4.1999999
43+4.2999999
43+4.3999999
43+4.4999999
43+4.5999999
43+4.6999999
43+4.7999999
43+4.8999999
43+4.9999999
43+5.0999999
43+5.1999999
43+5.2999999
43+5.3999999
43+5.4999999
43+5.5999999
43+5.6999999
43+5.7999999
43+5.8999999
43+5.9999999
43+6.0999999
43+6.1999999
43+6.2999999
43+6.3999999
43+6.4999999
43+6.5999999
43+6.6999999
43+6.7999999
43+6.8999999
43+6.9999999
43+7.0999999
43+7.1999999
43+7.2999999
43+7.3999999
43+7.4999999
43+7.5999999
43+7.6999999
43+7.7999999
43+7.8999999
43+7.9999999
43+8.0999999
43+8.1999999
43+8.2999999
43+8.3999999
43+8.4999999
43+8.5999999
43+8.6999999
43+8.7999999
43+8.8999999
43+8.9999999
43+9.0999999
43+9.1999999
43+9.2999999
43+9.3999999
43+9.5
43+9.6000000
43+9.7000000
43+9.8000000
43+9.9000000
43+10.000000
43+10.100000
43+10.200000
43+10.300000
43+10.400000
43+10.500000
43+10.600000
43+10.700000
43+10.800000
43+10.900000
43+11.000000
43+11.100000
43+11.200000
43+11.300000
43+11.400000
43+11.500000
43+11.600000
43+11.700000
43+11.800000
43+11.900000
43+12.000000
43+12.100000
43+12.200000
43+12.300000
43+12.400000
43+12.500000
43+12.600000
43+12.700000
43+12.800000
43+12.900000
43+13.000000
43+13.100000
43+13.200000
43+13.300000
43+13.400000
43+13.500000
43+13.600000
43+13.700000
43+13.800000
43+13.900000
43+14.000000
43+14.100000
43+14.200000
43+14.300000
43+14.400000
43+14.500000
43+14.600000
43+14.700000
43+14.800000
43+14.900000
43+15.000000
43+15.100000
43+15.200000
43+15.300000
43+15.400000
43+15.500000
43+15.600000
43+15.700000
43+15.800000
43+15.900000
43+16.000000
43+16.100000
43+16.200000
43+16.300000
43+16.400000
43+16.500000
43+16.600000
43+16.700000
43+16.800000
43+16.900000
-1
44+-3
44+-2.900000
44+-2.800000
44+-2.700000
44+-2.600000
44+-2.500000
44+-2.400000
44+-2.300000
44+-2.200000
44+-2.100000
44+-2.000000
44+-1.900000
44+-1.800000
44+-1.700000
44+-1.600000
44+-1.500000
44+-1.400000
44+-1.300000
44+-1.200000
44+-1.100000
44+-1.000000
44+-0.900000
44+-0.800000
44+-0.700000
44+-0.600000
44+-0.500000
44+-0.400000
44+-0.300000
44+-0.200000
44+-0.100000
44+-9.345058
44+0.0999999
44+0.1999999
44+0.2999999
44+0.3999999
44+0.4999999
44+0.5999999
44+0.6999999
44+0.7999999
44+0.8999999
44+0.9999999
44+1.0999999
44+1.1999999
44+1.2999999
44+1.3999999
44+1.4999999
44+1.5999999
44+1.6999999
44+1.7999999
44+1.8999999
44+1.9999999
44+2.0999999
44+2.1999999
44+2.2999999
44+2.3999999
44+2.4999999
44+2.5999999
44+2.6999999
44+2.7999999
44+2.8999999
44+2.9999999
44+3.0999999
44+3.1999999
44+3.2999999
44+3.3999999
44+3.4999999
44+3.5999999
44+3.6999999
44+3.7999999
44+3.8999999
44+3.9999999
44+4.0999999
44+4.1999999
44+4.2999999
44+4.3999999
44+4.4999999
44+4.5999999
44+4.6999999
44+4.7999999
44+4.8999999
44+4.9999999
44+5.0999999
44+5.1999999
44+5.2999999
44+5.3999999
44+5.4999999
44+5.5999999
44+5.6999999
44+5.7999999
44+5.8999999
44+5.9999999
44+6.0999999
44+6.1999999
44+6.2999999
44+6.3999999
44+6.4999999
44+6.5999999
44+6.6999999
44+6.7999999
44+6.8999999
44+6.9999999
44+7.0999999
44+7.1999999
44+7.2999999
44+7.3999999
44+7.4999999
44+7.5999999
44+7.6999999
44+7.7999999
44+7.8999999
44+7.9999999
44+8.0999999
44+8.1999999
44+8.2999999
44+8.3999999
44+8.4999999
44+8.5999999
44+8.6999999
44+8.7999999
44+8.8999999
44+8.9999999
44+9.0999999
44+9.1999999
44+9.2999999
44+9.3999999
44+9.5
44+9.6000000
44+9.7000000
44+9.8000000
44+9.9000000
44+10.000000
44+10.100000
44+10.200000
44+10.300000
44+10.400000
44+10.500000
44+10.600000
44+10.700000
44+10.800000
44+10.900000
44+11.000000
44+11.100000
44+11.200000
44+11.300000
44+11.400000
44+11.500000
44+11.600000
44+11.700000
44+11.800000
44+11.900000
44+12.000000
44+12.100000
44+12.200000
44+12.300000
44+12.400000
44+12.500000
44+12.600000
44+12.700000
44+12.800000
44+12.900000
44+13.000000
44+13.100000
44+13.200000
44+13.300000
44+13.400000
44+13.500000
44+13.600000
44+13.700000
44+13.800000
44+13.900000
44+14.000000
44+14.100000
44+14.200000
44+14.300000
44+14.400000
44+14.500000
44+14.600000
44+14.700000
44+14.800000
44+14.900000
44+15.000000
44+15.100000
44+15.200000
44+15.300000
44+15.400000
44+15.500000
44+15.600000
44+15.700000
44+15.800000
44+15.900000
44+16.000000
44+16.100000
44+16.200000
44+16.300000
44+16.400000
44+16.500000
44+16.600000
44+16.700000
44+16.800000
44+16.900000
-1
45+-3
45+-2.900000
45+-2.800000
45+-2.700000
45+-2.600000
45+-2.500000
45+-2.400000
45+-2.300000
45+-2.200000
45+-2.100000
45+-2.000000
45+-1.900000
45+-1.800000
45+-1.700000
45+-1.600000
45+-1.500000
45+-1.400000
45+-1.300000
45+-1.200000
45+-1.100000
45+-1.000000
45+-0.900000
45+-0.800000
45+-0.700000
45+-0.600000
45+-0.500000
45+-0.400000
45+-0.300000
45+-0.200000
45+-0.100000
45+-9.345058
45+0.0999999
45+0.1999999
45+0.2999999
45+0.3999999
45+0.4999999
45+0.5999999
45+0.6999999
45+0.7999999
45+0.8999999
45+0.9999999
45+1.0999999
45+1.1999999
45+1.2999999
45+1.3999999
45+1.4999999
45+1.5999999
45+1.6999999
45+1.7999999
45+1.8999999
45+1.9999999
45+2.0999999
45+2.1999999
45+2.2999999
45+2.3999999
45+2.4999999
45+2.5999999
45+2.6999999
45+2.7999999
45+2.8999999
45+2.9999999
45+3.0999999
45+3.1999999
45+3.2999999
45+3.3999999
45+3.4999999
45+3.5999999
45+3.6999999
45+3.7999999
45+3.8999999
45+3.9999999
45+4.0999999
45+4.1999999
45+4.2999999
45+4.3999999
45+4.4999999
45+4.5999999
45+4.6999999
45+4.7999999
45+4.8999999
45+4.9999999
45+5.0999999
45+5.1999999
45+5.2999999
45+5.3999999
45+5.4999999
45+5.5999999
45+5.6999999
45+5.7999999
45+5.8999999
45+5.9999999
45+6.0999999
45+6.1999999
45+6.2999999
45+6.3999999
45+6.4999999
45+6.5999999
45+6.6999999
45+6.7999999
45+6.8999999
45+6.9999999
45+7.0999999
45+7.1999999
45+7.2999999
45+7.3999999
45+7.4999999
45+7.5999999
45+7.6999999
45+7.7999999
45+7.8999999
45+7.9999999
45+8.0999999
45+8.1999999
45+8.2999999
45+8.3999999
45+8.4999999
45+8.5999999
45+8.6999999
45+8.7999999
45+8.8999999
45+8.9999999
45+9.0999999
45+9.1999999
45+9.2999999
45+9.3999999
45+9.5
45+9.6000000
45+9.7000000
45+9.8000000
45+9.9000000
45+10.000000
45+10.100000
45+10.200000
45+10.300000
45+10.400000
45+10.500000
45+10.600000
45+10.700000
45+10.800000
45+10.900000
45+11.000000
45+11.100000
45+11.200000
45+11.300000
45+11.400000
45+11.500000
45+11.600000
45+11.700000
45+11.800000
45+11.900000
45+12.000000
45+12.100000
45+12.200000
45+12.300000
45+12.400000
45+12.500000
45+12.600000
45+12.700000
45+12.800000
45+12.900000
45+13.000000
45+13.100000
45+13.200000
45+13.300000
45+13.400000
45+13.500000
45+13.600000
45+13.700000
45+13.800000
45+13.900000
45+14.000000
45+14.100000
45+14.200000
45+14.300000
45+14.400000
45+14.500000
45+14.600000
45+14.700000
45+14.800000
45+14.900000
45+15.000000
45+15.100000
45+15.200000
45+15.300000
45+15.400000
45+15.500000
45+15.600000
45+15.700000
45+15.800000
45+15.900000
45+16.000000
45+16.100000
45+16.200000
45+16.300000
45+16.400000
45+16.500000
45+16.600000
45+16.700000
45+16.800000
45+16.900000
-1
46+-3
46+-2.900000
46+-2.800000
46+-2.700000
46+-2.600000
46+-2.500000
46+-2.400000
46+-2.300000
46+-2.200000
46+-2.100000
46+-2.000000
46+-1.900000
46+-1.800000
46+-1.700000
46+-1.600000
46+-1.500000
46+-1.400000
46+-1.300000
46+-1.200000
46+-1.100000
46+-1.000000
46+-0.900000
46+-0.800000
46+-0.700000
46+-0.600000
46+-0.500000
46+-0.400000
46+-0.300000
46+-0.200000
46+-0.100000
46+-9.345058
46+0.0999999
46+0.1999999
46+0.2999999
46+0.3999999
46+0.4999999
46+0.5999999
46+0.6999999
46+0.7999999
46+0.8999999
46+0.9999999
46+1.0999999
46+1.1999999
46+1.2999999
46+1.3999999
46+1.4999999
46+1.5999999
46+1.6999999
46+1.7999999
46+1.8999999
46+1.9999999
46+2.0999999
46+2.1999999
46+2.2999999
46+2.3999999
46+2.4999999
46+2.5999999
46+2.6999999
46+2.7999999
46+2.8999999
46+2.9999999
46+3.0999999
46+3.1999999
46+3.2999999
46+3.3999999
46+3.4999999
46+3.5999999
46+3.6999999
46+3.7999999
46+3.8999999
46+3.9999999
46+4.0999999
46+4.1999999
46+4.2999999
46+4.3999999
46+4.4999999
46+4.5999999
46+4.6999999
46+4.7999999
46+4.8999999
46+4.9999999
46+5.0999999
46+5.1999999
46+5.2999999
46+5.3999999
46+5.4999999
46+5.5999999
46+5.6999999
46+5.7999999
46+5.8999999
46+5.9999999
46+6.0999999
46+6.1999999
46+6.2999999
46+6.3999999
46+6.4999999
46+6.5999999
46+6.6999999
46+6.7999999
46+6.8999999
46+6.9999999
46+7.0999999
46+7.1999999
46+7.2999999
46+7.3999999
46+7.4999999
46+7.5999999
46+7.6999999
46+7.7999999
46+7.8999999
46+7.9999999
46+8.0999999
46+8.1999999
46+8.2999999
46+8.3999999
46+8.4999999
46+8.5999999
46+8.6999999
46+8.7999999
46+8.8999999
46+8.9999999
46+9.0999999
46+9.1999999
46+9.2999999
46+9.3999999
46+9.5
46+9.6000000
46+9.7000000
46+9.8000000
46+9.9000000
46+10.000000
46+10.100000
46+10.200000
46+10.300000
46+10.400000
46+10.500000
46+10.600000
46+10.700000
46+10.800000
46+10.900000
46+11.000000
46+11.100000
46+11.200000
46+11.300000
46+11.400000
46+11.500000
46+11.600000
46+11.700000
46+11.800000
46+11.900000
46+12.000000
46+12.100000
46+12.200000
46+12.300000
46+12.400000
46+12.500000
46+12.600000
46+12.700000
46+12.800000
46+12.900000
46+13.000000
46+13.100000
46+13.200000
46+13.300000
46+13.400000
46+13.500000
46+13.600000
46+13.700000
46+13.800000
46+13.900000
46+14.000000
46+14.100000
46+14.200000
46+14.300000
46+14.400000
46+14.500000
46+14.600000
46+14.700000
46+14.800000
46+14.900000
46+15.000000
46+15.100000
46+15.200000
46+15.300000
46+15.400000
46+15.500000
46+15.600000
46+15.700000
46+15.800000
46+15.900000
46+16.000000
46+16.100000
46+16.200000
46+16.300000
46+16.400000
46+16.500000
46+16.600000
46+16.700000
46+16.800000
46+16.900000
-1
47+-3
47+-2.900000
47+-2.800000
47+-2.700000
47+-2.600000
47+-2.500000
47+-2.400000
47+-2.300000
47+-2.200000
47+-2.100000
47+-2.000000
47+-1.900000
47+-1.800000
47+-1.700000
47+-1.600000
47+-1.500000
47+-1.400000
47+-1.300000
47+-1.200000
47+-1.100000
47+-1.000000
47+-0.900000
47+-0.800000
47+-0.700000
47+-0.600000
47+-0.500000
47+-0.400000
47+-0.300000
47+-0.200000
47+-0.100000
47+-9.345058
47+0.0999999
47+0.1999999
47+0.2999999
47+0.3999999
47+0.4999999
47+0.5999999
47+0.6999999
47+0.7999999
47+0.8999999
47+0.9999999
47+1.0999999
47+1.1999999
47+1.2999999
47+1.3999999
47+1.4999999
47+1.5999999
47+1.6999999
47+1.7999999
47+1.8999999
47+1.9999999
47+2.0999999
47+2.1999999
47+2.2999999
47+2.3999999
47+2.4999999
47+2.5999999
47+2.6999999
47+2.7999999
47+2.8999999
47+2.9999999
47+3.0999999
47+3.1999999
47+3.2999999
47+3.3999999
47+3.4999999
47+3.5999999
47+3.6999999
47+3.7999999
47+3.8999999
47+3.9999999
47+4.0999999
47+4.1999999
47+4.2999999
47+4.3999999
47+4.4999999
47+4.5999999
47+4.6999999
47+4.7999999
47+4.8999999
47+4.9999999
47+5.0999999
47+5.1999999
47+5.2999999
47+5.3999999
47+5.4999999
47+5.5999999
47+5.6999999
47+5.7999999
47+5.8999999
47+5.9999999
47+6.0999999
47+6.1999999
47+6.2999999
47+6.3999999
47+6.4999999
47+6.5999999
47+6.6999999
47+6.7999999
47+6.8999999
47+6.9999999
47+7.0999999
47+7.1999999
47+7.2999999
47+7.3999999
47+7.4999999
47+7.5999999
47+7.6999999
47+7.7999999
47+7.8999999
47+7.9999999
47+8.0999999
47+8.1999999
47+8.2999999
47+8.3999999
47+8.4999999
47+8.5999999
47+8.6999999
47+8.7999999
47+8.8999999
47+8.9999999
47+9.0999999
47+9.1999999
47+9.2999999
47+9.3999999
47+9.5
47+9.6000000
47+9.7000000
47+9.8000000
47+9.9000000
47+10.000000
47+10.100000
47+10.200000
47+10.300000
47+10.400000
47+10.500000
47+10.600000
47+10.700000
47+10.800000
47+10.900000
47+11.000000
47+11.100000
47+11.200000
47+11.300000
47+11.400000
47+11.500000
47+11.600000
47+11.700000
47+11.800000
47+11.900000
47+12.000000
47+12.100000
47+12.200000
47+12.300000
47+12.400000
47+12.500000
47+12.600000
47+12.700000
47+12.800000
47+12.900000
47+13.000000
47+13.100000
47+13.200000
47+13.300000
47+13.400000
47+13.500000
47+13.600000
47+13.700000
47+13.800000
47+13.900000
47+14.000000
47+14.100000
47+14.200000
47+14.300000
47+14.400000
47+14.500000
47+14.600000
47+14.700000
47+14.800000
47+14.900000
47+15.000000
47+15.100000
47+15.200000
47+15.300000
47+15.400000
47+15.500000
47+15.600000
47+15.700000
47+15.800000
47+15.900000
47+16.000000
47+16.100000
47+16.200000
47+16.300000
47+16.400000
47+16.500000
47+16.600000
47+16.700000
47+16.800000
47+16.900000
-1
48+-3
48+-2.900000
48+-2.800000
48+-2.700000
48+-2.600000
48+-2.500000
48+-2.400000
48+-2.300000
48+-2.200000
48+-2.100000
48+-2.000000
48+-1.900000
48+-1.800000
48+-1.700000
48+-1.600000
48+-1.500000
48+-1.400000
48+-1.300000
48+-1.200000
48+-1.100000
48+-1.000000
48+-0.900000
48+-0.800000
48+-0.700000
48+-0.600000
48+-0.500000
48+-0.400000
48+-0.300000
48+-0.200000
48+-0.100000
48+-9.345058
48+0.0999999
48+0.1999999
48+0.2999999
48+0.3999999
48+0.4999999
48+0.5999999
48+0.6999999
48+0.7999999
48+0.8999999
48+0.9999999
48+1.0999999
48+1.1999999
48+1.2999999
48+1.3999999
48+1.4999999
48+1.5999999
48+1.6999999
48+1.7999999
48+1.8999999
48+1.9999999
48+2.0999999
48+2.1999999
48+2.2999999
48+2.3999999
48+2.4999999
48+2.5999999
48+2.6999999
48+2.7999999
48+2.8999999
48+2.9999999
48+3.0999999
48+3.1999999
48+3.2999999
48+3.3999999
48+3.4999999
48+3.5999999
48+3.6999999
48+3.7999999
48+3.8999999
48+3.9999999
48+4.0999999
48+4.1999999
48+4.2999999
48+4.3999999
48+4.4999999
48+4.5999999
48+4.6999999
48+4.7999999
48+4.8999999
48+4.9999999
48+5.0999999
48+5.1999999
48+5.2999999
48+5.3999999
48+5.4999999
48+5.5999999
48+5.6999999
48+5.7999999
48+5.8999999
48+5.9999999
48+6.0999999
48+6.1999999
48+6.2999999
48+6.3999999
48+6.4999999
48+6.5999999
48+6.6999999
48+6.7999999
48+6.8999999
48+6.9999999
48+7.0999999
48+7.1999999
48+7.2999999
48+7.3999999
48+7.4999999
48+7.5999999
48+7.6999999
48+7.7999999
48+7.8999999
48+7.9999999
48+8.0999999
48+8.1999999
48+8.2999999
48+8.3999999
48+8.4999999
48+8.5999999
48+8.6999999
48+8.7999999
48+8.8999999
48+8.9999999
48+9.0999999
48+9.1999999
48+9.2999999
48+9.3999999
48+9.5
48+9.6000000
48+9.7000000
48+9.8000000
48+9.9000000
48+10.000000
48+10.100000
48+10.200000
48+10.300000
48+10.400000
48+10.500000
48+10.600000
48+10.700000
48+10.800000
48+10.900000
48+11.000000
48+11.100000
48+11.200000
48+11.300000
48+11.400000
48+11.500000
48+11.600000
48+11.700000
48+11.800000
48+11.900000
48+12.000000
48+12.100000
48+12.200000
48+12.300000
48+12.400000
48+12.500000
48+12.600000
48+12.700000
48+12.800000
48+12.900000
48+13.000000
48+13.100000
48+13.200000
48+13.300000
48+13.400000
48+13.500000
48+13.600000
48+13.700000
48+13.800000
48+13.900000
48+14.000000
48+14.100000
48+14.200000
48+14.300000
48+14.400000
48+14.500000
48+14.600000
48+14.700000
48+14.800000
48+14.900000
48+15.000000
48+15.100000
48+15.200000
48+15.300000
48+15.400000
48+15.500000
48+15.600000
48+15.700000
48+15.800000
48+15.900000
48+16.000000
48+16.100000
48+16.200000
48+16.300000
48+16.400000
48+16.500000
48+16.600000
48+16.700000
48+16.800000
48+16.900000
-1
49+-3
49+-2.900000
49+-2.800000
49+-2.700000
49+-2.600000
49+-2.500000
49+-2.400000
49+-2.300000
49+-2.200000
49+-2.100000
49+-2.000000
49+-1.900000
49+-1.800000
49+-1.700000
49+-1.600000
49+-1.500000
49+-1.400000
49+-1.300000
49+-1.200000
49+-1.100000
49+-1.000000
49+-0.900000
49+-0.800000
49+-0.700000
49+-0.600000
49+-0.500000
49+-0.400000
49+-0.300000
49+-0.200000
49+-0.100000
49+-9.345058
49+0.0999999
49+0.1999999
49+0.2999999
49+0.3999999
49+0.4999999
49+0.5999999
49+0.6999999
49+0.7999999
49+0.8999999
49+0.9999999
49+1.0999999
49+1.1999999
49+1.2999999
49+1.3999999
49+1.4999999
49+1.5999999
49+1.6999999
49+1.7999999
49+1.8999999
49+1.9999999
49+2.0999999
49+2.1999999
49+2.2999999
49+2.3999999
49+2.4999999
49+2.5999999
49+2.6999999
49+2.7999999
49+2.8999999
49+2.9999999
49+3.0999999
49+3.1999999
49+3.2999999
49+3.3999999
49+3.4999999
49+3.5999999
49+3.6999999
49+3.7999999
49+3.8999999
49+3.9999999
49+4.0999999
49+4.1999999
49+4.2999999
49+4.3999999
49+4.4999999
49+4.5999999
49+4.6999999
49+4.7999999
49+4.8999999
49+4.9999999
49+5.0999999
49+5.1999999
49+5.2999999
49+5.3999999
49+5.4999999
49+5.5999999
49+5.6999999
49+5.7999999
49+5.8999999
49+5.9999999
49+6.0999999
49+6.1999999
49+6.2999999
49+6.3999999
49+6.4999999
49+6.5999999
49+6.6999999
49+6.7999999
49+6.8999999
49+6.9999999
49+7.0999999
49+7.1999999
49+7.2999999
49+7.3999999
49+7.4999999
49+7.5999999
49+7.6999999
49+7.7999999
49+7.8999999
49+7.9999999
49+8.0999999
49+8.1999999
49+8.2999999
49+8.3999999
49+8.4999999
49+8.5999999
49+8.6999999
49+8.7999999
49+8.8999999
49+8.9999999
49+9.0999999
49+9.1999999
49+9.2999999
49+9.3999999
49+9.5
49+9.6000000
49+9.7000000
49+9.8000000
49+9.9000000
49+10.000000
49+10.100000
49+10.200000
49+10.300000
49+10.400000
49+10.500000
49+10.600000
49+10.700000
49+10.800000
49+10.900000
49+11.000000
49+11.100000
49+11.200000
49+11.300000
49+11.400000
49+11.500000
49+11.600000
49+11.700000
49+11.800000
49+11.900000
49+12.000000
49+12.100000
49+12.200000
49+12.300000
49+12.400000
49+12.500000
49+12.600000
49+12.700000
49+12.800000
49+12.900000
49+13.000000
49+13.100000
49+13.200000
49+13.300000
49+13.400000
49+13.500000
49+13.600000
49+13.700000
49+13.800000
49+13.900000
49+14.000000
49+14.100000
49+14.200000
49+14.300000
49+14.400000
49+14.500000
49+14.600000
49+14.700000
49+14.800000
49+14.900000
49+15.000000
49+15.100000
49+15.200000
49+15.300000
49+15.400000
49+15.500000
49+15.600000
49+15.700000
49+15.800000
49+15.900000
49+16.000000
49+16.100000
49+16.200000
49+16.300000
49+16.400000
49+16.500000
49+16.600000
49+16.700000
49+16.800000
49+16.900000
-1
50+-3
50+-2.900000
50+-2.800000
50+-2.700000
50+-2.600000
50+-2.500000
50+-2.400000
50+-2.300000
50+-2.200000
50+-2.100000
50+-2.000000
50+-1.900000
50+-1.800000
50+-1.700000
50+-1.600000
50+-1.500000
50+-1.400000
50+-1.300000
50+-1.200000
50+-1.100000
50+-1.000000
50+-0.900000
50+-0.800000
50+-0.700000
50+-0.600000
50+-0.500000
50+-0.400000
50+-0.300000
50+-0.200000
50+-0.100000
50+-9.345058
50+0.0999999
50+0.1999999
50+0.2999999
50+0.3999999
50+0.4999999
50+0.5999999
50+0.6999999
50+0.7999999
50+0.8999999
50+0.9999999
50+1.0999999
50+1.1999999
50+1.2999999
50+1.3999999
50+1.4999999
50+1.5999999
50+1.6999999
50+1.7999999
50+1.8999999
50+1.9999999
50+2.0999999
50+2.1999999
50+2.2999999
50+2.3999999
50+2.4999999
50+2.5999999
50+2.6999999
50+2.7999999
50+2.8999999
50+2.9999999
50+3.0999999
50+3.1999999
50+3.2999999
50+3.3999999
50+3.4999999
50+3.5999999
50+3.6999999
50+3.7999999
50+3.8999999
50+3.9999999
50+4.0999999
50+4.1999999
50+4.2999999
50+4.3999999
50+4.4999999
50+4.5999999
50+4.6999999
50+4.7999999
50+4.8999999
50+4.9999999
50+5.0999999
50+5.1999999
50+5.2999999
50+5.3999999
50+5.4999999
50+5.5999999
50+5.6999999
50+5.7999999
50+5.8999999
50+5.9999999
50+6.0999999
50+6.1999999
50+6.2999999
50+6.3999999
50+6.4999999
50+6.5999999
50+6.6999999
50+6.7999999
50+6.8999999
50+6.9999999
50+7.0999999
50+7.1999999
50+7.2999999
50+7.3999999
50+7.4999999
50+7.5999999
50+7.6999999
50+7.7999999
50+7.8999999
50+7.9999999
50+8.0999999
50+8.1999999
50+8.2999999
50+8.3999999
50+8.4999999
50+8.5999999
50+8.6999999
50+8.7999999
50+8.8999999
50+8.9999999
50+9.0999999
50+9.1999999
50+9.2999999
50+9.3999999
50+9.5
50+9.6000000
50+9.7000000
50+9.8000000
50+9.9000000
50+10.000000
50+10.100000
50+10.200000
50+10.300000
50+10.400000
50+10.500000
50+10.600000
50+10.700000
50+10.800000
50+10.900000
50+11.000000
50+11.100000
50+11.200000
50+11.300000
50+11.400000
50+11.500000
50+11.600000
50+11.700000
50+11.800000
50+11.900000
50+12.000000
50+12.100000
50+12.200000
50+12.300000
50+12.400000
50+12.500000
50+12.600000
50+12.700000
50+12.800000
50+12.900000
50+13.000000
50+13.100000
50+13.200000
50+13.300000
50+13.400000
50+13.500000
50+13.600000
50+13.700000
50+13.800000
50+13.900000
50+14.000000
50+14.100000
50+14.200000
50+14.300000
50+14.400000
50+14.500000
50+14.600000
50+14.700000
50+14.800000
50+14.900000
50+15.000000
50+15.100000
50+15.200000
50+15.300000
50+15.400000
50+15.500000
50+15.600000
50+15.700000
50+15.800000
50+15.900000
50+16.000000
50+16.100000
50+16.200000
50+16.300000
50+16.400000
50+16.500000
50+16.600000
50+16.700000
50+16.800000
50+16.900000
-1
51+-3
51+-2.900000
51+-2.800000
51+-2.700000
51+-2.600000
51+-2.500000
51+-2.400000
51+-2.300000
51+-2.200000
51+-2.100000
51+-2.000000
51+-1.900000
51+-1.800000
51+-1.700000
51+-1.600000
51+-1.500000
51+-1.400000
51+-1.300000
51+-1.200000
51+-1.100000
51+-1.000000
51+-0.900000
51+-0.800000
51+-0.700000
51+-0.600000
51+-0.500000
51+-0.400000
51+-0.300000
51+-0.200000
51+-0.100000
51+-9.345058
51+0.0999999
51+0.1999999
51+0.2999999
51+0.3999999
51+0.4999999
51+0.5999999
51+0.6999999
51+0.7999999
51+0.8999999
51+0.9999999
51+1.0999999
51+1.1999999
51+1.2999999
51+1.3999999
51+1.4999999
51+1.5999999
51+1.6999999
51+1.7999999
51+1.8999999
51+1.9999999
51+2.0999999
51+2.1999999
51+2.2999999
51+2.3999999
51+2.4999999
51+2.5999999
51+2.6999999
51+2.7999999
51+2.8999999
51+2.9999999
51+3.0999999
51+3.1999999
51+3.2999999
51+3.3999999
51+3.4999999
51+3.5999999
51+3.6999999
51+3.7999999
51+3.8999999
51+3.9999999
51+4.0999999
51+4.1999999
51+4.2999999
51+4.3999999
51+4.4999999
51+4.5999999
51+4.6999999
51+4.7999999
51+4.8999999
51+4.9999999
51+5.0999999
51+5.1999999
51+5.2999999
51+5.3999999
51+5.4999999
51+5.5999999
51+5.6999999
51+5.7999999
51+5.8999999
51+5.9999999
51+6.0999999
51+6.1999999
51+6.2999999
51+6.3999999
51+6.4999999
51+6.5999999
51+6.6999999
51+6.7999999
51+6.8999999
51+6.9999999
51+7.0999999
51+7.1999999
51+7.2999999
51+7.3999999
51+7.4999999
51+7.5999999
51+7.6999999
51+7.7999999
51+7.8999999
51+7.9999999
51+8.0999999
51+8.1999999
51+8.2999999
51+8.3999999
51+8.4999999
51+8.5999999
51+8.6999999
51+8.7999999
51+8.8999999
51+8.9999999
51+9.0999999
51+9.1999999
51+9.2999999
51+9.3999999
51+9.5
51+9.6000000
51+9.7000000
51+9.8000000
51+9.9000000
51+10.000000
51+10.100000
51+10.200000
51+10.300000
51+10.400000
51+10.500000
51+10.600000
51+10.700000
51+10.800000
51+10.900000
51+11.000000
51+11.100000
51+11.200000
51+11.300000
51+11.400000
51+11.500000
51+11.600000
51+11.700000
51+11.800000
51+11.900000
51+12.000000
51+12.100000
51+12.200000
51+12.300000
51+12.400000
51+12.500000
51+12.600000
51+12.700000
51+12.800000
51+12.900000
51+13.000000
51+13.100000
51+13.200000
51+13.300000
51+13.400000
51+13.500000
51+13.600000
51+13.700000
51+13.800000
51+13.900000
51+14.000000
51+14.100000
51+14.200000
51+14.300000
51+14.400000
51+14.500000
51+14.600000
51+14.700000
51+14.800000
51+14.900000
51+15.000000
51+15.100000
51+15.200000
51+15.300000
51+15.400000
51+15.500000
51+15.600000
51+15.700000
51+15.800000
51+15.900000
51+16.000000
51+16.100000
51+16.200000
51+16.300000
51+16.400000
51+16.500000
51+16.600000
51+16.700000
51+16.800000
51+16.900000
-1
52+-3
52+-2.900000
52+-2.800000
52+-2.700000
52+-2.600000
52+-2.500000
52+-2.400000
52+-2.300000
52+-2.200000
52+-2.100000
52+-2.000000
52+-1.900000
52+-1.800000
52+-1.700000
52+-1.600000
52+-1.500000
52+-1.400000
52+-1.300000
52+-1.200000
52+-1.100000
52+-1.000000
52+-0.900000
52+-0.800000
52+-0.700000
52+-0.600000
52+-0.500000
52+-0.400000
52+-0.300000
52+-0.200000
52+-0.100000
52+-9.345058
52+0.0999999
52+0.1999999
52+0.2999999
52+0.3999999
52+0.4999999
52+0.5999999
52+0.6999999
52+0.7999999
52+0.8999999
52+0.9999999
52+1.0999999
52+1.1999999
52+1.2999999
52+1.3999999
52+1.4999999
52+1.5999999
52+1.6999999
52+1.7999999
52+1.8999999
52+1.9999999
52+2.0999999
52+2.1999999
52+2.2999999
52+2.3999999
52+2.4999999
52+2.5999999
52+2.6999999
52+2.7999999
52+2.8999999
52+2.9999999
52+3.0999999
52+3.1999999
52+3.2999999
52+3.3999999
52+3.4999999
52+3.5999999
52+3.6999999
52+3.7999999
52+3.8999999
52+3.9999999
52+4.0999999
52+4.1999999
52+4.2999999
52+4.3999999
52+4.4999999
52+4.5999999
52+4.6999999
52+4.7999999
52+4.8999999
52+4.9999999
52+5.0999999
52+5.1999999
52+5.2999999
52+5.3999999
52+5.4999999
52+5.5999999
52+5.6999999
52+5.7999999
52+5.8999999
52+5.9999999
52+6.0999999
52+6.1999999
52+6.2999999
52+6.3999999
52+6.4999999
52+6.5999999
52+6.6999999
52+6.7999999
52+6.8999999
52+6.9999999
52+7.0999999
52+7.1999999
52+7.2999999
52+7.3999999
52+7.4999999
52+7.5999999
52+7.6999999
52+7.7999999
52+7.8999999
52+7.9999999
52+8.0999999
52+8.1999999
52+8.2999999
52+8.3999999
52+8.4999999
52+8.5999999
52+8.6999999
52+8.7999999
52+8.8999999
52+8.9999999
52+9.0999999
52+9.1999999
52+9.2999999
52+9.3999999
52+9.5
52+9.6000000
52+9.7000000
52+9.8000000
52+9.9000000
52+10.000000
52+10.100000
52+10.200000
52+10.300000
52+10.400000
52+10.500000
52+10.600000
52+10.700000
52+10.800000
52+10.900000
52+11.000000
52+11.100000
52+11.200000
52+11.300000
52+11.400000
52+11.500000
52+11.600000
52+11.700000
52+11.800000
52+11.900000
52+12.000000
52+12.100000
52+12.200000
52+12.300000
52+12.400000
52+12.500000
52+12.600000
52+12.700000
52+12.800000
52+12.900000
52+13.000000
52+13.100000
52+13.200000
52+13.300000
52+13.400000
52+13.500000
52+13.600000
52+13.700000
52+13.800000
52+13.900000
52+14.000000
52+14.100000
52+14.200000
52+14.300000
52+14.400000
52+14.500000
52+14.600000
52+14.700000
52+14.800000
52+14.900000
52+15.000000
52+15.100000
52+15.200000
52+15.300000
52+15.400000
52+15.500000
52+15.600000
52+15.700000
52+15.800000
52+15.900000
52+16.000000
52+16.100000
52+16.200000
52+16.300000
52+16.400000
52+16.500000
52+16.600000
52+16.700000
52+16.800000
52+16.900000
-1
53+-3
53+-2.900000
53+-2.800000
53+-2.700000
53+-2.600000
53+-2.500000
53+-2.400000
53+-2.300000
53+-2.200000
53+-2.100000
53+-2.000000
53+-1.900000
53+-1.800000
53+-1.700000
53+-1.600000
53+-1.500000
53+-1.400000
53+-1.300000
53+-1.200000
53+-1.100000
53+-1.000000
53+-0.900000
53+-0.800000
53+-0.700000
53+-0.600000
53+-0.500000
53+-0.400000
53+-0.300000
53+-0.200000
53+-0.100000
53+-9.345058
53+0.0999999
53+0.1999999
53+0.2999999
53+0.3999999
53+0.4999999
53+0.5999999
53+0.6999999
53+0.7999999
53+0.8999999
53+0.9999999
53+1.0999999
53+1.1999999
53+1.2999999
53+1.3999999
53+1.4999999
53+1.5999999
53+1.6999999
53+1.7999999
53+1.8999999
53+1.9999999
53+2.0999999
53+2.1999999
53+2.2999999
53+2.3999999
53+2.4999999
53+2.5999999
53+2.6999999
53+2.7999999
53+2.8999999
53+2.9999999
53+3.0999999
53+3.1999999
53+3.2999999
53+3.3999999
53+3.4999999
53+3.5999999
53+3.6999999
53+3.7999999
53+3.8999999
53+3.9999999
53+4.0999999
53+4.1999999
53+4.2999999
53+4.3999999
53+4.4999999
53+4.5999999
53+4.6999999
53+4.7999999
53+4.8999999
53+4.9999999
53+5.0999999
53+5.1999999
53+5.2999999
53+5.3999999
53+5.4999999
53+5.5999999
53+5.6999999
53+5.7999999
53+5.8999999
53+5.9999999
53+6.0999999
53+6.1999999
53+6.2999999
53+6.3999999
53+6.4999999
53+6.5999999
53+6.6999999
53+6.7999999
53+6.8999999
53+6.9999999
53+7.0999999
53+7.1999999
53+7.2999999
53+7.3999999
53+7.4999999
53+7.5999999
53+7.6999999
53+7.7999999
53+7.8999999
53+7.9999999
53+8.0999999
53+8.1999999
53+8.2999999
53+8.3999999
53+8.4999999
53+8.5999999
53+8.6999999
53+8.7999999
53+8.8999999
53+8.9999999
53+9.0999999
53+9.1999999
53+9.2999999
53+9.3999999
53+9.5
53+9.6000000
53+9.7000000
53+9.8000000
53+9.9000000
53+10.000000
53+10.100000
53+10.200000
53+10.300000
53+10.400000
53+10.500000
53+10.600000
53+10.700000
53+10.800000
53+10.900000
53+11.000000
53+11.100000
53+11.200000
53+11.300000
53+11.400000
53+11.500000
53+11.600000
53+11.700000
53+11.800000
53+11.900000
53+12.000000
53+12.100000
53+12.200000
53+12.300000
53+12.400000
53+12.500000
53+12.600000
53+12.700000
53+12.800000
53+12.900000
53+13.000000
53+13.100000
53+13.200000
53+13.300000
53+13.400000
53+13.500000
53+13.600000
53+13.700000
53+13.800000
53+13.900000
53+14.000000
53+14.100000
53+14.200000
53+14.300000
53+14.400000
53+14.500000
53+14.600000
53+14.700000
53+14.800000
53+14.900000
53+15.000000
53+15.100000
53+15.200000
53+15.300000
53+15.400000
53+15.500000
53+15.600000
53+15.700000
53+15.800000
53+15.900000
53+16.000000
53+16.100000
53+16.200000
53+16.300000
53+16.400000
53+16.500000
53+16.600000
53+16.700000
53+16.800000
53+16.900000
-1
54+-3
54+-2.900000
54+-2.800000
54+-2.700000
54+-2.600000
54+-2.500000
54+-2.400000
54+-2.300000
54+-2.200000
54+-2.100000
54+-2.000000
54+-1.900000
54+-1.800000
54+-1.700000
54+-1.600000
54+-1.500000
54+-1.400000
54+-1.300000
54+-1.200000
54+-1.100000
54+-1.000000
54+-0.900000
54+-0.800000
54+-0.700000
54+-0.600000
54+-0.500000
54+-0.400000
54+-0.300000
54+-0.200000
54+-0.100000
54+-9.345058
54+0.0999999
54+0.1999999
54+0.2999999
54+0.3999999
54+0.4999999
54+0.5999999
54+0.6999999
54+0.7999999
54+0.8999999
54+0.9999999
54+1.0999999
54+1.1999999
54+1.2999999
54+1.3999999
54+1.4999999
54+1.5999999
54+1.6999999
54+1.7999999
54+1.8999999
54+1.9999999
54+2.0999999
54+2.1999999
54+2.2999999
54+2.3999999
54+2.4999999
54+2.5999999
54+2.6999999
54+2.7999999
54+2.8999999
54+2.9999999
54+3.0999999
54+3.1999999
54+3.2999999
54+3.3999999
54+3.4999999
54+3.5999999
54+3.6999999
54+3.7999999
54+3.8999999
54+3.9999999
54+4.0999999
54+4.1999999
54+4.2999999
54+4.3999999
54+4.4999999
54+4.5999999
54+4.6999999
54+4.7999999
54+4.8999999
54+4.9999999
54+5.0999999
54+5.1999999
54+5.2999999
54+5.3999999
54+5.4999999
54+5.5999999
54+5.6999999
54+5.7999999
54+5.8999999
54+5.9999999
54+6.0999999
54+6.1999999
54+6.2999999
54+6.3999999
54+6.4999999
54+6.5999999
54+6.6999999
54+6.7999999
54+6.8999999
54+6.9999999
54+7.0999999
54+7.1999999
54+7.2999999
54+7.3999999
54+7.4999999
54+7.5999999
54+7.6999999
54+7.7999999
54+7.8999999
54+7.9999999
54+8.0999999
54+8.1999999
54+8.2999999
54+8.3999999
54+8.4999999
54+8.5999999
54+8.6999999
54+8.7999999
54+8.8999999
54+8.9999999
54+9.0999999
54+9.1999999
54+9.2999999
54+9.3999999
54+9.5
54+9.6000000
54+9.7000000
54+9.8000000
54+9.9000000
54+10.000000
54+10.100000
54+10.200000
54+10.300000
54+10.400000
54+10.500000
54+10.600000
54+10.700000
54+10.800000
54+10.900000
54+11.000000
54+11.100000
54+11.200000
54+11.300000
54+11.400000
54+11.500000
54+11.600000
54+11.700000
54+11.800000
54+11.900000
54+12.000000
54+12.100000
54+12.200000
54+12.300000
54+12.400000
54+12.500000
54+12.600000
54+12.700000
54+12.800000
54+12.900000
54+13.000000
54+13.100000
54+13.200000
54+13.300000
54+13.400000
54+13.500000
54+13.600000
54+13.700000
54+13.800000
54+13.900000
54+14.000000
54+14.100000
54+14.200000
54+14.300000
54+14.400000
54+14.500000
54+14.600000
54+14.700000
54+14.800000
54+14.900000
54+15.000000
54+15.100000
54+15.200000
54+15.300000
54+15.400000
54+15.500000
54+15.600000
54+15.700000
54+15.800000
54+15.900000
54+16.000000
54+16.100000
54+16.200000
54+16.300000
54+16.400000
54+16.500000
54+16.600000
54+16.700000
54+16.800000
54+16.900000
-1
55+-3
55+-2.900000
55+-2.800000
55+-2.700000
55+-2.600000
55+-2.500000
55+-2.400000
55+-2.300000
55+-2.200000
55+-2.100000
55+-2.000000
55+-1.900000
55+-1.800000
55+-1.700000
55+-1.600000
55+-1.500000
55+-1.400000
55+-1.300000
55+-1.200000
55+-1.100000
55+-1.000000
55+-0.900000
55+-0.800000
55+-0.700000
55+-0.600000
55+-0.500000
55+-0.400000
55+-0.300000
55+-0.200000
55+-0.100000
55+-9.345058
55+0.0999999
55+0.1999999
55+0.2999999
55+0.3999999
55+0.4999999
55+0.5999999
55+0.6999999
55+0.7999999
55+0.8999999
55+0.9999999
55+1.0999999
55+1.1999999
55+1.2999999
55+1.3999999
55+1.4999999
55+1.5999999
55+1.6999999
55+1.7999999
55+1.8999999
55+1.9999999
55+2.0999999
55+2.1999999
55+2.2999999
55+2.3999999
55+2.4999999
55+2.5999999
55+2.6999999
55+2.7999999
55+2.8999999
55+2.9999999
55+3.0999999
55+3.1999999
55+3.2999999
55+3.3999999
55+3.4999999
55+3.5999999
55+3.6999999
55+3.7999999
55+3.8999999
55+3.9999999
55+4.0999999
55+4.1999999
55+4.2999999
55+4.3999999
55+4.4999999
55+4.5999999
55+4.6999999
55+4.7999999
55+4.8999999
55+4.9999999
55+5.0999999
55+5.1999999
55+5.2999999
55+5.3999999
55+5.4999999
55+5.5999999
55+5.6999999
55+5.7999999
55+5.8999999
55+5.9999999
55+6.0999999
55+6.1999999
55+6.2999999
55+6.3999999
55+6.4999999
55+6.5999999
55+6.6999999
55+6.7999999
55+6.8999999
55+6.9999999
55+7.0999999
55+7.1999999
55+7.2999999
55+7.3999999
55+7.4999999
55+7.5999999
55+7.6999999
55+7.7999999
55+7.8999999
55+7.9999999
55+8.0999999
55+8.1999999
55+8.2999999
55+8.3999999
55+8.4999999
55+8.5999999
55+8.6999999
55+8.7999999
55+8.8999999
55+8.9999999
55+9.0999999
55+9.1999999
55+9.2999999
55+9.3999999
55+9.5
55+9.6000000
55+9.7000000
55+9.8000000
55+9.9000000
55+10.000000
55+10.100000
55+10.200000
55+10.300000
55+10.400000
55+10.500000
55+10.600000
55+10.700000
55+10.800000
55+10.900000
55+11.000000
55+11.100000
55+11.200000
55+11.300000
55+11.400000
55+11.500000
55+11.600000
55+11.700000
55+11.800000
55+11.900000
55+12.000000
55+12.100000
55+12.200000
55+12.300000
55+12.400000
55+12.500000
55+12.600000
55+12.700000
55+12.800000
55+12.900000
55+13.000000
55+13.100000
55+13.200000
55+13.300000
55+13.400000
55+13.500000
55+13.600000
55+13.700000
55+13.800000
55+13.900000
55+14.000000
55+14.100000
55+14.200000
55+14.300000
55+14.400000
55+14.500000
55+14.600000
55+14.700000
55+14.800000
55+14.900000
55+15.000000
55+15.100000
55+15.200000
55+15.300000
55+15.400000
55+15.500000
55+15.600000
55+15.700000
55+15.800000
55+15.900000
55+16.000000
55+16.100000
55+16.200000
55+16.300000
55+16.400000
55+16.500000
55+16.600000
55+16.700000
55+16.800000
55+16.900000
-1
56+-3
56+-2.900000
56+-2.800000
56+-2.700000
56+-2.600000
56+-2.500000
56+-2.400000
56+-2.300000
56+-2.200000
56+-2.100000
56+-2.000000
56+-1.900000
56+-1.800000
56+-1.700000
56+-1.600000
56+-1.500000
56+-1.400000
56+-1.300000
56+-1.200000
56+-1.100000
56+-1.000000
56+-0.900000
56+-0.800000
56+-0.700000
56+-0.600000
56+-0.500000
56+-0.400000
56+-0.300000
56+-0.200000
56+-0.100000
56+-9.345058
56+0.0999999
56+0.1999999
56+0.2999999
56+0.3999999
56+0.4999999
56+0.5999999
56+0.6999999
56+0.7999999
56+0.8999999
56+0.9999999
56+1.0999999
56+1.1999999
56+1.2999999
56+1.3999999
56+1.4999999
56+1.5999999
56+1.6999999
56+1.7999999
56+1.8999999
56+1.9999999
56+2.0999999
56+2.1999999
56+2.2999999
56+2.3999999
56+2.4999999
56+2.5999999
56+2.6999999
56+2.7999999
56+2.8999999
56+2.9999999
56+3.0999999
56+3.1999999
56+3.2999999
56+3.3999999
56+3.4999999
56+3.5999999
56+3.6999999
56+3.7999999
56+3.8999999
56+3.9999999
56+4.0999999
56+4.1999999
56+4.2999999
56+4.3999999
56+4.4999999
56+4.5999999
56+4.6999999
56+4.7999999
56+4.8999999
56+4.9999999
56+5.0999999
56+5.1999999
56+5.2999999
56+5.3999999
56+5.4999999
56+5.5999999
56+5.6999999
56+5.7999999
56+5.8999999
56+5.9999999
56+6.0999999
56+6.1999999
56+6.2999999
56+6.3999999
56+6.4999999
56+6.5999999
56+6.6999999
56+6.7999999
56+6.8999999
56+6.9999999
56+7.0999999
56+7.1999999
56+7.2999999
56+7.3999999
56+7.4999999
56+7.5999999
56+7.6999999
56+7.7999999
56+7.8999999
56+7.9999999
56+8.0999999
56+8.1999999
56+8.2999999
56+8.3999999
56+8.4999999
56+8.5999999
56+8.6999999
56+8.7999999
56+8.8999999
56+8.9999999
56+9.0999999
56+9.1999999
56+9.2999999
56+9.3999999
56+9.5
56+9.6000000
56+9.7000000
56+9.8000000
56+9.9000000
56+10.000000
56+10.100000
56+10.200000
56+10.300000
56+10.400000
56+10.500000
56+10.600000
56+10.700000
56+10.800000
56+10.900000
56+11.000000
56+11.100000
56+11.200000
56+11.300000
56+11.400000
56+11.500000
56+11.600000
56+11.700000
56+11.800000
56+11.900000
56+12.000000
56+12.100000
56+12.200000
56+12.300000
56+12.400000
56+12.500000
56+12.600000
56+12.700000
56+12.800000
56+12.900000
56+13.000000
56+13.100000
56+13.200000
56+13.300000
56+13.400000
56+13.500000
56+13.600000
56+13.700000
56+13.800000
56+13.900000
56+14.000000
56+14.100000
56+14.200000
56+14.300000
56+14.400000
56+14.500000
56+14.600000
56+14.700000
56+14.800000
56+14.900000
56+15.000000
56+15.100000
56+15.200000
56+15.300000
56+15.400000
56+15.500000
56+15.600000
56+15.700000
56+15.800000
56+15.900000
56+16.000000
56+16.100000
56+16.200000
56+16.300000
56+16.400000
56+16.500000
56+16.600000
56+16.700000
56+16.800000
56+16.900000
-1
57+-3
57+-2.900000
57+-2.800000
57+-2.700000
57+-2.600000
57+-2.500000
57+-2.400000
57+-2.300000
57+-2.200000
57+-2.100000
57+-2.000000
57+-1.900000
57+-1.800000
57+-1.700000
57+-1.600000
57+-1.500000
57+-1.400000
57+-1.300000
57+-1.200000
57+-1.100000
57+-1.000000
57+-0.900000
57+-0.800000
57+-0.700000
57+-0.600000
57+-0.500000
57+-0.400000
57+-0.300000
57+-0.200000
57+-0.100000
57+-9.345058
57+0.0999999
57+0.1999999
57+0.2999999
57+0.3999999
57+0.4999999
57+0.5999999
57+0.6999999
57+0.7999999
57+0.8999999
57+0.9999999
57+1.0999999
57+1.1999999
57+1.2999999
57+1.3999999
57+1.4999999
57+1.5999999
57+1.6999999
57+1.7999999
57+1.8999999
57+1.9999999
57+2.0999999
57+2.1999999
57+2.2999999
57+2.3999999
57+2.4999999
57+2.5999999
57+2.6999999
57+2.7999999
57+2.8999999
57+2.9999999
57+3.0999999
57+3.1999999
57+3.2999999
57+3.3999999
57+3.4999999
57+3.5999999
57+3.6999999
57+3.7999999
57+3.8999999
57+3.9999999
57+4.0999999
57+4.1999999
57+4.2999999
57+4.3999999
57+4.4999999
57+4.5999999
57+4.6999999
57+4.7999999
57+4.8999999
57+4.9999999
57+5.0999999
57+5.1999999
57+5.2999999
57+5.3999999
57+5.4999999
57+5.5999999
57+5.6999999
57+5.7999999
57+5.8999999
57+5.9999999
57+6.0999999
57+6.1999999
57+6.2999999
57+6.3999999
57+6.4999999
57+6.5999999
57+6.6999999
57+6.7999999
57+6.8999999
57+6.9999999
57+7.0999999
57+7.1999999
57+7.2999999
57+7.3999999
57+7.4999999
57+7.5999999
57+7.6999999
57+7.7999999
57+7.8999999
57+7.9999999
57+8.0999999
57+8.1999999
57+8.2999999
57+8.3999999
57+8.4999999
57+8.5999999
57+8.6999999
57+8.7999999
57+8.8999999
57+8.9999999
57+9.0999999
57+9.1999999
57+9.2999999
57+9.3999999
57+9.5
57+9.6000000
57+9.7000000
57+9.8000000
57+9.9000000
57+10.000000
57+10.100000
57+10.200000
57+10.300000
57+10.400000
57+10.500000
57+10.600000
57+10.700000
57+10.800000
57+10.900000
57+11.000000
57+11.100000
57+11.200000
57+11.300000
57+11.400000
57+11.500000
57+11.600000
57+11.700000
57+11.800000
57+11.900000
57+12.000000
57+12.100000
57+12.200000
57+12.300000
57+12.400000
57+12.500000
57+12.600000
57+12.700000
57+12.800000
57+12.900000
57+13.000000
57+13.100000
57+13.200000
57+13.300000
57+13.400000
57+13.500000
57+13.600000
57+13.700000
57+13.800000
57+13.900000
57+14.000000
57+14.100000
57+14.200000
57+14.300000
57+14.400000
57+14.500000
57+14.600000
57+14.700000
57+14.800000
57+14.900000
57+15.000000
57+15.100000
57+15.200000
57+15.300000
57+15.400000
57+15.500000
57+15.600000
57+15.700000
57+15.800000
57+15.900000
57+16.000000
57+16.100000
57+16.200000
57+16.300000
57+16.400000
57+16.500000
57+16.600000
57+16.700000
57+16.800000
57+16.900000
-1
58+-3
58+-2.900000
58+-2.800000
58+-2.700000
58+-2.600000
58+-2.500000
58+-2.400000
58+-2.300000
58+-2.200000
58+-2.100000
58+-2.000000
58+-1.900000
58+-1.800000
58+-1.700000
58+-1.600000
58+-1.500000
58+-1.400000
58+-1.300000
58+-1.200000
58+-1.100000
58+-1.000000
58+-0.900000
58+-0.800000
58+-0.700000
58+-0.600000
58+-0.500000
58+-0.400000
58+-0.300000
58+-0.200000
58+-0.100000
58+-9.345058
58+0.0999999
58+0.1999999
58+0.2999999
58+0.3999999
58+0.4999999
58+0.5999999
58+0.6999999
58+0.7999999
58+0.8999999
58+0.9999999
58+1.0999999
58+1.1999999
58+1.2999999
58+1.3999999
58+1.4999999
58+1.5999999
58+1.6999999
58+1.7999999
58+1.8999999
58+1.9999999
58+2.0999999
58+2.1999999
58+2.2999999
58+2.3999999
58+2.4999999
58+2.5999999
58+2.6999999
58+2.7999999
58+2.8999999
58+2.9999999
58+3.0999999
58+3.1999999
58+3.2999999
58+3.3999999
58+3.4999999
58+3.5999999
58+3.6999999
58+3.7999999
58+3.8999999
58+3.9999999
58+4.0999999
58+4.1999999
58+4.2999999
58+4.3999999
58+4.4999999
58+4.5999999
58+4.6999999
58+4.7999999
58+4.8999999
58+4.9999999
58+5.0999999
58+5.1999999
58+5.2999999
58+5.3999999
58+5.4999999
58+5.5999999
58+5.6999999
58+5.7999999
58+5.8999999
58+5.9999999
58+6.0999999
58+6.1999999
58+6.2999999
58+6.3999999
58+6.4999999
58+6.5999999
58+6.6999999
58+6.7999999
58+6.8999999
58+6.9999999
58+7.0999999
58+7.1999999
58+7.2999999
58+7.3999999
58+7.4999999
58+7.5999999
58+7.6999999
58+7.7999999
58+7.8999999
58+7.9999999
58+8.0999999
58+8.1999999
58+8.2999999
58+8.3999999
58+8.4999999
58+8.5999999
58+8.6999999
58+8.7999999
58+8.8999999
58+8.9999999
58+9.0999999
58+9.1999999
58+9.2999999
58+9.3999999
58+9.5
58+9.6000000
58+9.7000000
58+9.8000000
58+9.9000000
58+10.000000
58+10.100000
58+10.200000
58+10.300000
58+10.400000
58+10.500000
58+10.600000
58+10.700000
58+10.800000
58+10.900000
58+11.000000
58+11.100000
58+11.200000
58+11.300000
58+11.400000
58+11.500000
58+11.600000
58+11.700000
58+11.800000
58+11.900000
58+12.000000
58+12.100000
58+12.200000
58+12.300000
58+12.400000
58+12.500000
58+12.600000
58+12.700000
58+12.800000
58+12.900000
58+13.000000
58+13.100000
58+13.200000
58+13.300000
58+13.400000
58+13.500000
58+13.600000
58+13.700000
58+13.800000
58+13.900000
58+14.000000
58+14.100000
58+14.200000
58+14.300000
58+14.400000
58+14.500000
58+14.600000
58+14.700000
58+14.800000
58+14.900000
58+15.000000
58+15.100000
58+15.200000
58+15.300000
58+15.400000
58+15.500000
58+15.600000
58+15.700000
58+15.800000
58+15.900000
58+16.000000
58+16.100000
58+16.200000
58+16.300000
58+16.400000
58+16.500000
58+16.600000
58+16.700000
58+16.800000
58+16.900000
-1
43+-3
43.099999+-3
43.199999+-3
43.299999+-3
43.399999+-3
43.499999+-3
43.599999+-3
43.699999+-3
43.799999+-3
43.899999+-3
43.999999+-3
44.099999+-3
44.199999+-3
44.299999+-3
44.399999+-3
44.499999+-3
44.599999+-3
44.699999+-3
44.799999+-3
44.899999+-3
44.999999+-3
45.099999+-3
45.199999+-3
45.299999+-3
45.399999+-3
45.499999+-3
45.599999+-3
45.699999+-3
45.799999+-3
45.899999+-3
45.999999+-3
46.099999+-3
46.199999+-3
46.299999+-3
46.399999+-3
46.499999+-3
46.599999+-3
46.699999+-3
46.799999+-3
46.899999+-3
46.999999+-3
47.099999+-3
47.199999+-3
47.299999+-3
47.399999+-3
47.499999+-3
47.599999+-3
47.699999+-3
47.799999+-3
47.899999+-3
47.999999+-3
48.099999+-3
48.199999+-3
48.299999+-3
48.399999+-3
48.499999+-3
48.599999+-3
48.699999+-3
48.799999+-3
48.899999+-3
48.999999+-3
49.099999+-3
49.199999+-3
49.299999+-3
49.399999+-3
49.499999+-3
49.599999+-3
49.699999+-3
49.799999+-3
49.899999+-3
49.999999+-3
50.099999+-3
50.199999+-3
50.299999+-3
50.399999+-3
50.499999+-3
50.599999+-3
50.699999+-3
50.799999+-3
50.899999+-3
50.999999+-3
51.099999+-3
51.199999+-3
51.299999+-3
51.399999+-3
51.499999+-3
51.599999+-3
51.699999+-3
51.799999+-3
51.899999+-3
51.999999+-3
52.099999+-3
52.199999+-3
52.299999+-3
52.399999+-3
52.499999+-3
52.599999+-3
52.699999+-3
52.799999+-3
52.899999+-3
52.999999+-3
53.099999+-3
53.199999+-3
53.299999+-3
53.399999+-3
53.499999+-3
53.599999+-3
53.699999+-3
53.799999+-3
53.899999+-3
53.999999+-3
54.099999+-3
54.199999+-3
54.299999+-3
54.399999+-3
54.499999+-3
54.599999+-3
54.699999+-3
54.799999+-3
54.899999+-3
54.999999+-3
55.099999+-3
55.199999+-3
55.299999+-3
55.399999+-3
55.499999+-3
55.599999+-3
55.699999+-3
55.799999+-3
55.899999+-3
55.999999+-3
56.099999+-3
56.199999+-3
56.299999+-3
56.399999+-3
56.499999+-3
56.599999+-3
56.699999+-3
56.799999+-3
56.899999+-3
56.999999+-3
57.099999+-3
57.199999+-3
57.299999+-3
57.399999+-3
57.499999+-3
57.599999+-3
57.699999+-3
57.799999+-3
57.899999+-3
57.999999+-3
-1
43+-2
43.099999+-2
43.199999+-2
43.299999+-2
43.399999+-2
43.499999+-2
43.599999+-2
43.699999+-2
43.799999+-2
43.899999+-2
43.999999+-2
44.099999+-2
44.199999+-2
44.299999+-2
44.399999+-2
44.499999+-2
44.599999+-2
44.699999+-2
44.799999+-2
44.899999+-2
44.999999+-2
45.099999+-2
45.199999+-2
45.299999+-2
45.399999+-2
45.499999+-2
45.599999+-2
45.699999+-2
45.799999+-2
45.899999+-2
45.999999+-2
46.099999+-2
46.199999+-2
46.299999+-2
46.399999+-2
46.499999+-2
46.599999+-2
46.699999+-2
46.799999+-2
46.899999+-2
46.999999+-2
47.099999+-2
47.199999+-2
47.299999+-2
47.399999+-2
47.499999+-2
47.599999+-2
47.699999+-2
47.799999+-2
47.899999+-2
47.999999+-2
48.099999+-2
48.199999+-2
48.299999+-2
48.399999+-2
48.499999+-2
48.599999+-2
48.699999+-2
48.799999+-2
48.899999+-2
48.999999+-2
49.099999+-2
49.199999+-2
49.299999+-2
49.399999+-2
49.499999+-2
49.599999+-2
49.699999+-2
49.799999+-2
49.899999+-2
49.999999+-2
50.099999+-2
50.199999+-2
50.299999+-2
50.399999+-2
50.499999+-2
50.599999+-2
50.699999+-2
50.799999+-2
50.899999+-2
50.999999+-2
51.099999+-2
51.199999+-2
51.299999+-2
51.399999+-2
51.499999+-2
51.599999+-2
51.699999+-2
51.799999+-2
51.899999+-2
51.999999+-2
52.099999+-2
52.199999+-2
52.299999+-2
52.399999+-2
52.499999+-2
52.599999+-2
52.699999+-2
52.799999+-2
52.899999+-2
52.999999+-2
53.099999+-2
53.199999+-2
53.299999+-2
53.399999+-2
53.499999+-2
53.599999+-2
53.699999+-2
53.799999+-2
53.899999+-2
53.999999+-2
54.099999+-2
54.199999+-2
54.299999+-2
54.399999+-2
54.499999+-2
54.599999+-2
54.699999+-2
54.799999+-2
54.899999+-2
54.999999+-2
55.099999+-2
55.199999+-2
55.299999+-2
55.399999+-2
55.499999+-2
55.599999+-2
55.699999+-2
55.799999+-2
55.899999+-2
55.999999+-2
56.099999+-2
56.199999+-2
56.299999+-2
56.399999+-2
56.499999+-2
56.599999+-2
56.699999+-2
56.799999+-2
56.899999+-2
56.999999+-2
57.099999+-2
57.199999+-2
57.299999+-2
57.399999+-2
57.499999+-2
57.599999+-2
57.699999+-2
57.799999+-2
57.899999+-2
57.999999+-2
-1
43+-1
43.099999+-1
43.199999+-1
43.299999+-1
43.399999+-1
43.499999+-1
43.599999+-1
43.699999+-1
43.799999+-1
43.899999+-1
43.999999+-1
44.099999+-1
44.199999+-1
44.299999+-1
44.399999+-1
44.499999+-1
44.599999+-1
44.699999+-1
44.799999+-1
44.899999+-1
44.999999+-1
45.099999+-1
45.199999+-1
45.299999+-1
45.399999+-1
45.499999+-1
45.599999+-1
45.699999+-1
45.799999+-1
45.899999+-1
45.999999+-1
46.099999+-1
46.199999+-1
46.299999+-1
46.399999+-1
46.499999+-1
46.599999+-1
46.699999+-1
46.799999+-1
46.899999+-1
46.999999+-1
47.099999+-1
47.199999+-1
47.299999+-1
47.399999+-1
47.499999+-1
47.599999+-1
47.699999+-1
47.799999+-1
47.899999+-1
47.999999+-1
48.099999+-1
48.199999+-1
48.299999+-1
48.399999+-1
48.499999+-1
48.599999+-1
48.699999+-1
48.799999+-1
48.899999+-1
48.999999+-1
49.099999+-1
49.199999+-1
49.299999+-1
49.399999+-1
49.499999+-1
49.599999+-1
49.699999+-1
49.799999+-1
49.899999+-1
49.999999+-1
50.099999+-1
50.199999+-1
50.299999+-1
50.399999+-1
50.499999+-1
50.599999+-1
50.699999+-1
50.799999+-1
50.899999+-1
50.999999+-1
51.099999+-1
51.199999+-1
51.299999+-1
51.399999+-1
51.499999+-1
51.599999+-1
51.699999+-1
51.799999+-1
51.899999+-1
51.999999+-1
52.099999+-1
52.199999+-1
52.299999+-1
52.399999+-1
52.499999+-1
52.599999+-1
52.699999+-1
52.799999+-1
52.899999+-1
52.999999+-1
53.099999+-1
53.199999+-1
53.299999+-1
53.399999+-1
53.499999+-1
53.599999+-1
53.699999+-1
53.799999+-1
53.899999+-1
53.999999+-1
54.099999+-1
54.199999+-1
54.299999+-1
54.399999+-1
54.499999+-1
54.599999+-1
54.699999+-1
54.799999+-1
54.899999+-1
54.999999+-1
55.099999+-1
55.199999+-1
55.299999+-1
55.399999+-1
55.499999+-1
55.599999+-1
55.699999+-1
55.799999+-1
55.899999+-1
55.999999+-1
56.099999+-1
56.199999+-1
56.299999+-1
56.399999+-1
56.499999+-1
56.599999+-1
56.699999+-1
56.799999+-1
56.899999+-1
56.999999+-1
57.099999+-1
57.199999+-1
57.299999+-1
57.399999+-1
57.499999+-1
57.599999+-1
57.699999+-1
57.799999+-1
57.899999+-1
57.999999+-1
-1
43+0
43.099999+0
43.199999+0
43.299999+0
43.399999+0
43.499999+0
43.599999+0
43.699999+0
43.799999+0
43.899999+0
43.999999+0
44.099999+0
44.199999+0
44.299999+0
44.399999+0
44.499999+0
44.599999+0
44.699999+0
44.799999+0
44.899999+0
44.999999+0
45.099999+0
45.199999+0
45.299999+0
45.399999+0
45.499999+0
45.599999+0
45.699999+0
45.799999+0
45.899999+0
45.999999+0
46.099999+0
46.199999+0
46.299999+0
46.399999+0
46.499999+0
46.599999+0
46.699999+0
46.799999+0
46.899999+0
46.999999+0
47.099999+0
47.199999+0
47.299999+0
47.399999+0
47.499999+0
47.599999+0
47.699999+0
47.799999+0
47.899999+0
47.999999+0
48.099999+0
48.199999+0
48.299999+0
48.399999+0
48.499999+0
48.599999+0
48.699999+0
48.799999+0
48.899999+0
48.999999+0
49.099999+0
49.199999+0
49.299999+0
49.399999+0
49.499999+0
49.599999+0
49.699999+0
49.799999+0
49.899999+0
49.999999+0
50.099999+0
50.199999+0
50.299999+0
50.399999+0
50.499999+0
50.599999+0
50.699999+0
50.799999+0
50.899999+0
50.999999+0
51.099999+0
51.199999+0
51.299999+0
51.399999+0
51.499999+0
51.599999+0
51.699999+0
51.799999+0
51.899999+0
51.999999+0
52.099999+0
52.199999+0
52.299999+0
52.399999+0
52.499999+0
52.599999+0
52.699999+0
52.799999+0
52.899999+0
52.999999+0
53.099999+0
53.199999+0
53.299999+0
53.399999+0
53.499999+0
53.599999+0
53.699999+0
53.799999+0
53.899999+0
53.999999+0
54.099999+0
54.199999+0
54.299999+0
54.399999+0
54.499999+0
54.599999+0
54.699999+0
54.799999+0
54.899999+0
54.999999+0
55.099999+0
55.199999+0
55.299999+0
55.399999+0
55.499999+0
55.599999+0
55.699999+0
55.799999+0
55.899999+0
55.999999+0
56.099999+0
56.199999+0
56.299999+0
56.399999+0
56.499999+0
56.599999+0
56.699999+0
56.799999+0
56.899999+0
56.999999+0
57.099999+0
57.199999+0
57.299999+0
57.399999+0
57.499999+0
57.599999+0
57.699999+0
57.799999+0
57.899999+0
57.999999+0
-1
43+1
43.099999+1
43.199999+1
43.299999+1
43.399999+1
43.499999+1
43.599999+1
43.699999+1
43.799999+1
43.899999+1
43.999999+1
44.099999+1
44.199999+1
44.299999+1
44.399999+1
44.499999+1
44.599999+1
44.699999+1
44.799999+1
44.899999+1
44.999999+1
45.099999+1
45.199999+1
45.299999+1
45.399999+1
45.499999+1
45.599999+1
45.699999+1
45.799999+1
45.899999+1
45.999999+1
46.099999+1
46.199999+1
46.299999+1
46.399999+1
46.499999+1
46.599999+1
46.699999+1
46.799999+1
46.899999+1
46.999999+1
47.099999+1
47.199999+1
47.299999+1
47.399999+1
47.499999+1
47.599999+1
47.699999+1
47.799999+1
47.899999+1
47.999999+1
48.099999+1
48.199999+1
48.299999+1
48.399999+1
48.499999+1
48.599999+1
48.699999+1
48.799999+1
48.899999+1
48.999999+1
49.099999+1
49.199999+1
49.299999+1
49.399999+1
49.499999+1
49.599999+1
49.699999+1
49.799999+1
49.899999+1
49.999999+1
50.099999+1
50.199999+1
50.299999+1
50.399999+1
50.499999+1
50.599999+1
50.699999+1
50.799999+1
50.899999+1
50.999999+1
51.099999+1
51.199999+1
51.299999+1
51.399999+1
51.499999+1
51.599999+1
51.699999+1
51.799999+1
51.899999+1
51.999999+1
52.099999+1
52.199999+1
52.299999+1
52.399999+1
52.499999+1
52.599999+1
52.699999+1
52.799999+1
52.899999+1
52.999999+1
53.099999+1
53.199999+1
53.299999+1
53.399999+1
53.499999+1
53.599999+1
53.699999+1
53.799999+1
53.899999+1
53.999999+1
54.099999+1
54.199999+1
54.299999+1
54.399999+1
54.499999+1
54.599999+1
54.699999+1
54.799999+1
54.899999+1
54.999999+1
55.099999+1
55.199999+1
55.299999+1
55.399999+1
55.499999+1
55.599999+1
55.699999+1
55.799999+1
55.899999+1
55.999999+1
56.099999+1
56.199999+1
56.299999+1
56.399999+1
56.499999+1
56.599999+1
56.699999+1
56.799999+1
56.899999+1
56.999999+1
57.099999+1
57.199999+1
57.299999+1
57.399999+1
57.499999+1
57.599999+1
57.699999+1
57.799999+1
57.899999+1
57.999999+1
-1
43+2
43.099999+2
43.199999+2
43.299999+2
43.399999+2
43.499999+2
43.599999+2
43.699999+2
43.799999+2
43.899999+2
43.999999+2
44.099999+2
44.199999+2
44.299999+2
44.399999+2
44.499999+2
44.599999+2
44.699999+2
44.799999+2
44.899999+2
44.999999+2
45.099999+2
45.199999+2
45.299999+2
45.399999+2
45.499999+2
45.599999+2
45.699999+2
45.799999+2
45.899999+2
45.999999+2
46.099999+2
46.199999+2
46.299999+2
46.399999+2
46.499999+2
46.599999+2
46.699999+2
46.799999+2
46.899999+2
46.999999+2
47.099999+2
47.199999+2
47.299999+2
47.399999+2
47.499999+2
47.599999+2
47.699999+2
47.799999+2
47.899999+2
47.999999+2
48.099999+2
48.199999+2
48.299999+2
48.399999+2
48.499999+2
48.599999+2
48.699999+2
48.799999+2
48.899999+2
48.999999+2
49.099999+2
49.199999+2
49.299999+2
49.399999+2
49.499999+2
49.599999+2
49.699999+2
49.799999+2
49.899999+2
49.999999+2
50.099999+2
50.199999+2
50.299999+2
50.399999+2
50.499999+2
50.599999+2
50.699999+2
50.799999+2
50.899999+2
50.999999+2
51.099999+2
51.199999+2
51.299999+2
51.399999+2
51.499999+2
51.599999+2
51.699999+2
51.799999+2
51.899999+2
51.999999+2
52.099999+2
52.199999+2
52.299999+2
52.399999+2
52.499999+2
52.599999+2
52.699999+2
52.799999+2
52.899999+2
52.999999+2
53.099999+2
53.199999+2
53.299999+2
53.399999+2
53.499999+2
53.599999+2
53.699999+2
53.799999+2
53.899999+2
53.999999+2
54.099999+2
54.199999+2
54.299999+2
54.399999+2
54.499999+2
54.599999+2
54.699999+2
54.799999+2
54.899999+2
54.999999+2
55.099999+2
55.199999+2
55.299999+2
55.399999+2
55.499999+2
55.599999+2
55.699999+2
55.799999+2
55.899999+2
55.999999+2
56.099999+2
56.199999+2
56.299999+2
56.399999+2
56.499999+2
56.599999+2
56.699999+2
56.799999+2
56.899999+2
56.999999+2
57.099999+2
57.199999+2
57.299999+2
57.399999+2
57.499999+2
57.599999+2
57.699999+2
57.799999+2
57.899999+2
57.999999+2
-1
43+3
43.099999+3
43.199999+3
43.299999+3
43.399999+3
43.499999+3
43.599999+3
43.699999+3
43.799999+3
43.899999+3
43.999999+3
44.099999+3
44.199999+3
44.299999+3
44.399999+3
44.499999+3
44.599999+3
44.699999+3
44.799999+3
44.899999+3
44.999999+3
45.099999+3
45.199999+3
45.299999+3
45.399999+3
45.499999+3
45.599999+3
45.699999+3
45.799999+3
45.899999+3
45.999999+3
46.099999+3
46.199999+3
46.299999+3
46.399999+3
46.499999+3
46.599999+3
46.699999+3
46.799999+3
46.899999+3
46.999999+3
47.099999+3
47.199999+3
47.299999+3
47.399999+3
47.499999+3
47.599999+3
47.699999+3
47.799999+3
47.899999+3
47.999999+3
48.099999+3
48.199999+3
48.299999+3
48.399999+3
48.499999+3
48.599999+3
48.699999+3
48.799999+3
48.899999+3
48.999999+3
49.099999+3
49.199999+3
49.299999+3
49.399999+3
49.499999+3
49.599999+3
49.699999+3
49.799999+3
49.899999+3
49.999999+3
50.099999+3
50.199999+3
50.299999+3
50.399999+3
50.499999+3
50.599999+3
50.699999+3
50.799999+3
50.899999+3
50.999999+3
51.099999+3
51.199999+3
51.299999+3
51.399999+3
51.499999+3
51.599999+3
51.699999+3
51.799999+3
51.899999+3
51.999999+3
52.099999+3
52.199999+3
52.299999+3
52.399999+3
52.499999+3
52.599999+3
52.699999+3
52.799999+3
52.899999+3
52.999999+3
53.099999+3
53.199999+3
53.299999+3
53.399999+3
53.499999+3
53.599999+3
53.699999+3
53.799999+3
53.899999+3
53.999999+3
54.099999+3
54.199999+3
54.299999+3
54.399999+3
54.499999+3
54.599999+3
54.699999+3
54.799999+3
54.899999+3
54.999999+3
55.099999+3
55.199999+3
55.299999+3
55.399999+3
55.499999+3
55.599999+3
55.699999+3
55.799999+3
55.899999+3
55.999999+3
56.099999+3
56.199999+3
56.299999+3
56.399999+3
56.499999+3
56.599999+3
56.699999+3
56.799999+3
56.899999+3
56.999999+3
57.099999+3
57.199999+3
57.299999+3
57.399999+3
57.499999+3
57.599999+3
57.699999+3
57.799999+3
57.899999+3
57.999999+3
-1
43+4
43.099999+4
43.199999+4
43.299999+4
43.399999+4
43.499999+4
43.599999+4
43.699999+4
43.799999+4
43.899999+4
43.999999+4
44.099999+4
44.199999+4
44.299999+4
44.399999+4
44.499999+4
44.599999+4
44.699999+4
44.799999+4
44.899999+4
44.999999+4
45.099999+4
45.199999+4
45.299999+4
45.399999+4
45.499999+4
45.599999+4
45.699999+4
45.799999+4
45.899999+4
45.999999+4
46.099999+4
46.199999+4
46.299999+4
46.399999+4
46.499999+4
46.599999+4
46.699999+4
46.799999+4
46.899999+4
46.999999+4
47.099999+4
47.199999+4
47.299999+4
47.399999+4
47.499999+4
47.599999+4
47.699999+4
47.799999+4
47.899999+4
47.999999+4
48.099999+4
48.199999+4
48.299999+4
48.399999+4
48.499999+4
48.599999+4
48.699999+4
48.799999+4
48.899999+4
48.999999+4
49.099999+4
49.199999+4
49.299999+4
49.399999+4
49.499999+4
49.599999+4
49.699999+4
49.799999+4
49.899999+4
49.999999+4
50.099999+4
50.199999+4
50.299999+4
50.399999+4
50.499999+4
50.599999+4
50.699999+4
50.799999+4
50.899999+4
50.999999+4
51.099999+4
51.199999+4
51.299999+4
51.399999+4
51.499999+4
51.599999+4
51.699999+4
51.799999+4
51.899999+4
51.999999+4
52.099999+4
52.199999+4
52.299999+4
52.399999+4
52.499999+4
52.599999+4
52.699999+4
52.799999+4
52.899999+4
52.999999+4
53.099999+4
53.199999+4
53.299999+4
53.399999+4
53.499999+4
53.599999+4
53.699999+4
53.799999+4
53.899999+4
53.999999+4
54.099999+4
54.199999+4
54.299999+4
54.399999+4
54.499999+4
54.599999+4
54.699999+4
54.799999+4
54.899999+4
54.999999+4
55.099999+4
55.199999+4
55.299999+4
55.399999+4
55.499999+4
55.599999+4
55.699999+4
55.799999+4
55.899999+4
55.999999+4
56.099999+4
56.199999+4
56.299999+4
56.399999+4
56.499999+4
56.599999+4
56.699999+4
56.799999+4
56.899999+4
56.999999+4
57.099999+4
57.199999+4
57.299999+4
57.399999+4
57.499999+4
57.599999+4
57.699999+4
57.799999+4
57.899999+4
57.999999+4
-1
43+5
43.099999+5
43.199999+5
43.299999+5
43.399999+5
43.499999+5
43.599999+5
43.699999+5
43.799999+5
43.899999+5
43.999999+5
44.099999+5
44.199999+5
44.299999+5
44.399999+5
44.499999+5
44.599999+5
44.699999+5
44.799999+5
44.899999+5
44.999999+5
45.099999+5
45.199999+5
45.299999+5
45.399999+5
45.499999+5
45.599999+5
45.699999+5
45.799999+5
45.899999+5
45.999999+5
46.099999+5
46.199999+5
46.299999+5
46.399999+5
46.499999+5
46.599999+5
46.699999+5
46.799999+5
46.899999+5
46.999999+5
47.099999+5
47.199999+5
47.299999+5
47.399999+5
47.499999+5
47.599999+5
47.699999+5
47.799999+5
47.899999+5
47.999999+5
48.099999+5
48.199999+5
48.299999+5
48.399999+5
48.499999+5
48.599999+5
48.699999+5
48.799999+5
48.899999+5
48.999999+5
49.099999+5
49.199999+5
49.299999+5
49.399999+5
49.499999+5
49.599999+5
49.699999+5
49.799999+5
49.899999+5
49.999999+5
50.099999+5
50.199999+5
50.299999+5
50.399999+5
50.499999+5
50.599999+5
50.699999+5
50.799999+5
50.899999+5
50.999999+5
51.099999+5
51.199999+5
51.299999+5
51.399999+5
51.499999+5
51.599999+5
51.699999+5
51.799999+5
51.899999+5
51.999999+5
52.099999+5
52.199999+5
52.299999+5
52.399999+5
52.499999+5
52.599999+5
52.699999+5
52.799999+5
52.899999+5
52.999999+5
53.099999+5
53.199999+5
53.299999+5
53.399999+5
53.499999+5
53.599999+5
53.699999+5
53.799999+5
53.899999+5
53.999999+5
54.099999+5
54.199999+5
54.299999+5
54.399999+5
54.499999+5
54.599999+5
54.699999+5
54.799999+5
54.899999+5
54.999999+5
55.099999+5
55.199999+5
55.299999+5
55.399999+5
55.499999+5
55.599999+5
55.699999+5
55.799999+5
55.899999+5
55.999999+5
56.099999+5
56.199999+5
56.299999+5
56.399999+5
56.499999+5
56.599999+5
56.699999+5
56.799999+5
56.899999+5
56.999999+5
57.099999+5
57.199999+5
57.299999+5
57.399999+5
57.499999+5
57.599999+5
57.699999+5
57.799999+5
57.899999+5
57.999999+5
-1
43+6
43.099999+6
43.199999+6
43.299999+6
43.399999+6
43.499999+6
43.599999+6
43.699999+6
43.799999+6
43.899999+6
43.999999+6
44.099999+6
44.199999+6
44.299999+6
44.399999+6
44.499999+6
44.599999+6
44.699999+6
44.799999+6
44.899999+6
44.999999+6
45.099999+6
45.199999+6
45.299999+6
45.399999+6
45.499999+6
45.599999+6
45.699999+6
45.799999+6
45.899999+6
45.999999+6
46.099999+6
46.199999+6
46.299999+6
46.399999+6
46.499999+6
46.599999+6
46.699999+6
46.799999+6
46.899999+6
46.999999+6
47.099999+6
47.199999+6
47.299999+6
47.399999+6
47.499999+6
47.599999+6
47.699999+6
47.799999+6
47.899999+6
47.999999+6
48.099999+6
48.199999+6
48.299999+6
48.399999+6
48.499999+6
48.599999+6
48.699999+6
48.799999+6
48.899999+6
48.999999+6
49.099999+6
49.199999+6
49.299999+6
49.399999+6
49.499999+6
49.599999+6
49.699999+6
49.799999+6
49.899999+6
49.999999+6
50.099999+6
50.199999+6
50.299999+6
50.399999+6
50.499999+6
50.599999+6
50.699999+6
50.799999+6
50.899999+6
50.999999+6
51.099999+6
51.199999+6
51.299999+6
51.399999+6
51.499999+6
51.599999+6
51.699999+6
51.799999+6
51.899999+6
51.999999+6
52.099999+6
52.199999+6
52.299999+6
52.399999+6
52.499999+6
52.599999+6
52.699999+6
52.799999+6
52.899999+6
52.999999+6
53.099999+6
53.199999+6
53.299999+6
53.399999+6
53.499999+6
53.599999+6
53.699999+6
53.799999+6
53.899999+6
53.999999+6
54.099999+6
54.199999+6
54.299999+6
54.399999+6
54.499999+6
54.599999+6
54.699999+6
54.799999+6
54.899999+6
54.999999+6
55.099999+6
55.199999+6
55.299999+6
55.399999+6
55.499999+6
55.599999+6
55.699999+6
55.799999+6
55.899999+6
55.999999+6
56.099999+6
56.199999+6
56.299999+6
56.399999+6
56.499999+6
56.599999+6
56.699999+6
56.799999+6
56.899999+6
56.999999+6
57.099999+6
57.199999+6
57.299999+6
57.399999+6
57.499999+6
57.599999+6
57.699999+6
57.799999+6
57.899999+6
57.999999+6
-1
43+7
43.099999+7
43.199999+7
43.299999+7
43.399999+7
43.499999+7
43.599999+7
43.699999+7
43.799999+7
43.899999+7
43.999999+7
44.099999+7
44.199999+7
44.299999+7
44.399999+7
44.499999+7
44.599999+7
44.699999+7
44.799999+7
44.899999+7
44.999999+7
45.099999+7
45.199999+7
45.299999+7
45.399999+7
45.499999+7
45.599999+7
45.699999+7
45.799999+7
45.899999+7
45.999999+7
46.099999+7
46.199999+7
46.299999+7
46.399999+7
46.499999+7
46.599999+7
46.699999+7
46.799999+7
46.899999+7
46.999999+7
47.099999+7
47.199999+7
47.299999+7
47.399999+7
47.499999+7
47.599999+7
47.699999+7
47.799999+7
47.899999+7
47.999999+7
48.099999+7
48.199999+7
48.299999+7
48.399999+7
48.499999+7
48.599999+7
48.699999+7
48.799999+7
48.899999+7
48.999999+7
49.099999+7
49.199999+7
49.299999+7
49.399999+7
49.499999+7
49.599999+7
49.699999+7
49.799999+7
49.899999+7
49.999999+7
50.099999+7
50.199999+7
50.299999+7
50.399999+7
50.499999+7
50.599999+7
50.699999+7
50.799999+7
50.899999+7
50.999999+7
51.099999+7
51.199999+7
51.299999+7
51.399999+7
51.499999+7
51.599999+7
51.699999+7
51.799999+7
51.899999+7
51.999999+7
52.099999+7
52.199999+7
52.299999+7
52.399999+7
52.499999+7
52.599999+7
52.699999+7
52.799999+7
52.899999+7
52.999999+7
53.099999+7
53.199999+7
53.299999+7
53.399999+7
53.499999+7
53.599999+7
53.699999+7
53.799999+7
53.899999+7
53.999999+7
54.099999+7
54.199999+7
54.299999+7
54.399999+7
54.499999+7
54.599999+7
54.699999+7
54.799999+7
54.899999+7
54.999999+7
55.099999+7
55.199999+7
55.299999+7
55.399999+7
55.499999+7
55.599999+7
55.699999+7
55.799999+7
55.899999+7
55.999999+7
56.099999+7
56.199999+7
56.299999+7
56.399999+7
56.499999+7
56.599999+7
56.699999+7
56.799999+7
56.899999+7
56.999999+7
57.099999+7
57.199999+7
57.299999+7
57.399999+7
57.499999+7
57.599999+7
57.699999+7
57.799999+7
57.899999+7
57.999999+7
-1
43+8
43.099999+8
43.199999+8
43.299999+8
43.399999+8
43.499999+8
43.599999+8
43.699999+8
43.799999+8
43.899999+8
43.999999+8
44.099999+8
44.199999+8
44.299999+8
44.399999+8
44.499999+8
44.599999+8
44.699999+8
44.799999+8
44.899999+8
44.999999+8
45.099999+8
45.199999+8
45.299999+8
45.399999+8
45.499999+8
45.599999+8
45.699999+8
45.799999+8
45.899999+8
45.999999+8
46.099999+8
46.199999+8
46.299999+8
46.399999+8
46.499999+8
46.599999+8
46.699999+8
46.799999+8
46.899999+8
46.999999+8
47.099999+8
47.199999+8
47.299999+8
47.399999+8
47.499999+8
47.599999+8
47.699999+8
47.799999+8
47.899999+8
47.999999+8
48.099999+8
48.199999+8
48.299999+8
48.399999+8
48.499999+8
48.599999+8
48.699999+8
48.799999+8
48.899999+8
48.999999+8
49.099999+8
49.199999+8
49.299999+8
49.399999+8
49.499999+8
49.599999+8
49.699999+8
49.799999+8
49.899999+8
49.999999+8
50.099999+8
50.199999+8
50.299999+8
50.399999+8
50.499999+8
50.599999+8
50.699999+8
50.799999+8
50.899999+8
50.999999+8
51.099999+8
51.199999+8
51.299999+8
51.399999+8
51.499999+8
51.599999+8
51.699999+8
51.799999+8
51.899999+8
51.999999+8
52.099999+8
52.199999+8
52.299999+8
52.399999+8
52.499999+8
52.599999+8
52.699999+8
52.799999+8
52.899999+8
52.999999+8
53.099999+8
53.199999+8
53.299999+8
53.399999+8
53.499999+8
53.599999+8
53.699999+8
53.799999+8
53.899999+8
53.999999+8
54.099999+8
54.199999+8
54.299999+8
54.399999+8
54.499999+8
54.599999+8
54.699999+8
54.799999+8
54.899999+8
54.999999+8
55.099999+8
55.199999+8
55.299999+8
55.399999+8
55.499999+8
55.599999+8
55.699999+8
55.799999+8
55.899999+8
55.999999+8
56.099999+8
56.199999+8
56.299999+8
56.399999+8
56.499999+8
56.599999+8
56.699999+8
56.799999+8
56.899999+8
56.999999+8
57.099999+8
57.199999+8
57.299999+8
57.399999+8
57.499999+8
57.599999+8
57.699999+8
57.799999+8
57.899999+8
57.999999+8
-1
43+9
43.099999+9
43.199999+9
43.299999+9
43.399999+9
43.499999+9
43.599999+9
43.699999+9
43.799999+9
43.899999+9
43.999999+9
44.099999+9
44.199999+9
44.299999+9
44.399999+9
44.499999+9
44.599999+9
44.699999+9
44.799999+9
44.899999+9
44.999999+9
45.099999+9
45.199999+9
45.299999+9
45.399999+9
45.499999+9
45.599999+9
45.699999+9
45.799999+9
45.899999+9
45.999999+9
46.099999+9
46.199999+9
46.299999+9
46.399999+9
46.499999+9
46.599999+9
46.699999+9
46.799999+9
46.899999+9
46.999999+9
47.099999+9
47.199999+9
47.299999+9
47.399999+9
47.499999+9
47.599999+9
47.699999+9
47.799999+9
47.899999+9
47.999999+9
48.099999+9
48.199999+9
48.299999+9
48.399999+9
48.499999+9
48.599999+9
48.699999+9
48.799999+9
48.899999+9
48.999999+9
49.099999+9
49.199999+9
49.299999+9
49.399999+9
49.499999+9
49.599999+9
49.699999+9
49.799999+9
49.899999+9
49.999999+9
50.099999+9
50.199999+9
50.299999+9
50.399999+9
50.499999+9
50.599999+9
50.699999+9
50.799999+9
50.899999+9
50.999999+9
51.099999+9
51.199999+9
51.299999+9
51.399999+9
51.499999+9
51.599999+9
51.699999+9
51.799999+9
51.899999+9
51.999999+9
52.099999+9
52.199999+9
52.299999+9
52.399999+9
52.499999+9
52.599999+9
52.699999+9
52.799999+9
52.899999+9
52.999999+9
53.099999+9
53.199999+9
53.299999+9
53.399999+9
53.499999+9
53.599999+9
53.699999+9
53.799999+9
53.899999+9
53.999999+9
54.099999+9
54.199999+9
54.299999+9
54.399999+9
54.499999+9
54.599999+9
54.699999+9
54.799999+9
54.899999+9
54.999999+9
55.099999+9
55.199999+9
55.299999+9
55.399999+9
55.499999+9
55.599999+9
55.699999+9
55.799999+9
55.899999+9
55.999999+9
56.099999+9
56.199999+9
56.299999+9
56.399999+9
56.499999+9
56.599999+9
56.699999+9
56.799999+9
56.899999+9
56.999999+9
57.099999+9
57.199999+9
57.299999+9
57.399999+9
57.499999+9
57.599999+9
57.699999+9
57.799999+9
57.899999+9
57.999999+9
-1
43+10
43.099999+10
43.199999+10
43.299999+10
43.399999+10
43.499999+10
43.599999+10
43.699999+10
43.799999+10
43.899999+10
43.999999+10
44.099999+10
44.199999+10
44.299999+10
44.399999+10
44.499999+10
44.599999+10
44.699999+10
44.799999+10
44.899999+10
44.999999+10
45.099999+10
45.199999+10
45.299999+10
45.399999+10
45.499999+10
45.599999+10
45.699999+10
45.799999+10
45.899999+10
45.999999+10
46.099999+10
46.199999+10
46.299999+10
46.399999+10
46.499999+10
46.599999+10
46.699999+10
46.799999+10
46.899999+10
46.999999+10
47.099999+10
47.199999+10
47.299999+10
47.399999+10
47.499999+10
47.599999+10
47.699999+10
47.799999+10
47.899999+10
47.999999+10
48.099999+10
48.199999+10
48.299999+10
48.399999+10
48.499999+10
48.599999+10
48.699999+10
48.799999+10
48.899999+10
48.999999+10
49.099999+10
49.199999+10
49.299999+10
49.399999+10
49.499999+10
49.599999+10
49.699999+10
49.799999+10
49.899999+10
49.999999+10
50.099999+10
50.199999+10
50.299999+10
50.399999+10
50.499999+10
50.599999+10
50.699999+10
50.799999+10
50.899999+10
50.999999+10
51.099999+10
51.199999+10
51.299999+10
51.399999+10
51.499999+10
51.599999+10
51.699999+10
51.799999+10
51.899999+10
51.999999+10
52.099999+10
52.199999+10
52.299999+10
52.399999+10
52.499999+10
52.599999+10
52.699999+10
52.799999+10
52.899999+10
52.999999+10
53.099999+10
53.199999+10
53.299999+10
53.399999+10
53.499999+10
53.599999+10
53.699999+10
53.799999+10
53.899999+10
53.999999+10
54.099999+10
54.199999+10
54.299999+10
54.399999+10
54.499999+10
54.599999+10
54.699999+10
54.799999+10
54.899999+10
54.999999+10
55.099999+10
55.199999+10
55.299999+10
55.399999+10
55.499999+10
55.599999+10
55.699999+10
55.799999+10
55.899999+10
55.999999+10
56.099999+10
56.199999+10
56.299999+10
56.399999+10
56.499999+10
56.599999+10
56.699999+10
56.799999+10
56.899999+10
56.999999+10
57.099999+10
57.199999+10
57.299999+10
57.399999+10
57.499999+10
57.599999+10
57.699999+10
57.799999+10
57.899999+10
57.999999+10
-1
43+11
43.099999+11
43.199999+11
43.299999+11
43.399999+11
43.499999+11
43.599999+11
43.699999+11
43.799999+11
43.899999+11
43.999999+11
44.099999+11
44.199999+11
44.299999+11
44.399999+11
44.499999+11
44.599999+11
44.699999+11
44.799999+11
44.899999+11
44.999999+11
45.099999+11
45.199999+11
45.299999+11
45.399999+11
45.499999+11
45.599999+11
45.699999+11
45.799999+11
45.899999+11
45.999999+11
46.099999+11
46.199999+11
46.299999+11
46.399999+11
46.499999+11
46.599999+11
46.699999+11
46.799999+11
46.899999+11
46.999999+11
47.099999+11
47.199999+11
47.299999+11
47.399999+11
47.499999+11
47.599999+11
47.699999+11
47.799999+11
47.899999+11
47.999999+11
48.099999+11
48.199999+11
48.299999+11
48.399999+11
48.499999+11
48.599999+11
48.699999+11
48.799999+11
48.899999+11
48.999999+11
49.099999+11
49.199999+11
49.299999+11
49.399999+11
49.499999+11
49.599999+11
49.699999+11
49.799999+11
49.899999+11
49.999999+11
50.099999+11
50.199999+11
50.299999+11
50.399999+11
50.499999+11
50.599999+11
50.699999+11
50.799999+11
50.899999+11
50.999999+11
51.099999+11
51.199999+11
51.299999+11
51.399999+11
51.499999+11
51.599999+11
51.699999+11
51.799999+11
51.899999+11
51.999999+11
52.099999+11
52.199999+11
52.299999+11
52.399999+11
52.499999+11
52.599999+11
52.699999+11
52.799999+11
52.899999+11
52.999999+11
53.099999+11
53.199999+11
53.299999+11
53.399999+11
53.499999+11
53.599999+11
53.699999+11
53.799999+11
53.899999+11
53.999999+11
54.099999+11
54.199999+11
54.299999+11
54.399999+11
54.499999+11
54.599999+11
54.699999+11
54.799999+11
54.899999+11
54.999999+11
55.099999+11
55.199999+11
55.299999+11
55.399999+11
55.499999+11
55.599999+11
55.699999+11
55.799999+11
55.899999+11
55.999999+11
56.099999+11
56.199999+11
56.299999+11
56.399999+11
56.499999+11
56.599999+11
56.699999+11
56.799999+11
56.899999+11
56.999999+11
57.099999+11
57.199999+11
57.299999+11
57.399999+11
57.499999+11
57.599999+11
57.699999+11
57.799999+11
57.899999+11
57.999999+11
-1
43+12
43.099999+12
43.199999+12
43.299999+12
43.399999+12
43.499999+12
43.599999+12
43.699999+12
43.799999+12
43.899999+12
43.999999+12
44.099999+12
44.199999+12
44.299999+12
44.399999+12
44.499999+12
44.599999+12
44.699999+12
44.799999+12
44.899999+12
44.999999+12
45.099999+12
45.199999+12
45.299999+12
45.399999+12
45.499999+12
45.599999+12
45.699999+12
45.799999+12
45.899999+12
45.999999+12
46.099999+12
46.199999+12
46.299999+12
46.399999+12
46.499999+12
46.599999+12
46.699999+12
46.799999+12
46.899999+12
46.999999+12
47.099999+12
47.199999+12
47.299999+12
47.399999+12
47.499999+12
47.599999+12
47.699999+12
47.799999+12
47.899999+12
47.999999+12
48.099999+12
48.199999+12
48.299999+12
48.399999+12
48.499999+12
48.599999+12
48.699999+12
48.799999+12
48.899999+12
48.999999+12
49.099999+12
49.199999+12
49.299999+12
49.399999+12
49.499999+12
49.599999+12
49.699999+12
49.799999+12
49.899999+12
49.999999+12
50.099999+12
50.199999+12
50.299999+12
50.399999+12
50.499999+12
50.599999+12
50.699999+12
50.799999+12
50.899999+12
50.999999+12
51.099999+12
51.199999+12
51.299999+12
51.399999+12
51.499999+12
51.599999+12
51.699999+12
51.799999+12
51.899999+12
51.999999+12
52.099999+12
52.199999+12
52.299999+12
52.399999+12
52.499999+12
52.599999+12
52.699999+12
52.799999+12
52.899999+12
52.999999+12
53.099999+12
53.199999+12
53.299999+12
53.399999+12
53.499999+12
53.599999+12
53.699999+12
53.799999+12
53.899999+12
53.999999+12
54.099999+12
54.199999+12
54.299999+12
54.399999+12
54.499999+12
54.599999+12
54.699999+12
54.799999+12
54.899999+12
54.999999+12
55.099999+12
55.199999+12
55.299999+12
55.399999+12
55.499999+12
55.599999+12
55.699999+12
55.799999+12
55.899999+12
55.999999+12
56.099999+12
56.199999+12
56.299999+12
56.399999+12
56.499999+12
56.599999+12
56.699999+12
56.799999+12
56.899999+12
56.999999+12
57.099999+12
57.199999+12
57.299999+12
57.399999+12
57.499999+12
57.599999+12
57.699999+12
57.799999+12
57.899999+12
57.999999+12
-1
43+13
43.099999+13
43.199999+13
43.299999+13
43.399999+13
43.499999+13
43.599999+13
43.699999+13
43.799999+13
43.899999+13
43.999999+13
44.099999+13
44.199999+13
44.299999+13
44.399999+13
44.499999+13
44.599999+13
44.699999+13
44.799999+13
44.899999+13
44.999999+13
45.099999+13
45.199999+13
45.299999+13
45.399999+13
45.499999+13
45.599999+13
45.699999+13
45.799999+13
45.899999+13
45.999999+13
46.099999+13
46.199999+13
46.299999+13
46.399999+13
46.499999+13
46.599999+13
46.699999+13
46.799999+13
46.899999+13
46.999999+13
47.099999+13
47.199999+13
47.299999+13
47.399999+13
47.499999+13
47.599999+13
47.699999+13
47.799999+13
47.899999+13
47.999999+13
48.099999+13
48.199999+13
48.299999+13
48.399999+13
48.499999+13
48.599999+13
48.699999+13
48.799999+13
48.899999+13
48.999999+13
49.099999+13
49.199999+13
49.299999+13
49.399999+13
49.499999+13
49.599999+13
49.699999+13
49.799999+13
49.899999+13
49.999999+13
50.099999+13
50.199999+13
50.299999+13
50.399999+13
50.499999+13
50.599999+13
50.699999+13
50.799999+13
50.899999+13
50.999999+13
51.099999+13
51.199999+13
51.299999+13
51.399999+13
51.499999+13
51.599999+13
51.699999+13
51.799999+13
51.899999+13
51.999999+13
52.099999+13
52.199999+13
52.299999+13
52.399999+13
52.499999+13
52.599999+13
52.699999+13
52.799999+13
52.899999+13
52.999999+13
53.099999+13
53.199999+13
53.299999+13
53.399999+13
53.499999+13
53.599999+13
53.699999+13
53.799999+13
53.899999+13
53.999999+13
54.099999+13
54.199999+13
54.299999+13
54.399999+13
54.499999+13
54.599999+13
54.699999+13
54.799999+13
54.899999+13
54.999999+13
55.099999+13
55.199999+13
55.299999+13
55.399999+13
55.499999+13
55.599999+13
55.699999+13
55.799999+13
55.899999+13
55.999999+13
56.099999+13
56.199999+13
56.299999+13
56.399999+13
56.499999+13
56.599999+13
56.699999+13
56.799999+13
56.899999+13
56.999999+13
57.099999+13
57.199999+13
57.299999+13
57.399999+13
57.499999+13
57.599999+13
57.699999+13
57.799999+13
57.899999+13
57.999999+13
-1
43+14
43.099999+14
43.199999+14
43.299999+14
43.399999+14
43.499999+14
43.599999+14
43.699999+14
43.799999+14
43.899999+14
43.999999+14
44.099999+14
44.199999+14
44.299999+14
44.399999+14
44.499999+14
44.599999+14
44.699999+14
44.799999+14
44.899999+14
44.999999+14
45.099999+14
45.199999+14
45.299999+14
45.399999+14
45.499999+14
45.599999+14
45.699999+14
45.799999+14
45.899999+14
45.999999+14
46.099999+14
46.199999+14
46.299999+14
46.399999+14
46.499999+14
46.599999+14
46.699999+14
46.799999+14
46.899999+14
46.999999+14
47.099999+14
47.199999+14
47.299999+14
47.399999+14
47.499999+14
47.599999+14
47.699999+14
47.799999+14
47.899999+14
47.999999+14
48.099999+14
48.199999+14
48.299999+14
48.399999+14
48.499999+14
48.599999+14
48.699999+14
48.799999+14
48.899999+14
48.999999+14
49.099999+14
49.199999+14
49.299999+14
49.399999+14
49.499999+14
49.599999+14
49.699999+14
49.799999+14
49.899999+14
49.999999+14
50.099999+14
50.199999+14
50.299999+14
50.399999+14
50.499999+14
50.599999+14
50.699999+14
50.799999+14
50.899999+14
50.999999+14
51.099999+14
51.199999+14
51.299999+14
51.399999+14
51.499999+14
51.599999+14
51.699999+14
51.799999+14
51.899999+14
51.999999+14
52.099999+14
52.199999+14
52.299999+14
52.399999+14
52.499999+14
52.599999+14
52.699999+14
52.799999+14
52.899999+14
52.999999+14
53.099999+14
53.199999+14
53.299999+14
53.399999+14
53.499999+14
53.599999+14
53.699999+14
53.799999+14
53.899999+14
53.999999+14
54.099999+14
54.199999+14
54.299999+14
54.399999+14
54.499999+14
54.599999+14
54.699999+14
54.799999+14
54.899999+14
54.999999+14
55.099999+14
55.199999+14
55.299999+14
55.399999+14
55.499999+14
55.599999+14
55.699999+14
55.799999+14
55.899999+14
55.999999+14
56.099999+14
56.199999+14
56.299999+14
56.399999+14
56.499999+14
56.599999+14
56.699999+14
56.799999+14
56.899999+14
56.999999+14
57.099999+14
57.199999+14
57.299999+14
57.399999+14
57.499999+14
57.599999+14
57.699999+14
57.799999+14
57.899999+14
57.999999+14
-1
43+15
43.099999+15
43.199999+15
43.299999+15
43.399999+15
43.499999+15
43.599999+15
43.699999+15
43.799999+15
43.899999+15
43.999999+15
44.099999+15
44.199999+15
44.299999+15
44.399999+15
44.499999+15
44.599999+15
44.699999+15
44.799999+15
44.899999+15
44.999999+15
45.099999+15
45.199999+15
45.299999+15
45.399999+15
45.499999+15
45.599999+15
45.699999+15
45.799999+15
45.899999+15
45.999999+15
46.099999+15
46.199999+15
46.299999+15
46.399999+15
46.499999+15
46.599999+15
46.699999+15
46.799999+15
46.899999+15
46.999999+15
47.099999+15
47.199999+15
47.299999+15
47.399999+15
47.499999+15
47.599999+15
47.699999+15
47.799999+15
47.899999+15
47.999999+15
48.099999+15
48.199999+15
48.299999+15
48.399999+15
48.499999+15
48.599999+15
48.699999+15
48.799999+15
48.899999+15
48.999999+15
49.099999+15
49.199999+15
49.299999+15
49.399999+15
49.499999+15
49.599999+15
49.699999+15
49.799999+15
49.899999+15
49.999999+15
50.099999+15
50.199999+15
50.299999+15
50.399999+15
50.499999+15
50.599999+15
50.699999+15
50.799999+15
50.899999+15
50.999999+15
51.099999+15
51.199999+15
51.299999+15
51.399999+15
51.499999+15
51.599999+15
51.699999+15
51.799999+15
51.899999+15
51.999999+15
52.099999+15
52.199999+15
52.299999+15
52.399999+15
52.499999+15
52.599999+15
52.699999+15
52.799999+15
52.899999+15
52.999999+15
53.099999+15
53.199999+15
53.299999+15
53.399999+15
53.499999+15
53.599999+15
53.699999+15
53.799999+15
53.899999+15
53.999999+15
54.099999+15
54.199999+15
54.299999+15
54.399999+15
54.499999+15
54.599999+15
54.699999+15
54.799999+15
54.899999+15
54.999999+15
55.099999+15
55.199999+15
55.299999+15
55.399999+15
55.499999+15
55.599999+15
55.699999+15
55.799999+15
55.899999+15
55.999999+15
56.099999+15
56.199999+15
56.299999+15
56.399999+15
56.499999+15
56.599999+15
56.699999+15
56.799999+15
56.899999+15
56.999999+15
57.099999+15
57.199999+15
57.299999+15
57.399999+15
57.499999+15
57.599999+15
57.699999+15
57.799999+15
57.899999+15
57.999999+15
-1
43+16
43.099999+16
43.199999+16
43.299999+16
43.399999+16
43.499999+16
43.599999+16
43.699999+16
43.799999+16
43.899999+16
43.999999+16
44.099999+16
44.199999+16
44.299999+16
44.399999+16
44.499999+16
44.599999+16
44.699999+16
44.799999+16
44.899999+16
44.999999+16
45.099999+16
45.199999+16
45.299999+16
45.399999+16
45.499999+16
45.599999+16
45.699999+16
45.799999+16
45.899999+16
45.999999+16
46.099999+16
46.199999+16
46.299999+16
46.399999+16
46.499999+16
46.599999+16
46.699999+16
46.799999+16
46.899999+16
46.999999+16
47.099999+16
47.199999+16
47.299999+16
47.399999+16
47.499999+16
47.599999+16
47.699999+16
47.799999+16
47.899999+16
47.999999+16
48.099999+16
48.199999+16
48.299999+16
48.399999+16
48.499999+16
48.599999+16
48.699999+16
48.799999+16
48.899999+16
48.999999+16
49.099999+16
49.199999+16
49.299999+16
49.399999+16
49.499999+16
49.599999+16
49.699999+16
49.799999+16
49.899999+16
49.999999+16
50.099999+16
50.199999+16
50.299999+16
50.399999+16
50.499999+16
50.599999+16
50.699999+16
50.799999+16
50.899999+16
50.999999+16
51.099999+16
51.199999+16
51.299999+16
51.399999+16
51.499999+16
51.599999+16
51.699999+16
51.799999+16
51.899999+16
51.999999+16
52.099999+16
52.199999+16
52.299999+16
52.399999+16
52.499999+16
52.599999+16
52.699999+16
52.799999+16
52.899999+16
52.999999+16
53.099999+16
53.199999+16
53.299999+16
53.399999+16
53.499999+16
53.599999+16
53.699999+16
53.799999+16
53.899999+16
53.999999+16
54.099999+16
54.199999+16
54.299999+16
54.399999+16
54.499999+16
54.599999+16
54.699999+16
54.799999+16
54.899999+16
54.999999+16
55.099999+16
55.199999+16
55.299999+16
55.399999+16
55.499999+16
55.599999+16
55.699999+16
55.799999+16
55.899999+16
55.999999+16
56.099999+16
56.199999+16
56.299999+16
56.399999+16
56.499999+16
56.599999+16
56.699999+16
56.799999+16
56.899999+16
56.999999+16
57.099999+16
57.199999+16
57.299999+16
57.399999+16
57.499999+16
57.599999+16
57.699999+16
57.799999+16
57.899999+16
57.999999+16
-1
43+17
43.099999+17
43.199999+17
43.299999+17
43.399999+17
43.499999+17
43.599999+17
43.699999+17
43.799999+17
43.899999+17
43.999999+17
44.099999+17
44.199999+17
44.299999+17
44.399999+17
44.499999+17
44.599999+17
44.699999+17
44.799999+17
44.899999+17
44.999999+17
45.099999+17
45.199999+17
45.299999+17
45.399999+17
45.499999+17
45.599999+17
45.699999+17
45.799999+17
45.899999+17
45.999999+17
46.099999+17
46.199999+17
46.299999+17
46.399999+17
46.499999+17
46.599999+17
46.699999+17
46.799999+17
46.899999+17
46.999999+17
47.099999+17
47.199999+17
47.299999+17
47.399999+17
47.499999+17
47.599999+17
47.699999+17
47.799999+17
47.899999+17
47.999999+17
48.099999+17
48.199999+17
48.299999+17
48.399999+17
48.499999+17
48.599999+17
48.699999+17
48.799999+17
48.899999+17
48.999999+17
49.099999+17
49.199999+17
49.299999+17
49.399999+17
49.499999+17
49.599999+17
49.699999+17
49.799999+17
49.899999+17
49.999999+17
50.099999+17
50.199999+17
50.299999+17
50.399999+17
50.499999+17
50.599999+17
50.699999+17
50.799999+17
50.899999+17
50.999999+17
51.099999+17
51.199999+17
51.299999+17
51.399999+17
51.499999+17
51.599999+17
51.699999+17
51.799999+17
51.899999+17
51.999999+17
52.099999+17
52.199999+17
52.299999+17
52.399999+17
52.499999+17
52.599999+17
52.699999+17
52.799999+17
52.899999+17
52.999999+17
53.099999+17
53.199999+17
53.299999+17
53.399999+17
53.499999+17
53.599999+17
53.699999+17
53.799999+17
53.899999+17
53.999999+17
54.099999+17
54.199999+17
54.299999+17
54.399999+17
54.499999+17
54.599999+17
54.699999+17
54.799999+17
54.899999+17
54.999999+17
55.099999+17
55.199999+17
55.299999+17
55.399999+17
55.499999+17
55.599999+17
55.699999+17
55.799999+17
55.899999+17
55.999999+17
56.099999+17
56.199999+17
56.299999+17
56.399999+17
56.499999+17
56.599999+17
56.699999+17
56.799999+17
56.899999+17
56.999999+17
57.099999+17
57.199999+17
57.299999+17
57.399999+17
57.499999+17
57.599999+17
57.699999+17
57.799999+17
57.899999+17
57.999999+17
-1
