;(c) SBS data autogenerated by JetVision: 20.11.2006 19:49:00
;EBBX - 24 
;EBKT - 24 
$TYPE=20
50.8225+3.2202777
50.861666+3.3366666
-1
50.869444+3.36
50.900833+3.4533333
-1
50.908611+3.4763888
50.94+3.5697222
-1
;EBUL - 25 
;EBZR - 23 
;EBST - 24 
;EBWE - 25 
;EBSL - 24 
;EBLG - 23R
$TYPE=20
50.646111+5.4536111
50.703888+5.5480555
-1
50.715555+5.5669444
50.761944+5.6427777
-1
50.773333+5.6616666
50.819722+5.7372222
-1
;EBLG - 23L
$TYPE=20
50.648055+5.4608333
50.705833+5.5552777
-1
50.7175+5.5741666
50.763888+5.65
-1
50.775277+5.6688888
50.821666+5.7444444
-1
$TYPE=20
50.626388+5.4291666
50.568611+5.3347222
-1
50.556944+5.3158333
50.510555+5.2402777
-1
50.499166+5.2213888
50.452777+5.1455555
-1
;EBBE - 22R
$TYPE=20
50.768611+4.7808333
50.8325+4.8655555
-1
50.845277+4.8825
50.896388+4.9502777
-1
50.909166+4.9672222
50.96+5.035
-1
;EBBE - 22L
;EBOS - 32 
;EBOS - 26 
$TYPE=20
51.203333+2.8972222
51.220555+3.0272222
-1
51.224166+3.0533333
51.238055+3.1575
-1
51.241388+3.1833333
51.255277+3.2875
-1
$TYPE=20
51.196388+2.8527777
51.177777+2.7233333
-1
51.173888+2.6972222
51.158888+2.5936111
-1
51.155277+2.5677777
51.140277+2.4641666
-1
;EBCV - 26 
$TYPE=20
50.577222+3.8444444
50.591666+3.9736111
-1
50.594722+3.9994444
50.606111+4.1027777
-1
50.609166+4.1288888
50.620555+4.2322222
-1
;EBFN - 29 
;EBBL - 23R
$TYPE=20
51.1775+5.4869444
51.23+5.5902777
-1
51.240555+5.6108333
51.2825+5.6936111
-1
51.292777+5.7141666
51.334722+5.7969444
-1
;EBBL - 23L
;EBCI - 25 
$TYPE=20
50.464722+4.4694444
50.497222+4.59
-1
50.503888+4.6141666
50.529722+4.7105555
-1
50.536388+4.7344444
50.5625+4.8308333
-1
;EBBR - 25L
$TYPE=20
50.898888+4.5233333
50.924722+4.6488888
-1
50.929722+4.6741666
50.950277+4.7747222
-1
50.955555+4.7997222
50.976111+4.9002777
-1
;EBBR - 25R
$TYPE=20
50.9125+4.5025
50.945+4.6241666
-1
50.951666+4.6486111
50.9775+4.7458333
-1
50.984166+4.7702777
51.010277+4.8675
-1
;EBBR - 20 
$TYPE=20
50.913055+4.5019444
50.993055+4.5383333
-1
51.009166+4.5455555
51.073333+4.5747222
-1
51.089166+4.5822222
51.153333+4.6111111
-1
$TYPE=20
50.886944+4.4922222
50.806944+4.4558333
-1
50.790833+4.4486111
50.726666+4.4194444
-1
50.710833+4.4122222
50.646666+4.3830555
-1
;EBAW - 29 
$TYPE=20
51.187777+4.4730555
51.156666+4.5963888
-1
51.150277+4.6211111
51.125277+4.7197222
-1
51.119166+4.7441666
51.094166+4.8427777
-1
;EBFS - 26R
$TYPE=20
50.246666+4.6725
50.261111+4.8008333
-1
50.264166+4.8263888
50.275555+4.9291666
-1
50.278611+4.9547222
50.29+5.0575
-1
;EBFS - 26L
;EBSU - 25 
;LFSF - 19 
$TYPE=20
49.083055+6.1355555
49.165+6.1577777
-1
49.181666+6.1619444
49.247222+6.1797222
-1
49.263611+6.1841666
49.329166+6.2019444
-1
;LFPN - 25R
$TYPE=20
48.754444+2.1127777
48.781666+2.2322222
-1
48.786944+2.2561111
48.808611+2.3516666
-1
48.814166+2.3758333
48.835833+2.4713888
-1
;LFPN - 25L
;LFFN - 28 
;LFSH - 21R
;LFSH - 21 
;LFPC - 25 
$TYPE=20
49.258055+2.5341666
49.293333+2.65
-1
49.300277+2.6730555
49.328611+2.7655555
-1
49.335555+2.7888888
49.363611+2.8813888
-1
;LFAC - 24 
$TYPE=20
50.965555+1.9644444
51.004722+2.0813888
-1
51.0125+2.1047222
51.043888+2.1980555
-1
51.051666+2.2213888
51.083055+2.315
-1
;LFGA - 19 
$TYPE=20
48.116666+7.3611111
48.198055+7.3869444
-1
48.214444+7.3922222
48.279722+7.4130555
-1
48.296111+7.4183333
48.361111+7.4388888
-1
;LFOB - 31 
$TYPE=20
49.446111+2.1316666
49.399444+2.2380555
-1
49.390277+2.2591666
49.352777+2.3441666
-1
49.343611+2.3655555
49.306388+2.4505555
-1
;LFOB - 22 
;LFSG - 27 
$TYPE=20
48.326111+6.0880555
48.333333+6.2127777
-1
48.334722+6.2377777
48.340555+6.3377777
-1
48.342222+6.3627777
48.347777+6.4625
-1
;LFOI - 20 
;LFQQ - 26 
$TYPE=20
50.568333+3.1222222
50.586944+3.25
-1
50.590833+3.2755555
50.605833+3.3777777
-1
50.609444+3.4033333
50.624444+3.5058333
-1
;LFQQ - 20 
;LFST - 23 
$TYPE=20
48.545555+7.6405555
48.599166+7.7369444
-1
48.609722+7.7563888
48.652777+7.8333333
-1
48.663333+7.8527777
48.706388+7.9297222
-1
$TYPE=20
48.530833+7.6166666
48.477222+7.5202777
-1
48.466666+7.5011111
48.423611+7.4238888
-1
48.413055+7.4047222
48.37+7.3275
-1
;LFGW - 28 
;LFPB - 25 
$TYPE=20
48.973888+2.4583333
48.968055+2.585
-1
48.966944+2.6102777
48.962222+2.7116666
-1
48.961111+2.7369444
48.956388+2.8383333
-1
$TYPE=20
48.963888+2.4202777
48.933888+2.3016666
-1
48.928055+2.2780555
48.904166+2.1833333
-1
48.898055+2.1594444
48.874166+2.0647222
-1
;LFPB - 27 
$TYPE=20
48.965+2.4455555
48.970833+2.5722222
-1
48.971944+2.5975
48.976666+2.6988888
-1
48.977777+2.7241666
48.9825+2.8255555
-1
;LFPB - 21 
;LFQC - 27 
;LFQP - 24 
$TYPE=20
48.771666+7.2130555
48.815833+7.3202777
-1
48.824722+7.3416666
48.86+7.4275
-1
48.868888+7.4488888
48.904166+7.5347222
-1
;LFAG - 27 
;LFQV - 29 
$TYPE=20
49.786388+4.6372222
49.818888+4.5183333
-1
49.825555+4.4947222
49.851388+4.3997222
-1
49.858055+4.3758333
49.884166+4.2808333
-1
;LFSI - 29 
$TYPE=20
48.631666+4.9144444
48.597777+5.0297222
-1
48.591111+5.0527777
48.563888+5.1447222
-1
48.557222+5.1677777
48.53+5.26
-1
;LFPG - 26R
$TYPE=20
48.998888+2.6102777
49.006111+2.7369444
-1
49.0075+2.7622222
49.013333+2.8633333
-1
49.015+2.8886111
49.020555+2.99
-1
$TYPE=20
48.995+2.5527777
48.987777+2.4263888
-1
48.986388+2.4008333
48.980555+2.2997222
-1
48.978888+2.2744444
48.973333+2.1733333
-1
;LFPG - 27L
$TYPE=20
49.023611+2.5702777
49.030833+2.6969444
-1
49.032222+2.7222222
49.038055+2.8236111
-1
49.039722+2.8488888
49.045277+2.95
-1
$TYPE=20
49.019722+2.5130555
49.0125+2.3863888
-1
49.011111+2.3611111
49.005277+2.26
-1
49.003611+2.2344444
48.998055+2.1333333
-1
;LFPG - 27R
$TYPE=20
49.026666+2.5616666
49.033888+2.6883333
-1
49.035277+2.7136111
49.041111+2.815
-1
49.042777+2.8402777
49.048333+2.9413888
-1
$TYPE=20
49.024166+2.5247222
49.016944+2.3980555
-1
49.015555+2.3727777
49.009722+2.2713888
-1
49.008055+2.2461111
49.0025+2.145
-1
;LFPG - 26L
$TYPE=20
48.995+2.6025
49.002222+2.7288888
-1
49.003611+2.7544444
49.009444+2.8555555
-1
49.011111+2.8808333
49.016666+2.9819444
-1
$TYPE=20
48.9925+2.5655555
48.985277+2.4391666
-1
48.983888+2.4136111
48.978055+2.3125
-1
48.976388+2.2872222
48.970833+2.1861111
-1
;LFQE - 19 
$TYPE=20
49.216388+5.6691666
49.135277+5.6405555
-1
49.118888+5.6347222
49.053888+5.6116666
-1
49.037777+5.6061111
48.972777+5.5830555
-1
;LFQA - 25 
;LFSO - 20 
$TYPE=20
48.593333+5.96
48.672222+6.0011111
-1
48.687777+6.0091666
48.750833+6.0419444
-1
48.766666+6.0502777
48.829722+6.0830555
-1
;LFPV - 27 
$TYPE=20
48.774722+2.2138888
48.7775+2.3402777
-1
48.778333+2.3655555
48.780555+2.4666666
-1
48.781111+2.4919444
48.783333+2.5930555
-1
$TYPE=20
48.773888+2.1891666
48.771111+2.0627777
-1
48.770277+2.0375
48.768055+1.9363888
-1
48.7675+1.9111111
48.765277+1.81
-1
;LFPK - 27L
;LFPK - 27R
;LFPK - 27 
;LFSR - 25 
$TYPE=20
49.314166+4.0658333
49.345277+4.1844444
-1
49.351666+4.2080555
49.376666+4.3027777
-1
49.382777+4.3266666
49.407777+4.4213888
-1
;LFPT - 30 
;LFPT - 23 
$TYPE=20
49.087777+2.0275
49.028888+1.9375
-1
49.016944+1.9194444
48.97+1.8475
-1
48.958055+1.8294444
48.911111+1.7575
-1
;LFQB - 36 
$TYPE=20
48.329444+4.015
48.4125+4.0041666
-1
48.429166+4.0019444
48.495555+3.9930555
-1
48.511944+3.9908333
48.578611+3.9822222
-1
;LFQB - 36L
;LFQB - 23 
;LFSN - 21 
$TYPE=20
48.686388+6.2261111
48.612777+6.1669444
-1
48.598055+6.155
48.539166+6.1075
-1
48.524444+6.0958333
48.465555+6.0483333
-1
;LFQT - 22 
$TYPE=20
50.625+2.6502777
50.691666+2.7294444
-1
50.705+2.7452777
50.758055+2.8083333
-1
50.771388+2.8241666
50.824722+2.8875
-1
;LFQI - 28 
$TYPE=20
50.221111+3.1719444
50.215277+3.3019444
-1
50.214166+3.3277777
50.209444+3.4316666
-1
50.208333+3.4577777
50.203611+3.5616666
-1
;LFAI - 23 
;LFQJ - 23 
;LFPM - 28 
$TYPE=20
48.602222+2.6891666
48.583611+2.8119444
-1
48.579722+2.8363888
48.564722+2.9347222
-1
48.561111+2.9591666
48.546111+3.0575
-1
;LFPM - 19 
;LFOK - 28 
$TYPE=20
48.772777+4.21
48.754166+4.3333333
-1
48.750277+4.3577777
48.735277+4.4563888
-1
48.731666+4.4811111
48.716666+4.5797222
-1
$TYPE=20
48.779444+4.1583333
48.798055+4.035
-1
48.801944+4.0105555
48.816944+3.9119444
-1
48.820555+3.8872222
48.835555+3.7886111
-1
;LFAV - 29 
$TYPE=20
50.328055+3.4497222
50.358055+3.3277777
-1
50.363888+3.3036111
50.387777+3.2061111
-1
50.393888+3.1816666
50.417777+3.0841666
-1
;LFJL - 22 
$TYPE=20
48.990833+6.2622222
49.055555+6.3422222
-1
49.068611+6.3580555
49.120277+6.4219444
-1
49.133333+6.4380555
49.185+6.5019444
-1
;LFAY - 30 
;LFPO - 24 
$TYPE=20
48.735555+2.3605555
48.774722+2.4722222
-1
48.7825+2.4944444
48.813888+2.5836111
-1
48.821666+2.6061111
48.853055+2.6952777
-1
$TYPE=20
48.719722+2.3169444
48.680555+2.2055555
-1
48.672777+2.1830555
48.641388+2.0938888
-1
48.633611+2.0716666
48.602222+1.9825
-1
;LFPO - 26 
$TYPE=20
48.7275+2.4019444
48.750555+2.5233333
-1
48.755+2.5477777
48.773333+2.6447222
-1
48.778055+2.6691666
48.796388+2.7663888
-1
$TYPE=20
48.718888+2.3586111
48.695833+2.2372222
-1
48.691388+2.2127777
48.673055+2.1158333
-1
48.668333+2.0913888
48.65+1.9944444
-1
;LFPO - 20 
$TYPE=20
48.7175+2.3775
48.638333+2.3383333
-1
48.6225+2.3305555
48.558888+2.2994444
-1
48.543055+2.2916666
48.479722+2.2602777
-1
;LFAQ - 27 
;LF52 - 23 
;EDSB - 21 
$TYPE=20
48.790555+8.0913888
48.860555+8.1602777
-1
48.874444+8.1741666
48.930277+8.2291666
-1
48.944444+8.2430555
49.000277+8.2980555
-1
$TYPE=20
48.7675+8.0702777
48.6975+8.0013888
-1
48.683611+7.9877777
48.627777+7.9325
-1
48.613611+7.9188888
48.557777+7.8636111
-1
;EDCO - 29 
;ETEJ - 22 
;ETIH - 27 
;EDLV - 27 
$TYPE=20
51.601944+6.1597222
51.599166+6.2938888
-1
51.598333+6.3205555
51.596111+6.4277777
-1
51.595555+6.4547222
51.593333+6.5619444
-1
;EDFE - 27L
;EDFE - 27 
;EDFV - 24R
;EDFV - 24 
;EDMB - 22 
;ETHR - 27 
;EDLS - 29 
;EDBJ - 26 
;EDBJ - 20 
;EDAQ - 29 
;EDFQ - 29 
;ETSF - 27 
;EDRK - 24 
;EDDF - 25R
$TYPE=20
50.045+8.5869444
50.073611+8.7088888
-1
50.079166+8.7333333
50.101944+8.8308333
-1
50.107777+8.8552777
50.130555+8.9527777
-1
$TYPE=20
50.031388+8.535
50.002777+8.4130555
-1
49.997222+8.3886111
49.974444+8.2911111
-1
49.968611+8.2669444
49.945833+8.1691666
-1
;EDDF - 36 
;EDDF - 25L
$TYPE=20
50.04+8.5866666
50.068611+8.7086111
-1
50.074166+8.7330555
50.096944+8.8305555
-1
50.102777+8.855
50.125555+8.9525
-1
$TYPE=20
50.026388+8.5347222
49.997777+8.4127777
-1
49.992222+8.3883333
49.969444+8.2908333
-1
49.963611+8.2666666
49.940833+8.1691666
-1
;ETID - 28 
;EDKZ - 25 
;ETHS - 27 
;ETHS - 27R
;ETHS - 24 
;EDWB - 34 
;EDWB - 25 
;ETHN - 25 
$TYPE=20
49.393055+9.9647222
49.413333+10.088888
-1
49.417222+10.113888
49.433333+10.213055
-1
49.4375+10.238055
49.453611+10.3375
-1
;EDDP - 26 
$TYPE=20
51.433611+12.2675
51.439444+12.400833
-1
51.440555+12.4275
51.445277+12.534166
-1
51.446388+12.560833
51.451111+12.6675
-1
$TYPE=20
51.430277+12.215833
51.424444+12.0825
-1
51.423333+12.055833
51.418611+11.949166
-1
51.4175+11.9225
51.412777+11.815833
-1
;EDRT - 23 
;EDDW - 27 
$TYPE=20
53.047222+8.8047222
53.05+8.9433333
-1
53.050833+8.9708333
53.053055+9.0816666
-1
53.053611+9.1094444
53.055833+9.2202777
-1
$TYPE=20
53.046388+8.7741666
53.043611+8.6355555
-1
53.042777+8.6080555
53.040555+8.4972222
-1
53.04+8.4694444
53.037777+8.3586111
-1
;EDDW - 23 
;ETHL - 27 
;ETHL - 21 
;EDQD - 24 
;ETSE - 26 
;EDQM - 27 
$TYPE=20
50.288888+11.864444
50.291666+11.994722
-1
50.2925+12.020833
50.294722+12.125277
-1
50.295277+12.151111
50.2975+12.255555
-1
$TYPE=20
50.287777+11.843611
50.285+11.713333
-1
50.284166+11.687222
50.281944+11.583055
-1
50.281388+11.556944
50.279166+11.4525
-1
;ETSL - 21 
;EDLN - 31 
$TYPE=20
51.226944+6.5111111
51.174444+6.6144444
-1
51.163888+6.6352777
51.121944+6.7180555
-1
51.111666+6.7386111
51.069722+6.8213888
-1
$TYPE=20
51.233333+6.4972222
51.285833+6.3938888
-1
51.296388+6.3730555
51.338333+6.2902777
-1
51.348611+6.2697222
51.390555+6.1869444
-1
;EDAC - 22 
$TYPE=20
50.989166+12.516388
51.053055+12.601388
-1
51.065833+12.618611
51.116944+12.686666
-1
51.129722+12.703611
51.180555+12.771666
-1
;ETNG - 27 
$TYPE=20
50.960555+6.0633333
50.956111+6.1955555
-1
50.955277+6.2219444
50.951944+6.3275
-1
50.950833+6.3538888
50.9475+6.4597222
-1
;EDVE - 26L
;EDVE - 26 
$TYPE=20
52.319722+10.566666
52.326944+10.7025
-1
52.328333+10.729722
52.334166+10.838333
-1
52.335833+10.865555
52.341388+10.974166
-1
;ETAR - 27 
$TYPE=20
49.437777+7.6197222
49.442222+7.7477777
-1
49.443055+7.7733333
49.446388+7.8755555
-1
49.4475+7.9013888
49.450833+8.0036111
-1
$TYPE=20
49.435555+7.5808333
49.431111+7.4527777
-1
49.430277+7.4272222
49.426944+7.325
-1
49.425833+7.2991666
49.4225+7.1969444
-1
;ETAR - 26 
$TYPE=20
49.436388+7.6225
49.446666+7.7497222
-1
49.448611+7.775
49.456666+7.8769444
-1
49.458611+7.9022222
49.466944+8.0041666
-1
$TYPE=20
49.431944+7.5788888
49.421666+7.4516666
-1
49.419722+7.4263888
49.411666+7.3244444
-1
49.409722+7.2991666
49.401388+7.1972222
-1
;EDDK - 32L
;EDDK - 32R
$TYPE=20
50.855277+7.1655555
50.793333+7.2538888
-1
50.780833+7.2716666
50.731388+7.3422222
-1
50.719166+7.36
50.669444+7.4305555
-1
$TYPE=20
50.88+7.1277777
50.941944+7.0394444
-1
50.954444+7.0216666
51.003888+6.9511111
-1
51.016111+6.9333333
51.065833+6.8627777
-1
;EDDK - 24 
$TYPE=20
50.869722+7.1552777
50.905+7.275
-1
50.911944+7.2988888
50.940277+7.3947222
-1
50.947222+7.4186111
50.975277+7.5141666
-1
;ETSB - 21 
;EDTL - 21 
$TYPE=20
48.381111+7.8372222
48.453888+7.8980555
-1
48.468611+7.9102777
48.526944+7.9588888
-1
48.541388+7.9711111
48.599722+8.0197222
-1
;EDAM - 26 
;EDLP - 24 
$TYPE=20
51.619444+8.6294444
51.664722+8.7419444
-1
51.673888+8.7644444
51.710277+8.8544444
-1
51.719166+8.8772222
51.755555+8.9672222
-1
$TYPE=20
51.608611+8.6033333
51.563333+8.4908333
-1
51.554166+8.4683333
51.517777+8.3783333
-1
51.508888+8.3558333
51.4725+8.2658333
-1
;ETSN - 27 
;ETIN - 25 
;EDDG - 25 
$TYPE=20
52.137777+7.7
52.165+7.8283333
-1
52.170277+7.8541666
52.191944+7.9566666
-1
52.1975+7.9825
52.219166+8.085
-1
$TYPE=20
52.130833+7.6702777
52.103611+7.5419444
-1
52.098333+7.5161111
52.076666+7.4136111
-1
52.071111+7.3877777
52.049444+7.2852777
-1
;ETHF - 30 
;EDRY - 35L
;EDRY - 35 
;ETOU - 25 
$TYPE=20
50.0525+8.3397222
50.076944+8.4638888
-1
50.081666+8.4886111
50.101111+8.5880555
-1
50.106111+8.6127777
50.125555+8.7119444
-1
;EDLA - 23 
;EDBT - 25 
;EDWI - 34 
;EDWI - 20 
;EDDR - 27R
;EDDR - 27 
$TYPE=20
49.215+7.1236111
49.213611+7.2511111
-1
49.213333+7.2766666
49.212222+7.3786111
-1
49.211666+7.4041666
49.210555+7.5063888
-1
;EDDL - 23R
$TYPE=20
51.298333+6.7797222
51.348611+6.8861111
-1
51.358611+6.9075
51.398611+6.9925
-1
51.408611+7.0138888
51.448888+7.0991666
-1
$TYPE=20
51.283055+6.7494444
51.232777+6.6430555
-1
51.222777+6.6216666
51.182777+6.5366666
-1
51.172777+6.5152777
51.1325+6.4302777
-1
;EDDL - 23L
$TYPE=20
51.295833+6.7861111
51.346111+6.8925
-1
51.356111+6.9138888
51.396111+6.9988888
-1
51.406111+7.0202777
51.446388+7.1052777
-1
$TYPE=20
51.278888+6.7525
51.228611+6.6461111
-1
51.218611+6.6247222
51.178611+6.5397222
-1
51.168611+6.5183333
51.128333+6.4333333
-1
;EDOV - 26R
;EDOV - 26 
;EDVK - 22R
;EDVK - 22 
$TYPE=20
51.4125+9.3833333
51.474444+9.4727777
-1
51.486944+9.4905555
51.536388+9.5622222
-1
51.548611+9.58
51.598333+9.6516666
-1
;EDPA - 27R
;EDPA - 27L
;EDQE - 26R
;EDQE - 26 
;EDKV - 24 
;ETHB - 26 
;EDDM - 26R
$TYPE=20
48.366944+11.821111
48.375555+11.945833
-1
48.3775+11.970833
48.384444+12.070555
-1
48.386111+12.095555
48.393055+12.195277
-1
$TYPE=20
48.361944+11.7675
48.353333+11.642777
-1
48.351388+11.617777
48.344444+11.518055
-1
48.342777+11.493055
48.335833+11.393333
-1
;EDDM - 26L
$TYPE=20
48.344722+11.804722
48.353333+11.929444
-1
48.355277+11.954444
48.362222+12.054166
-1
48.363888+12.079166
48.370833+12.178888
-1
$TYPE=20
48.339722+11.751111
48.331111+11.626388
-1
48.329166+11.601388
48.322222+11.501666
-1
48.320555+11.476944
48.313611+11.376944
-1
;EDDS - 25 
$TYPE=20
48.693888+9.2438888
48.716944+9.3652777
-1
48.721388+9.3894444
48.739722+9.4866666
-1
48.744444+9.5108333
48.762777+9.6080555
-1
$TYPE=20
48.684722+9.2005555
48.661666+9.0791666
-1
48.657222+9.055
48.638888+8.9577777
-1
48.634166+8.9336111
48.615833+8.8366666
-1
;ETNN - 25 
;EDDV - 27L
$TYPE=20
52.454166+9.7111111
52.449722+9.8477777
-1
52.448888+9.875
52.445555+9.9841666
-1
52.444444+10.011666
52.441111+10.120833
-1
$TYPE=20
52.455+9.6766666
52.459444+9.54
-1
52.460277+9.5127777
52.463611+9.4036111
-1
52.464722+9.3761111
52.468055+9.2669444
-1
;EDDV - 27R
$TYPE=20
52.466944+9.7041666
52.461111+9.8405555
-1
52.46+9.8677777
52.455277+9.9769444
-1
52.454166+10.004444
52.449444+10.113611
-1
$TYPE=20
52.4675+9.6480555
52.473333+9.5116666
-1
52.474444+9.4844444
52.479166+9.3752777
-1
52.480277+9.3477777
52.485+9.2386111
-1
;EDDV - 27C
;EDLE - 25 
;EDRZ - 21 
$TYPE=20
49.221111+7.4108333
49.2925+7.4766666
-1
49.306944+7.4897222
49.363888+7.5422222
-1
49.378333+7.5552777
49.435277+7.6080555
-1
$TYPE=20
49.197777+7.3911111
49.126388+7.3255555
-1
49.111944+7.3122222
49.055+7.2597222
-1
49.040555+7.2466666
48.983611+7.1941666
-1
;EDGS - 31 
$TYPE=20
50.703888+8.0908333
50.651388+8.1930555
-1
50.640833+8.2136111
50.598888+8.2952777
-1
50.588611+8.3158333
50.546666+8.3975
-1
;EDGS - 31R
;EDGS - 22 
;EDFZ - 26L
;EDFZ - 26 
;EDDE - 28 
$TYPE=20
50.978055+10.976388
50.965+11.107222
-1
50.9625+11.133333
50.951944+11.237777
-1
50.949444+11.263888
50.938888+11.368611
-1
$TYPE=20
50.980833+10.939444
50.993888+10.808611
-1
50.996388+10.7825
51.006944+10.678055
-1
51.009444+10.651944
51.02+10.547222
-1
;EDHI - 23 
$TYPE=20
53.543333+9.8527777
53.594722+9.9633333
-1
53.605+9.9852777
53.645833+10.073888
-1
53.656111+10.095833
53.697222+10.184444
-1
$TYPE=20
53.528055+9.8222222
53.476666+9.7116666
-1
53.466388+9.6897222
53.425555+9.6013888
-1
53.415277+9.5791666
53.374166+9.4908333
-1
;ETIC - 32 
;ETUO - 27 
;EDFH - 21 
$TYPE=20
49.960277+7.2752777
50.030277+7.3458333
-1
50.044166+7.36
50.1+7.4163888
-1
50.114166+7.4305555
50.17+7.4869444
-1
$TYPE=20
49.931111+7.2477777
49.861111+7.1772222
-1
49.847222+7.1630555
49.791388+7.1066666
-1
49.777222+7.0927777
49.721388+7.0363888
-1
;ETEU - 26 
;EDDH - 33 
$TYPE=20
53.625+10.000555
53.550833+10.064444
-1
53.535833+10.077222
53.476388+10.128055
-1
53.461666+10.140833
53.402222+10.191944
-1
$TYPE=20
53.617777+9.9644444
53.564166+9.8569444
-1
53.553611+9.8352777
53.510555+9.7491666
-1
53.5+9.7277777
53.456944+9.6416666
-1
;ETOR - 23 
;EDOP - 24 
$TYPE=20
53.432777+11.803888
53.466666+11.931666
-1
53.473333+11.957222
53.500555+12.059444
-1
53.507222+12.085
53.534444+12.187222
-1
;ETHC - 26 
;EDLW - 24 
$TYPE=20
51.523611+7.6269444
51.563888+7.7441666
-1
51.572222+7.7675
51.604444+7.8611111
-1
51.6125+7.8847222
51.644722+7.9783333
-1
$TYPE=20
51.514722+7.6019444
51.474444+7.4847222
-1
51.466111+7.4613888
51.433888+7.3677777
-1
51.425833+7.3441666
51.393611+7.2505555
-1
;EDMA - 25R
;EDMA - 25 
$TYPE=20
48.426944+10.94
48.452777+11.059444
-1
48.457777+11.083333
48.478333+11.178888
-1
48.483611+11.202777
48.504166+11.298333
-1
;ETSI - 25R
;ETSI - 25L
$TYPE=20
48.714444+11.555833
48.743055+11.674444
-1
48.748611+11.698333
48.771388+11.793333
-1
48.777222+11.816944
48.8+11.911944
-1
;EDGE - 28 
;ETNJ - 28 
;EDWR - 30 
;EDWR - 31 
;EDWR - 23 
;EDDN - 28 
$TYPE=20
49.496944+11.096111
49.483888+11.222777
-1
49.481388+11.248055
49.470833+11.349444
-1
49.468333+11.375
49.457777+11.476388
-1
$TYPE=20
49.5+11.058888
49.513055+10.932222
-1
49.515555+10.906944
49.526111+10.805555
-1
49.528611+10.78
49.539166+10.678611
-1
;ETNW - 26 
$TYPE=20
52.458611+9.4408333
52.470277+9.5763888
-1
52.4725+9.6033333
52.481944+9.7116666
-1
52.484166+9.7388888
52.493333+9.8472222
-1
;ETNW - 26L
;ETNW - 21 
;EDWE - 25 
;EDTB - 22 
;EDTB - 21L
;ETND - 26 
$TYPE=20
52.586111+8.3502777
52.591944+8.4872222
-1
52.593055+8.5144444
52.597777+8.6238888
-1
52.598888+8.6513888
52.603611+8.7608333
-1
;EDRB - 24 
;ETAD - 23 
$TYPE=20
49.986388+6.7133333
50.045277+6.805
-1
50.057222+6.8233333
50.104166+6.8966666
-1
50.116111+6.915
50.163055+6.9883333
-1
$TYPE=20
49.966388+6.6841666
49.9075+6.5925
-1
49.895555+6.5741666
49.848611+6.5008333
-1
49.836666+6.4825
49.789722+6.4094444
-1
;EDMS - 28 
;ETHM - 26 
;ETOI - 28 
;EDQT - 29 
;ETNT - 26 
;EDFM - 27R
;EDFM - 27 
$TYPE=20
49.4725+8.5208333
49.466666+8.6488888
-1
49.465555+8.6744444
49.460833+8.7766666
-1
49.459722+8.8022222
49.455+8.9047222
-1
;EDUB - 25 
;EDBK - 32L
;EDBK - 32 
;EDVM - 25 
;EDBM - 27 
;ETHE - 27 
;EDWF - 26 
;EDTY - 28R
;EDTY - 28 
$TYPE=20
49.117222+9.7941666
49.104166+9.92
-1
49.101666+9.945
49.091111+10.045555
-1
49.088611+10.070833
49.078055+10.171388
-1
;EDAD - 27 
;EDLI - 29 
;ELLX - 24 
$TYPE=20
49.635555+6.2355555
49.675833+6.3480555
-1
49.684166+6.3705555
49.716388+6.4605555
-1
49.724444+6.4830555
49.756666+6.5730555
-1
$TYPE=20
49.616388+6.1883333
49.576111+6.0758333
-1
49.567777+6.0533333
49.535555+5.9633333
-1
49.5275+5.9408333
49.495277+5.8508333
-1
;EHDR - 26 
;EHDL - 20 
;EHLE - 23 
;EHBK - 21 
$TYPE=20
50.920833+5.7791666
50.990833+5.8511111
-1
51.004722+5.8655555
51.060555+5.9230555
-1
51.074722+5.9375
51.130555+5.9952777
-1
$TYPE=20
50.901666+5.7608333
50.831666+5.6888888
-1
50.817777+5.6744444
50.761944+5.6169444
-1
50.747777+5.6025
50.691944+5.545
-1
;EHGR - 28 
$TYPE=20
51.565277+4.9513888
51.549444+5.0830555
-1
51.546111+5.1091666
51.533611+5.2144444
-1
51.530277+5.2408333
51.5175+5.3461111
-1
;EHGR - 20 
;EHAM - 24 
$TYPE=20
52.287222+4.7344444
52.243055+4.6188888
-1
52.234166+4.5958333
52.198888+4.5033333
-1
52.19+4.4802777
52.154722+4.3877777
-1
;EHAM - 27 
$TYPE=20
52.318333+4.7969444
52.321111+4.9330555
-1
52.321944+4.9605555
52.324166+5.0694444
-1
52.324722+5.0966666
52.326944+5.2055555
-1
;EHAM - 36C
$TYPE=20
52.301666+4.7375
52.218333+4.7327777
-1
52.201666+4.7316666
52.135+4.7280555
-1
52.118333+4.7269444
52.051944+4.7233333
-1
$TYPE=20
52.331388+4.7383333
52.414722+4.7455555
-1
52.431388+4.7469444
52.497777+4.7525
-1
52.514444+4.7541666
52.581111+4.7597222
-1
;EHAM - 36L
$TYPE=20
52.362777+4.71
52.446111+4.7172222
-1
52.462777+4.7186111
52.529166+4.7241666
-1
52.545833+4.7258333
52.6125+4.7313888
-1
;EHAM - 36R
$TYPE=20
52.290833+4.7772222
52.2075+4.77
-1
52.190833+4.7686111
52.124444+4.7630555
-1
52.107777+4.7616666
52.041111+4.7558333
-1
;EHAM - 22 
$TYPE=20
52.313888+4.8030555
52.375833+4.8941666
-1
52.388333+4.9125
52.437777+4.9855555
-1
52.45+5.0036111
52.499722+5.0766666
-1
;EHKD - 22 
$TYPE=20
52.928333+4.7858333
52.996666+4.865
-1
53.010277+4.8811111
53.064722+4.9444444
-1
53.078611+4.9602777
53.133055+5.0236111
-1
;EHVK - 24R
$TYPE=20
51.664444+5.7263888
51.7075+5.8416666
-1
51.715833+5.8644444
51.750277+5.9566666
-1
51.758888+5.9797222
51.793333+6.0719444
-1
$TYPE=20
51.649166+5.69
51.606111+5.575
-1
51.597777+5.5519444
51.563333+5.4597222
-1
51.554722+5.4366666
51.520277+5.3447222
-1
;EHVK - 24L
;EHVB - 34 
;EHVB - 23 
$TYPE=20
52.173055+4.4319444
52.224444+4.5388888
-1
52.234722+4.5605555
52.275555+4.6461111
-1
52.285833+4.6675
52.326944+4.7530555
-1
$TYPE=20
52.159166+4.4041666
52.107777+4.2972222
-1
52.0975+4.2758333
52.056666+4.19
-1
52.046388+4.1686111
52.005277+4.0830555
-1
;EHGG - 23 
$TYPE=20
53.125+6.5902777
53.175277+6.7011111
-1
53.185277+6.7233333
53.225277+6.8122222
-1
53.235277+6.8341666
53.275555+6.9230555
-1
;EHGG - 19 
;EHWO - 25 
$TYPE=20
51.452777+4.3586111
51.48+4.485
-1
51.485277+4.5102777
51.506944+4.6113888
-1
51.5125+4.6366666
51.534166+4.7380555
-1
$TYPE=20
51.445+4.3258333
51.417777+4.1994444
-1
51.4125+4.1741666
51.390833+4.0730555
-1
51.385277+4.0477777
51.363611+3.9466666
-1
;EHLW - 27 
$TYPE=20
53.228611+5.7697222
53.227222+5.9088888
-1
53.226944+5.9366666
53.225833+6.0480555
-1
53.225277+6.0758333
53.224166+6.1872222
-1
$TYPE=20
53.228333+5.7397222
53.229722+5.6005555
-1
53.23+5.5727777
53.231111+5.4613888
-1
53.231666+5.4336111
53.232777+5.3222222
-1
;EHLW - 24 
$TYPE=20
53.231666+5.7683333
53.281944+5.8794444
-1
53.291944+5.9016666
53.331944+5.9908333
-1
53.341944+6.0130555
53.382222+6.1019444
-1
$TYPE=20
53.216388+5.7319444
53.169722+5.6166666
-1
53.160555+5.5936111
53.123055+5.5011111
-1
53.113888+5.4780555
53.076666+5.3858333
-1
;EHRD - 24 
$TYPE=20
51.962777+4.455
52.005833+4.5708333
-1
52.014166+4.5941666
52.048611+4.6869444
-1
52.057222+4.71
52.091666+4.8027777
-1
;EHEH - 22 
$TYPE=20
51.461111+5.3869444
51.528611+5.4655555
-1
51.541944+5.4813888
51.595833+5.5441666
-1
51.609444+5.56
51.663333+5.6227777
-1
$TYPE=20
51.438611+5.3627777
51.371111+5.2841666
-1
51.357777+5.2686111
51.303888+5.2055555
-1
51.290277+5.19
51.236388+5.1269444
-1
;EHTW - 29 
;EHTW - 24 
;EHSB - 27 
$TYPE=20
52.126944+5.2988888
52.124166+5.4344444
-1
52.123333+5.4616666
52.121111+5.5702777
-1
52.120555+5.5972222
52.118333+5.7058333
-1
;EHBD - 21 
